<?xml version="1.0" encoding="utf-8"?><testsuites name="pytest tests"><testsuite name="pytest" errors="0" failures="0" skipped="2" tests="333" time="8.124" timestamp="2026-06-04T16:59:57.483189-06:00" hostname="Mac.gateway.sasktel.net"><testcase classname="app.tests.test_prove_justice_canada_ingestion" name="test_build_report_contains_registry_truth" time="0.164" /><testcase classname="app.tests.test_public_api_boundaries" name="test_public_and_non_public_statuses_are_disjoint" time="0.000" /><testcase classname="app.tests.test_public_api_boundaries" name="test_public_statuses_are_subset_of_review_statuses" time="0.000" /><testcase classname="app.tests.test_public_api_boundaries" name="test_non_public_statuses_are_subset_of_review_statuses" time="0.000" /><testcase classname="app.tests.test_public_api_boundaries" name="test_is_public_event_returns_true_when_visibility_and_valid_status" time="0.000" /><testcase classname="app.tests.test_public_api_boundaries" name="test_is_public_event_returns_false_when_not_visible" time="0.000" /><testcase classname="app.tests.test_public_api_boundaries" name="test_is_public_event_returns_false_for_non_public_statuses" time="0.000" /><testcase classname="app.tests.test_public_api_boundaries" name="test_is_public_event_returns_false_for_none" time="0.000" /><testcase classname="app.tests.test_public_api_boundaries" name="test_is_public_source_returns_true_when_visibility_and_valid_status" time="0.000" /><testcase classname="app.tests.test_public_api_boundaries" name="test_is_public_source_returns_false_when_not_visible" time="0.000" /><testcase classname="app.tests.test_public_api_boundaries" name="test_is_public_source_returns_false_for_non_public_statuses" time="0.000" /><testcase classname="app.tests.test_public_api_boundaries" name="test_is_public_source_returns_false_for_none" time="0.000" /><testcase classname="app.tests.test_public_api_boundaries" name="test_is_public_crime_incident_returns_true_when_public_and_valid_status" time="0.000" /><testcase classname="app.tests.test_public_api_boundaries" name="test_is_public_crime_incident_returns_false_when_not_public" time="0.000" /><testcase classname="app.tests.test_public_api_boundaries" name="test_is_public_crime_incident_returns_false_for_non_public_statuses" time="0.000" /><testcase classname="app.tests.test_public_api_boundaries" name="test_is_public_crime_incident_returns_false_for_none" time="0.000" /><testcase classname="app.tests.test_public_api_boundaries" name="test_mappable_incident_with_safe_precision_and_valid_coords" time="0.000" /><testcase classname="app.tests.test_public_api_boundaries" name="test_mappable_incident_blocked_when_not_public" time="0.000" /><testcase classname="app.tests.test_public_api_boundaries" name="test_mappable_incident_blocked_when_coords_are_none" time="0.000" /><testcase classname="app.tests.test_public_api_boundaries" name="test_mappable_incident_blocked_when_coords_are_zero" time="0.000" /><testcase classname="app.tests.test_public_api_boundaries" name="test_mappable_incident_blocked_for_rooftop_precision" time="0.000" /><testcase classname="app.tests.test_public_api_boundaries" name="test_mappable_incident_blocked_for_exact_precision" time="0.000" /><testcase classname="app.tests.test_public_api_boundaries" name="test_mappable_incident_blocked_for_address_precision" time="0.000" /><testcase classname="app.tests.test_public_api_boundary.TestPublicApiBoundary" name="test_public_api_verified_snapshots_included" time="0.005" /><testcase classname="app.tests.test_public_api_boundary.TestPublicApiBoundary" name="test_public_api_rejected_snapshot_excluded" time="0.000" /><testcase classname="app.tests.test_public_api_boundary.TestPublicApiBoundary" name="test_public_api_quarantined_snapshot_excluded" time="0.000" /><testcase classname="app.tests.test_public_api_boundary.TestPublicApiBoundary" name="test_public_api_pending_snapshot_excluded" time="0.000" /><testcase classname="app.tests.test_public_api_boundary.TestPublicApiBoundary" name="test_public_api_total_count_matches_verified_only" time="0.000" /><testcase classname="app.tests.test_public_api_boundary.TestPublicApiBoundary" name="test_public_api_all_results_have_allowed_review_status" time="0.000" /><testcase classname="app.tests.test_public_api_boundary.TestPublicApiBoundary" name="test_public_api_empty_db_returns_empty" time="0.000" /><testcase classname="app.tests.test_public_api_boundary.TestPublicApiBoundary" name="test_public_api_does_not_leak_rejected_content" time="0.000" /><testcase classname="app.tests.test_public_api_boundary.TestPublicApiBoundary" name="test_public_api_does_not_leak_quarantined_content" time="0.000" /><testcase classname="app.tests.test_public_api_boundary.TestPublicApiBoundary" name="test_public_api_adding_verified_increases_count" time="0.000" /><testcase classname="app.tests.test_public_api_safety" name="test_list_events_excludes_private_events" time="0.135" /><testcase classname="app.tests.test_public_api_safety" name="test_get_event_returns_404_for_private_event" time="0.026" /><testcase classname="app.tests.test_public_api_safety" name="test_get_event_returns_404_for_pending_review_event" time="0.027" /><testcase classname="app.tests.test_public_api_safety" name="test_list_judges_excludes_judges_without_public_events" time="0.028" /><testcase classname="app.tests.test_public_api_safety" name="test_get_judge_returns_404_for_judge_without_public_events" time="0.017" /><testcase classname="app.tests.test_public_api_safety" name="test_list_cases_excludes_cases_without_public_events" time="0.025" /><testcase classname="app.tests.test_public_api_safety" name="test_get_case_returns_404_for_case_without_public_events" time="0.030" /><testcase classname="app.tests.test_public_api_safety" name="test_list_sources_excludes_private_sources" time="0.027" /><testcase classname="app.tests.test_public_api_safety" name="test_get_source_returns_404_for_private_source" time="0.012" /><testcase classname="app.tests.test_public_api_safety" name="test_get_defendant_anonymizes_personal_data" time="0.024" /><testcase classname="app.tests.test_public_api_safety" name="test_get_defendant_returns_404_for_defendant_without_public_events" time="0.101" /><testcase classname="app.tests.test_public_api_safety" name="test_defendant_timeline_excludes_private_events" time="0.040" /><testcase classname="app.tests.test_public_api_safety" name="test_case_timeline_excludes_private_events" time="0.027" /><testcase classname="app.tests.test_public_api_safety" name="test_judge_events_excludes_private_events" time="0.052" /><testcase classname="app.tests.test_public_api_safety" name="test_all_non_public_review_statuses_are_filtered" time="0.034" /><testcase classname="app.tests.test_public_api_safety" name="test_public_endpoints_never_expose_internal_fields" time="0.049" /><testcase classname="app.tests.test_public_graph_api_safety" name="test_public_graph_does_not_expose_hidden_edges" time="0.011" /><testcase classname="app.tests.test_public_graph_api_safety" name="test_public_graph_does_not_expose_rejected_claim_edges" time="0.010" /><testcase classname="app.tests.test_public_graph_api_safety" name="test_public_graph_does_not_expose_contradiction_hidden_edges" time="0.005" /><testcase classname="app.tests.test_public_graph_api_safety" name="test_public_graph_does_not_expose_deprecated_source_edges" time="0.010" /><testcase classname="app.tests.test_public_graph_api_safety" name="test_public_graph_does_not_expose_quarantined_source_edges" time="0.007" /><testcase classname="app.tests.test_public_graph_api_safety" name="test_public_graph_does_not_expose_unreviewed_named_person_allegations" time="0.006" /><testcase classname="app.tests.test_public_graph_api_safety" name="test_public_graph_does_not_expose_media_only_criminal_allegations" time="0.005" /><testcase classname="app.tests.test_public_graph_api_safety" name="test_public_graph_does_not_expose_unsupported_claim_edges" time="0.005" /><testcase classname="app.tests.test_public_graph_api_safety" name="test_public_graph_exposes_approved_safe_edges" time="0.010" /><testcase classname="app.tests.test_public_map_reviewed_only" name="test_map_is_canonical_and_map_v2_is_removed" time="0.000" /><testcase classname="app.tests.test_public_map_reviewed_only" name="test_public_map_backend_requires_reviewed_public_filters" time="0.000" /><testcase classname="app.tests.test_public_map_reviewed_only" name="test_public_map_event_query_requires_public_reviewed_filters" time="0.000" /><testcase classname="app.tests.test_public_map_reviewed_only" name="test_public_map_does_not_use_ai_only_or_memory_only_fields" time="0.000" /><testcase classname="app.tests.test_public_safety_enhanced.TestContentSafety" name="test_check_content_safety_clean_text" time="0.001" /><testcase classname="app.tests.test_public_safety_enhanced.TestContentSafety" name="test_check_content_safety_email" time="0.000" /><testcase classname="app.tests.test_public_safety_enhanced.TestContentSafety" name="test_check_content_safety_phone" time="0.000" /><testcase classname="app.tests.test_public_safety_enhanced.TestContentSafety" name="test_check_content_safety_ssn" time="0.000" /><testcase classname="app.tests.test_public_safety_enhanced.TestContentSafety" name="test_check_content_safety_credit_card" time="0.000" /><testcase classname="app.tests.test_public_safety_enhanced.TestContentSafety" name="test_check_content_safety_address" time="0.000" /><testcase classname="app.tests.test_public_safety_enhanced.TestSanitization" name="test_sanitize_short_text" time="0.000" /><testcase classname="app.tests.test_public_safety_enhanced.TestSanitization" name="test_sanitize_long_text" time="0.000" /><testcase classname="app.tests.test_public_safety_enhanced.TestSanitization" name="test_sanitize_html" time="0.000" /><testcase classname="app.tests.test_public_safety_enhanced.TestSanitization" name="test_sanitize_empty_text" time="0.000" /><testcase classname="app.tests.test_public_safety_enhanced.TestSanitization" name="test_sanitize_with_allowed_tags" time="0.000" /><testcase classname="app.tests.test_public_safety_enhanced.TestDataValidation" name="test_validate_clean_data" time="0.000" /><testcase classname="app.tests.test_public_safety_enhanced.TestDataValidation" name="test_validate_sensitive_key" time="0.000" /><testcase classname="app.tests.test_public_safety_enhanced.TestDataValidation" name="test_validate_missing_id" time="0.001" /><testcase classname="app.tests.test_public_safety_enhanced.TestRateLimiting" name="test_check_rate_limit_allowed" time="0.000" /><testcase classname="app.tests.test_public_safety_enhanced.TestRateLimiting" name="test_check_rate_limit_custom_limit" time="0.000" /><testcase classname="app.tests.test_public_status_and_coverage_endpoints" name="test_sources_coverage_returns_active_source_counts" time="0.060" /><testcase classname="app.tests.test_public_status_and_coverage_endpoints" name="test_ingestion_status_returns_bucketed_window_summary" time="0.109" /><testcase classname="app.tests.test_public_status_contract" name="test_public_visible_statuses_include_safe_and_redacted" time="0.000" /><testcase classname="app.tests.test_public_status_contract" name="test_non_public_statuses_not_marked_visible" time="0.000" /><testcase classname="app.tests.test_public_status_contract" name="test_geo_legal_event_accepts_canonical_public_statuses" time="0.000" /><testcase classname="app.tests.test_public_status_contract" name="test_geo_legal_event_rejects_legacy_published_status" time="0.000" /><testcase classname="app.tests.test_public_visibility_gates" name="test_defendant_nonexistent_returns_404" time="0.045" /><testcase classname="app.tests.test_public_visibility_gates" name="test_defendant_no_public_event_returns_404" time="0.009" /><testcase classname="app.tests.test_public_visibility_gates" name="test_defendant_with_public_event_returns_200" time="0.017" /><testcase classname="app.tests.test_public_visibility_gates" name="test_judge_list_excludes_judges_without_public_events" time="0.012" /><testcase classname="app.tests.test_public_visibility_gates" name="test_judge_no_public_events_returns_404" time="0.013" /><testcase classname="app.tests.test_public_visibility_gates" name="test_judge_with_public_event_returns_200" time="0.009" /><testcase classname="app.tests.test_public_visibility_gates" name="test_judge_list_response_shape" time="0.011" /><testcase classname="app.tests.test_publication_gate.TestMemoryClaimPublicationGate" name="test_approved_claim_passes_gate" time="0.017" /><testcase classname="app.tests.test_publication_gate.TestMemoryClaimPublicationGate" name="test_unapproved_claim_fails_gate" time="0.003" /><testcase classname="app.tests.test_publication_gate.TestMemoryClaimPublicationGate" name="test_claim_without_evidence_fails_gate" time="0.002" /><testcase classname="app.tests.test_publication_gate.TestMemoryClaimPublicationGate" name="test_low_confidence_claim_fails_gate" time="0.003" /><testcase classname="app.tests.test_publication_gate.TestMemoryClaimPublicationGate" name="test_claim_with_contradictions_fails_gate" time="0.006" /><testcase classname="app.tests.test_publication_gate_contradictions.TestPublicationGateContradictions" name="test_blocks_claim_with_open_critical_contradiction" time="0.006" /><testcase classname="app.tests.test_publication_gate_contradictions.TestPublicationGateContradictions" name="test_blocks_claim_with_open_high_contradiction" time="0.008" /><testcase classname="app.tests.test_publication_gate_contradictions.TestPublicationGateContradictions" name="test_allows_claim_with_resolved_contradiction" time="0.004" /><testcase classname="app.tests.test_publication_gate_contradictions.TestPublicationGateContradictions" name="test_allows_claim_with_only_medium_contradiction" time="0.004" /><testcase classname="app.tests.test_publication_gate_contradictions.TestPublicationGateClaimStatus" name="test_blocks_disputed_claim" time="0.005" /><testcase classname="app.tests.test_publication_gate_contradictions.TestPublicationGateClaimStatus" name="test_blocks_superseded_claim" time="0.004" /><testcase classname="app.tests.test_publication_gate_contradictions.TestPublicationGatePrivatePerson" name="test_private_person_allegation_policy_path" time="0.005" /><testcase classname="app.tests.test_publication_gate_contradictions.TestPublicationGateSourceStatus" name="test_blocks_claim_from_deprecated_source" time="0.023" /><testcase classname="app.tests.test_publication_gate_contradictions.TestPublicationGateSourceStatus" name="test_blocks_claim_from_quarantined_source" time="0.292" /><testcase classname="app.tests.test_publication_hard_path" name="test_legal_instrument_requires_hashed_raw_snapshot" time="0.013" /><testcase classname="app.tests.test_publication_hard_path" name="test_crime_incident_evidence_and_precision_gate" time="0.031" /><testcase classname="app.tests.test_publication_hard_path" name="test_event_requires_public_legal_source_anchor" time="0.013" /><testcase classname="app.tests.test_publication_hard_path" name="test_review_item_approval_does_not_publish_legal_instrument" time="0.020" /><testcase classname="app.tests.test_publication_policy" name="test_courtlistener_ingestion_creates_private_pending_records" time="0.053" /><testcase classname="app.tests.test_publication_policy" name="test_bulk_import_does_not_auto_publish" time="0.011" /><testcase classname="app.tests.test_publication_policy" name="test_manual_csv_import_enforces_private" time="0.001" /><testcase classname="app.tests.test_publication_policy" name="test_individual_crime_incident_defaults_private" time="0.009" /><testcase classname="app.tests.test_publication_policy" name="test_aggregate_may_auto_publish_only_under_strict_conditions" time="0.016" /><testcase classname="app.tests.test_publication_policy" name="test_news_context_feeds_always_private" time="0.070" /><testcase classname="app.tests.test_publication_policy" name="test_ai_correctness_cannot_publish" time="0.005" /><testcase classname="app.tests.test_publication_policy" name="test_map_endpoints_exclude_unreviewed_records" time="0.062" /><testcase classname="app.tests.test_publication_policy" name="test_public_serializer_excludes_private_fields" time="0.016" /><testcase classname="app.tests.test_publication_policy" name="test_bulk_import_provenance_does_not_rollback_on_duplicate" time="0.001" /><testcase classname="app.tests.test_publish_rules" name="test_source_tier_auto_publish_safe_sources" time="0.001" /><testcase classname="app.tests.test_publish_rules" name="test_source_tier_hold_sources" time="0.001" /><testcase classname="app.tests.test_publish_rules" name="test_source_tier_unknown_defaults_to_hold" time="0.000" /><testcase classname="app.tests.test_publish_rules" name="test_classify_auto_source_clean_record_returns_auto" time="0.002" /><testcase classname="app.tests.test_publish_rules" name="test_classify_hold_source_clean_record_returns_hold" time="0.001" /><testcase classname="app.tests.test_publish_rules" name="test_classify_gdelt_source_always_hold" time="0.000" /><testcase classname="app.tests.test_publish_rules" name="test_classify_blocks_exact_address_in_notes" time="0.000" /><testcase classname="app.tests.test_publish_rules" name="test_classify_blocks_causal_judge_language" time="0.000" /><testcase classname="app.tests.test_publish_rules" name="test_classify_blocks_social_media_text" time="0.001" /><testcase classname="app.tests.test_publish_rules" name="test_classify_blocks_defendant_name_in_docket_text" time="0.000" /><testcase classname="app.tests.test_publish_rules" name="test_classify_auto_source_bumps_to_hold_with_judge_name" time="0.000" /><testcase classname="app.tests.test_publish_rules" name="test_classify_auto_source_bumps_to_hold_with_exact_precision" time="0.001" /><testcase classname="app.tests.test_publish_rules" name="test_classify_auto_source_bumps_to_hold_with_parties" time="0.000" /><testcase classname="app.tests.test_publish_rules" name="test_review_status_auto" time="0.000" /><testcase classname="app.tests.test_publish_rules" name="test_review_status_hold" time="0.000" /><testcase classname="app.tests.test_publish_rules" name="test_public_visibility_auto" time="0.000" /><testcase classname="app.tests.test_publish_rules" name="test_public_visibility_hold" time="0.000" /><testcase classname="app.tests.test_publish_rules" name="test_public_visibility_block" time="0.000" /><testcase classname="app.tests.test_publish_rules" name="test_is_publishable_valid_record_passes" time="0.000" /><testcase classname="app.tests.test_publish_rules" name="test_is_publishable_missing_source_url_blocked" time="0.000" /><testcase classname="app.tests.test_publish_rules" name="test_is_publishable_empty_source_url_blocked" time="0.000" /><testcase classname="app.tests.test_publish_rules" name="test_is_publishable_invalid_source_tier_blocked" time="0.000" /><testcase classname="app.tests.test_publish_rules" name="test_is_publishable_private_address_precision_blocked" time="0.000" /><testcase classname="app.tests.test_publish_rules" name="test_is_publishable_safe_precision_allowed" time="0.000" /><testcase classname="app.tests.test_publish_rules" name="test_is_publishable_pending_review_blocked" time="0.000" /><testcase classname="app.tests.test_publish_rules" name="test_is_publishable_rejected_status_blocked" time="0.000" /><testcase classname="app.tests.test_publish_rules" name="test_is_publishable_public_visibility_false_blocked" time="0.000" /><testcase classname="app.tests.test_publish_rules" name="test_is_publishable_unresolved_safety_flags_blocked" time="0.000" /><testcase classname="app.tests.test_publish_rules" name="test_is_publishable_resolved_safety_flags_allowed" time="0.000" /><testcase classname="app.tests.test_publish_rules" name="test_is_publishable_unsupported_linkage_blocked" time="0.000" /><testcase classname="app.tests.test_publish_rules" name="test_is_publishable_source_quality_fallback" time="0.000" /><testcase classname="app.tests.test_publish_rules" name="test_is_publishable_is_public_fallback" time="0.000" /><testcase classname="app.tests.test_publish_rules" name="test_check_publication_safety_returns_full_report" time="0.000" /><testcase classname="app.tests.test_publish_rules" name="test_check_publication_safety_reports_blocking_reasons" time="0.000" /><testcase classname="app.tests.test_publish_rules" name="test_resolve_policy_registry_missing_returns_hold" time="0.001" /><testcase classname="app.tests.test_publish_rules" name="test_resolve_policy_inactive_source_returns_hold" time="0.003" /><testcase classname="app.tests.test_publish_rules" name="test_resolve_policy_requires_review_returns_hold" time="0.002" /><testcase classname="app.tests.test_publish_rules" name="test_resolve_policy_auto_publish_disabled_returns_hold" time="0.002" /><testcase classname="app.tests.test_publish_rules" name="test_resolve_policy_all_clear_delegates_to_source_tier" time="0.002" /><testcase classname="app.tests.test_publish_rules" name="test_resolve_policy_real_db_unknown_source_fails_closed" time="0.015" /><testcase classname="app.tests.test_publish_rules" name="test_resolve_policy_third_fallback_finds_row_by_source_name" time="0.003" /><testcase classname="app.tests.test_publish_rules" name="test_resolve_policy_real_db_inactive_returns_hold" time="0.002" /><testcase classname="app.tests.test_python_runtime_time_compat" name="test_no_runtime_datetime_utcnow_calls" time="0.034" /><testcase classname="app.tests.test_rate_limit.TestSimpleRateLimiter" name="test_check_allows_requests_under_limit" time="0.000" /><testcase classname="app.tests.test_rate_limit.TestSimpleRateLimiter" name="test_check_blocks_requests_over_limit" time="0.000" /><testcase classname="app.tests.test_rate_limit.TestSimpleRateLimiter" name="test_different_ips_have_separate_limits" time="0.000" /><testcase classname="app.tests.test_rate_limit.TestSimpleRateLimiter" name="test_old_requests_expire_after_window" time="1.105" /><testcase classname="app.tests.test_rate_limit.TestSimpleRateLimiter" name="test_reset_clears_specific_key" time="0.000" /><testcase classname="app.tests.test_rate_limit.TestSimpleRateLimiter" name="test_reset_clears_all_keys" time="0.000" /><testcase classname="app.tests.test_rate_limit.TestSimpleRateLimiter" name="test_get_rate_limiter_returns_singleton" time="0.000" /><testcase classname="app.tests.test_rate_limit.TestTrustedProxyIP" name="test_untrusted_proxy_ignores_forwarded_for" time="0.001" /><testcase classname="app.tests.test_rate_limit.TestTrustedProxyIP" name="test_trusted_proxy_uses_forwarded_for" time="0.001" /><testcase classname="app.tests.test_rate_limit.TestTrustedProxyIP" name="test_no_trusted_proxies_uses_direct_ip" time="0.000" /><testcase classname="app.tests.test_rbac_role_vocabulary" name="test_permissions_role_sets_use_canonical_roles" time="0.000" /><testcase classname="app.tests.test_rbac_role_vocabulary" name="test_auth_security_runtime_files_do_not_use_stale_role_literals" time="0.007" /><testcase classname="app.tests.test_registry_invariants.TestRegistryInvariants" name="test_yaml_files_exist" time="0.000" /><testcase classname="app.tests.test_registry_invariants.TestRegistryInvariants" name="test_sources_list_is_non_empty" time="0.070" /><testcase classname="app.tests.test_registry_invariants.TestRegistryInvariants" name="test_every_source_has_source_key" time="0.062" /><testcase classname="app.tests.test_registry_invariants.TestRegistryInvariants" name="test_source_keys_are_unique" time="0.216" /><testcase classname="app.tests.test_registry_invariants.TestRegistryInvariants" name="test_all_source_classes_are_in_canonical_set" time="0.063" /><testcase classname="app.tests.test_registry_invariants.TestRegistryInvariants" name="test_every_machine_ingest_has_parser" time="0.125" /><testcase classname="app.tests.test_registry_invariants.TestRegistryInvariants" name="test_every_disabled_stub_has_admin_notes" time="0.053" /><testcase classname="app.tests.test_registry_invariants.TestRegistryInvariants" name="test_no_source_is_enabled_by_default" time="0.059" /><testcase classname="app.tests.test_registry_invariants.TestRegistryInvariants" name="test_portal_reference_cannot_auto_publish" time="0.151" /><testcase classname="app.tests.test_registry_invariants.TestRegistryInvariants" name="test_disabled_stub_cannot_auto_publish" time="0.182" /><testcase classname="app.tests.test_relationship_arc_policy" name="test_disabled_config_returns_empty" time="0.000" /><testcase classname="app.tests.test_relationship_arc_policy" name="test_no_evidence_excluded" time="0.000" /><testcase classname="app.tests.test_relationship_arc_policy" name="test_below_min_evidence_excluded" time="0.000" /><testcase classname="app.tests.test_relationship_arc_policy" name="test_causal_labels_rejected[caused]" time="0.000" /><testcase classname="app.tests.test_relationship_arc_policy" name="test_causal_labels_rejected[bribed]" time="0.000" /><testcase classname="app.tests.test_relationship_arc_policy" name="test_causal_labels_rejected[guilty_verdict]" time="0.000" /><testcase classname="app.tests.test_relationship_arc_policy" name="test_causal_labels_rejected[corruption_link]" time="0.000" /><testcase classname="app.tests.test_relationship_arc_policy" name="test_causal_labels_rejected[conspired_with]" time="0.000" /><testcase classname="app.tests.test_relationship_arc_policy" name="test_causal_labels_rejected[murdered_by]" time="0.001" /><testcase classname="app.tests.test_relationship_arc_policy" name="test_causal_labels_rejected[harassed]" time="0.004" /><testcase classname="app.tests.test_relationship_arc_policy" name="test_causal_labels_rejected[misconduct]" time="0.004" /><testcase classname="app.tests.test_relationship_arc_policy" name="test_causal_labels_rejected[convicted_of]" time="0.001" /><testcase classname="app.tests.test_relationship_arc_policy" name="test_causal_labels_rejected[assaulted_officer]" time="0.001" /><testcase classname="app.tests.test_relationship_arc_policy" name="test_neutral_predicates_pass_when_enabled[presided_over]" time="0.001" /><testcase classname="app.tests.test_relationship_arc_policy" name="test_neutral_predicates_pass_when_enabled[charged_in]" time="0.001" /><testcase classname="app.tests.test_relationship_arc_policy" name="test_neutral_predicates_pass_when_enabled[located_at]" time="0.000" /><testcase classname="app.tests.test_relationship_arc_policy" name="test_neutral_predicates_pass_when_enabled[appealed_to]" time="0.000" /><testcase classname="app.tests.test_relationship_arc_policy" name="test_neutral_predicates_pass_when_enabled[represents]" time="0.000" /><testcase classname="app.tests.test_relationship_arc_policy" name="test_neutral_predicates_pass_when_enabled[linked_to]" time="0.001" /><testcase classname="app.tests.test_relationship_arc_policy" name="test_neutral_predicates_pass_when_enabled[merged_into]" time="0.000" /><testcase classname="app.tests.test_relationship_arc_policy" name="test_neutral_predicates_pass_when_enabled[transferred_to]" time="0.000" /><testcase classname="app.tests.test_relationship_arc_policy" name="test_max_results_cap_enforced" time="0.000" /><testcase classname="app.tests.test_relationship_arc_policy" name="test_disabled_overrides_passing_edges" time="0.001" /><testcase classname="app.tests.test_relationship_arc_policy" name="test_none_evidence_refs_treated_as_zero" time="0.001" /><testcase classname="app.tests.test_relationship_arc_safety" name="test_has_causal_label_matches_remaining_blocklist_patterns[blamed_for]" time="0.000" /><testcase classname="app.tests.test_relationship_arc_safety" name="test_has_causal_label_matches_remaining_blocklist_patterns[abused_power]" time="0.000" /><testcase classname="app.tests.test_relationship_arc_safety" name="test_has_causal_label_matches_remaining_blocklist_patterns[defamed_victim]" time="0.000" /><testcase classname="app.tests.test_relationship_arc_safety" name="test_has_causal_label_matches_remaining_blocklist_patterns[threatened_witness]" time="0.001" /><testcase classname="app.tests.test_relationship_arc_safety" name="test_has_causal_label_matches_remaining_blocklist_patterns[defrauded_clients]" time="0.001" /><testcase classname="app.tests.test_relationship_arc_safety" name="test_has_causal_label_matches_remaining_blocklist_patterns[criminalized_speech]" time="0.000" /><testcase classname="app.tests.test_relationship_arc_safety" name="test_has_causal_label_matches_remaining_blocklist_patterns[condemned_act]" time="0.000" /><testcase classname="app.tests.test_relationship_arc_safety" name="test_has_causal_label_matches_remaining_blocklist_patterns[perpetrated_fraud]" time="0.002" /><testcase classname="app.tests.test_relationship_arc_safety" name="test_has_causal_label_matches_remaining_blocklist_patterns[orchestrated_scheme]" time="0.000" /><testcase classname="app.tests.test_relationship_arc_safety" name="test_has_causal_label_matches_remaining_blocklist_patterns[killed_in_custody]" time="0.002" /><testcase classname="app.tests.test_relationship_arc_safety" name="test_has_causal_label_word_boundary_allows_skill[skill]" time="0.001" /><testcase classname="app.tests.test_relationship_arc_safety" name="test_has_causal_label_word_boundary_allows_skill[skilled_advocate]" time="0.000" /><testcase classname="app.tests.test_relationship_arc_safety" name="test_has_causal_label_word_boundary_allows_skill[unskilled]" time="0.001" /><testcase classname="app.tests.test_relationship_arc_safety" name="test_has_causal_label_returns_false_for_neutral_predicates[presided_over]" time="0.000" /><testcase classname="app.tests.test_relationship_arc_safety" name="test_has_causal_label_returns_false_for_neutral_predicates[charged_in]" time="0.000" /><testcase classname="app.tests.test_relationship_arc_safety" name="test_has_causal_label_returns_false_for_neutral_predicates[appealed_to]" time="0.001" /><testcase classname="app.tests.test_relationship_arc_safety" name="test_has_causal_label_returns_false_for_neutral_predicates[located_at]" time="0.001" /><testcase classname="app.tests.test_relationship_arc_safety" name="test_has_causal_label_returns_false_for_neutral_predicates[represents]" time="0.000" /><testcase classname="app.tests.test_relationship_arc_safety" name="test_has_causal_label_returns_false_for_neutral_predicates[linked_to]" time="0.000" /><testcase classname="app.tests.test_relationship_arc_safety" name="test_empty_edge_list_returns_not_allowed" time="0.000" /><testcase classname="app.tests.test_relationship_arc_safety" name="test_mixed_batch_only_neutral_edges_pass" time="0.000" /><testcase classname="app.tests.test_relationship_arc_safety" name="test_reason_reports_causal_skip_count" time="0.001" /><testcase classname="app.tests.test_relationship_arc_safety" name="test_reason_reports_passed_count_on_success" time="0.000" /><testcase classname="app.tests.test_relationship_arc_safety" name="test_evidence_failure_is_separate_from_causal_skip" time="0.000" /><testcase classname="app.tests.test_relationship_auto_linker" name="test_normalize_docket_strips_spaces_and_dashes" time="0.005" /><testcase classname="app.tests.test_relationship_auto_linker" name="test_normalize_docket_uppercases" time="0.003" /><testcase classname="app.tests.test_relationship_auto_linker" name="test_normalize_docket_handles_inner_spaces" time="0.001" /><testcase classname="app.tests.test_relationship_auto_linker" name="test_normalize_docket_empty_string" time="0.000" /><testcase classname="app.tests.test_relationship_auto_linker" name="test_docket_empty_returns_skip" time="0.000" /><testcase classname="app.tests.test_relationship_auto_linker" name="test_docket_whitespace_returns_skip" time="0.000" /><testcase classname="app.tests.test_relationship_auto_linker" name="test_docket_single_match_links" time="0.014" /><testcase classname="app.tests.test_relationship_auto_linker" name="test_docket_no_match_quarantines" time="0.004" /><testcase classname="app.tests.test_relationship_auto_linker" name="test_docket_ambiguous_match_quarantines" time="0.025" /><testcase classname="app.tests.test_relationship_auto_linker" name="test_cl_id_none_returns_skip" time="0.001" /><testcase classname="app.tests.test_relationship_auto_linker" name="test_cl_id_empty_string_returns_skip" time="0.000" /><testcase classname="app.tests.test_relationship_auto_linker" name="test_cl_id_single_match_links" time="0.003" /><testcase classname="app.tests.test_relationship_auto_linker" name="test_cl_id_no_match_quarantines" time="0.002" /><testcase classname="app.tests.test_relationship_auto_linker" name="test_name_only_always_quarantines" time="0.000" /><testcase classname="app.tests.test_relationship_auto_linker" name="test_name_only_truncates_long_names" time="0.001" /><testcase classname="app.tests.test_relationship_auto_linker" name="test_name_only_empty_name" time="0.000" /><testcase classname="app.tests.test_relationship_auto_linker" name="test_auto_link_threshold_respected" time="0.000" /><testcase classname="app.tests.test_relationship_evidence_policy" name="test_public_review_status_blocked_when_verification_rejected" time="0.021" /><testcase classname="app.tests.test_relationship_evidence_policy" name="test_public_review_status_blocked_when_relationship_disputed" time="0.002" /><testcase classname="app.tests.test_relationship_evidence_policy" name="test_public_review_status_blocked_when_relationship_removed" time="0.001" /><testcase classname="app.tests.test_relationship_evidence_policy" name="test_verified_active_valid_snapshot_and_public_fields_allowed" time="0.001" /><testcase classname="app.tests.test_relationship_evidence_policy" name="test_pending_private_relationship_evidence_is_blocked" time="0.001" /><testcase classname="app.tests.test_release_gate_log_paths_exist" name="test_release_gate_log_paths_exist" time="0.000"><skipped type="pytest.skip" message="release_gate.json not found at /Users/dawsonblock/JUDGE_ATLASX-main/artifacts/proof/current/release_gate.json">/Users/dawsonblock/JUDGE_ATLASX-main/backend/app/tests/test_release_gate_log_paths_exist.py:21: release_gate.json not found at /Users/dawsonblock/JUDGE_ATLASX-main/artifacts/proof/current/release_gate.json</skipped></testcase><testcase classname="app.tests.test_release_gate_log_paths_exist" name="test_release_gate_current_proof_md_exists" time="0.000" /><testcase classname="app.tests.test_release_gate_log_paths_exist" name="test_release_gate_repair_report_md_exists" time="0.000" /><testcase classname="app.tests.test_release_gate_manifest_metadata" name="test_build_proof_manifest_includes_required_metadata" time="0.012" /><testcase classname="app.tests.test_release_gate_manifest_metadata" name="test_build_proof_manifest_includes_supplemental_log_artifacts" time="0.002" /><testcase classname="app.tests.test_release_gate_manifest_metadata" name="test_run_backfills_empty_success_logs" time="0.073" /><testcase classname="app.tests.test_release_gate_release_candidate_schema" name="test_release_candidate_requires_alpha_gate_pass" time="0.003" /><testcase classname="app.tests.test_release_gate_release_candidate_schema" name="test_release_candidate_stays_false_even_when_alpha_gate_passes" time="0.002" /><testcase classname="app.tests.test_release_gate_required_log_index" name="test_write_required_log_index_tracks_required_logs" time="0.004" /><testcase classname="app.tests.test_release_gate_validation_summary_gate" name="test_validation_summary_gate_missing_file" time="0.005" /><testcase classname="app.tests.test_release_gate_validation_summary_gate" name="test_validation_summary_gate_failed_summary_blocks" time="0.004" /><testcase classname="app.tests.test_release_gate_validation_summary_gate" name="test_validation_summary_gate_passed_summary_no_blockers" time="0.002" /><testcase classname="app.tests.test_release_handoff_consistency" name="test_handoff_consistency_passes" time="0.008" /><testcase classname="app.tests.test_release_handoff_consistency" name="test_handoff_consistency_fails_on_sha_mismatch" time="0.002" /><testcase classname="app.tests.test_release_handoff_consistency" name="test_handoff_consistency_fails_on_path_mismatch" time="0.003" /><testcase classname="app.tests.test_release_handoff_consistency" name="test_handoff_consistency_fails_on_missing_claims" time="0.003" /><testcase classname="app.tests.test_release_handoff_consistency" name="test_handoff_consistency_fails_on_status_and_alpha_wording_mismatch" time="0.006" /><testcase classname="app.tests.test_release_proof_consistency" name="test_release_proof_files_consistency" time="0.002"><skipped type="pytest.skip" message="release_gate.json not found at /Users/dawsonblock/JUDGE_ATLASX-main/artifacts/proof/current/release_gate.json">/Users/dawsonblock/JUDGE_ATLASX-main/backend/app/tests/test_release_proof_consistency.py:58: release_gate.json not found at /Users/dawsonblock/JUDGE_ATLASX-main/artifacts/proof/current/release_gate.json</skipped></testcase><testcase classname="app.tests.test_report_stub_adapters" name="test_stub_findings_not_runnable" time="0.160" /><testcase classname="app.tests.test_request_id_middleware" name="test_request_id_generated_when_missing" time="0.070" /><testcase classname="app.tests.test_request_id_middleware" name="test_request_id_echoes_valid_header" time="0.042" /><testcase classname="app.tests.test_request_id_middleware" name="test_request_id_replaces_invalid_header" time="0.015" /><testcase classname="app.tests.test_retry_endpoint.TestRetryEndpoint" name="test_retry_run_not_found" time="0.063" /><testcase classname="app.tests.test_retry_endpoint.TestRetryEndpoint" name="test_retry_run_succeeds" time="0.313" /><testcase classname="app.tests.test_review_decision_audit.TestAdminReviewDecisionAudit" name="test_actor_id_recorded_in_audit_log" time="0.046" /><testcase classname="app.tests.test_review_decision_audit.TestAdminReviewDecisionAudit" name="test_actor_id_not_hardcoded_admin" time="0.024" /><testcase classname="app.tests.test_review_gates" name="test_public_events_filters_by_visibility" time="0.045" /><testcase classname="app.tests.test_review_gates" name="test_public_map_filters_by_visibility" time="0.032" /><testcase classname="app.tests.test_review_gates" name="test_event_detail_requires_public_visibility" time="0.019" /><testcase classname="app.tests.test_review_gates" name="test_public_event_detail_returns_visible" time="0.040" /><testcase classname="app.tests.test_review_gates" name="test_pending_review_not_publicly_visible" time="0.046" /><testcase classname="app.tests.test_review_gates" name="test_review_status_tiers" time="0.000" /><testcase classname="app.tests.test_review_gates" name="test_rejected_records_not_public" time="0.064" /><testcase classname="app.tests.test_review_gates" name="test_blocked_records_not_public" time="0.055" /><testcase classname="app.tests.test_review_gates" name="test_disputed_records_not_public" time="0.066" /><testcase classname="app.tests.test_review_gates" name="test_public_visibility_respects_review_status" time="0.056" /><testcase classname="app.tests.test_review_lifecycle" name="test_pending_review_maps_to_pending_publication_state" time="0.000" /><testcase classname="app.tests.test_review_lifecycle" name="test_rejected_maps_to_rejected_publication_state" time="0.000" /><testcase classname="app.tests.test_review_lifecycle" name="test_verified_public_without_visibility_stays_internal" time="0.000" /><testcase classname="app.tests.test_review_prioritization.TestReviewPriorityThresholds" name="test_official_statute_update_low_risk" time="0.005" /><testcase classname="app.tests.test_review_prioritization.TestReviewPriorityThresholds" name="test_court_decision_extraction_medium_risk" time="0.003" /><testcase classname="app.tests.test_review_prioritization.TestReviewPriorityThresholds" name="test_unresolved_contradiction_high_risk" time="0.003" /><testcase classname="app.tests.test_review_prioritization.TestReviewPriorityThresholds" name="test_criminal_allegation_named_person_critical_risk" time="0.002" /><testcase classname="app.tests.test_review_prioritization.TestReviewPriorityThresholds" name="test_low_confidence_claim_high_risk" time="0.002" /><testcase classname="app.tests.test_review_prioritization.TestReviewRequirements" name="test_critical_requires_review_and_evidence" time="0.000" /><testcase classname="app.tests.test_review_prioritization.TestReviewRequirements" name="test_high_requires_review_and_evidence" time="0.000" /><testcase classname="app.tests.test_review_prioritization.TestReviewRequirements" name="test_medium_requires_review_only" time="0.000" /><testcase classname="app.tests.test_review_prioritization.TestReviewRequirements" name="test_low_allows_auto_approve" time="0.000" /><testcase classname="app.tests.test_review_prioritization.TestAutoApproval" name="test_low_risk_can_auto_approve" time="0.002" /><testcase classname="app.tests.test_review_prioritization.TestAutoApproval" name="test_high_risk_cannot_auto_approve" time="0.003" /><testcase classname="app.tests.test_review_prioritization.TestEntityReviewPriorityTier" name="test_entity_risk_max_of_claims" time="0.007" /><testcase classname="app.tests.test_review_priority.TestReviewPriorityCalculation" name="test_low_confidence_high_risk" time="0.003" /><testcase classname="app.tests.test_review_priority.TestReviewPriorityCalculation" name="test_high_confidence_low_risk" time="0.002" /><testcase classname="app.tests.test_review_priority.TestReviewPriorityCalculation" name="test_contradictions_increase_risk" time="0.004" /><testcase classname="app.tests.test_review_priority.TestReviewPriorityCalculation" name="test_lack_of_evidence_increases_risk" time="0.003" /><testcase classname="app.tests.test_review_priority.TestReviewRequirements" name="test_critical_tier_requirements" time="0.003" /><testcase classname="app.tests.test_review_priority.TestReviewRequirements" name="test_high_tier_requirements" time="0.000" /><testcase classname="app.tests.test_review_priority.TestReviewRequirements" name="test_medium_tier_requirements" time="0.000" /><testcase classname="app.tests.test_review_priority.TestReviewRequirements" name="test_low_tier_requirements" time="0.000" /><testcase classname="app.tests.test_review_priority.TestAutoApproval" name="test_low_risk_can_auto_approve" time="0.007" /><testcase classname="app.tests.test_review_priority.TestAutoApproval" name="test_high_risk_cannot_auto_approve" time="0.004" /><testcase classname="app.tests.test_review_priority.TestEntityReviewPriorityTier" name="test_entity_risk_based_on_claims" time="0.004" /><testcase classname="app.tests.test_review_priority.TestEntityReviewPriorityTier" name="test_entity_risk_max_of_claims" time="0.002" /><testcase classname="app.tests.test_review_priority.TestEntityReviewPriorityTier" name="test_batch_calculate_review_priority_tiers" time="0.004" /><testcase classname="app.tests.test_review_rejected_not_public.TestRejectedEntityNotPublic" name="test_rejected_crime_incident_not_visible" time="0.031" /><testcase classname="app.tests.test_review_rejected_not_public.TestRejectedEntityNotPublic" name="test_rejected_event_not_visible" time="0.019" /><testcase classname="app.tests.test_review_rejected_not_public.TestRejectedEntityNotPublic" name="test_approved_entity_is_visible" time="0.015" /><testcase classname="app.tests.test_reviewer_dashboard_routes" name="test_review_queue_route_exists" time="0.010" /><testcase classname="app.tests.test_reviewer_dashboard_routes" name="test_review_history_route_exists" time="0.008" /><testcase classname="app.tests.test_reviewer_dashboard_routes" name="test_review_decision_route_exists" time="0.019" /><testcase classname="app.tests.test_reviewer_dashboard_routes" name="test_retract_legal_source_route_exists" time="0.016" /><testcase classname="app.tests.test_reviewer_dashboard_routes" name="test_contradictions_list_route_exists" time="0.036" /><testcase classname="app.tests.test_reviewer_dashboard_routes" name="test_contradictions_by_claim_route_exists" time="0.045" /><testcase classname="app.tests.test_reviewer_dashboard_routes" name="test_contradictions_by_entity_route_exists" time="0.025" /><testcase classname="app.tests.test_reviewer_dashboard_routes" name="test_resolve_contradiction_route_exists" time="0.052" /><testcase classname="app.tests.test_reviewer_dashboard_routes" name="test_reviewer_dashboard_routes_have_proper_dependencies" time="0.000" /><testcase classname="app.tests.test_reviewer_dashboard_routes" name="test_review_queue_supports_all_entity_types" time="0.001" /><testcase classname="app.tests.test_reviewer_dashboard_routes" name="test_review_decision_serialization_includes_policy_block_reasons" time="0.016" /><testcase classname="app.tests.test_reviewer_dashboard_routes" name="test_contradiction_resolution_decrements_claim_counts" time="0.021" /></testsuite></testsuites>