<?xml version="1.0" encoding="utf-8"?><testsuites name="pytest tests"><testsuite name="pytest" errors="0" failures="0" skipped="0" tests="531" time="6.892" timestamp="2026-06-04T23:36:03.222523-06:00" hostname="Mac.gateway.sasktel.net"><testcase classname="app.tests.test_import_authority_roles" name="test_import_actor_requires_source_admin_floor" time="0.057" /><testcase classname="app.tests.test_import_authority_roles" name="test_unknown_role_token_is_rejected" time="0.000" /><testcase classname="app.tests.test_import_authority_roles" name="test_malformed_and_expired_tokens_are_rejected" time="0.000" /><testcase classname="app.tests.test_import_authority_roles" name="test_jwt_required_when_mutation_enforcement_is_on" time="0.000" /><testcase classname="app.tests.test_ingestion_identity_uniqueness" name="test_crime_incident_first_insert_returns_true" time="0.013" /><testcase classname="app.tests.test_ingestion_identity_uniqueness" name="test_crime_incident_duplicate_hash_returns_false" time="0.003" /><testcase classname="app.tests.test_ingestion_identity_uniqueness" name="test_crime_incident_different_hash_returns_true" time="0.007" /><testcase classname="app.tests.test_ingestion_identity_uniqueness" name="test_crime_incident_integrity_error_returns_false" time="0.003" /><testcase classname="app.tests.test_ingestion_identity_uniqueness" name="test_crime_incident_non_dedupe_integrity_error_surfaces" time="0.001" /><testcase classname="app.tests.test_ingestion_identity_uniqueness" name="test_review_item_first_insert_returns_true" time="0.012" /><testcase classname="app.tests.test_ingestion_identity_uniqueness" name="test_review_item_duplicate_hash_returns_false" time="0.002" /><testcase classname="app.tests.test_ingestion_identity_uniqueness" name="test_review_item_different_hash_returns_true" time="0.008" /><testcase classname="app.tests.test_ingestion_identity_uniqueness" name="test_review_item_integrity_error_returns_false" time="0.003" /><testcase classname="app.tests.test_ingestion_identity_uniqueness" name="test_review_item_non_dedupe_integrity_error_surfaces" time="0.002" /><testcase classname="app.tests.test_ingestion_pipeline.TestQuarantineRun" name="test_sets_pipeline_stage" time="0.040" /><testcase classname="app.tests.test_ingestion_pipeline.TestQuarantineRun" name="test_sets_quarantine_reason" time="0.043" /><testcase classname="app.tests.test_ingestion_pipeline.TestQuarantineRun" name="test_sets_status_failed" time="0.027" /><testcase classname="app.tests.test_ingestion_pipeline.TestQuarantineRun" name="test_does_not_commit" time="0.091" /><testcase classname="app.tests.test_ingestion_pipeline.TestListQuarantined" name="test_returns_only_quarantined" time="0.051" /><testcase classname="app.tests.test_ingestion_pipeline.TestListQuarantined" name="test_empty_when_none_quarantined" time="0.038" /><testcase classname="app.tests.test_ingestion_pipeline.TestListQuarantined" name="test_multiple_quarantined" time="0.040" /><testcase classname="app.tests.test_ingestion_pipeline.TestListQuarantined" name="test_ordered_most_recent_first" time="0.026" /><testcase classname="app.tests.test_ingestion_pipeline.TestReleaseFromQuarantine" name="test_happy_path_clears_fields" time="0.037" /><testcase classname="app.tests.test_ingestion_pipeline.TestReleaseFromQuarantine" name="test_sets_status_released" time="0.025" /><testcase classname="app.tests.test_ingestion_pipeline.TestReleaseFromQuarantine" name="test_returns_ingestion_run" time="0.039" /><testcase classname="app.tests.test_ingestion_pipeline.TestReleaseFromQuarantine" name="test_not_found_raises_value_error" time="0.034" /><testcase classname="app.tests.test_ingestion_pipeline.TestReleaseFromQuarantine" name="test_not_quarantined_raises_value_error" time="0.025" /><testcase classname="app.tests.test_ingestion_pipeline.TestAdminQuarantineRoutes" name="test_list_quarantined_returns_200" time="0.019" /><testcase classname="app.tests.test_ingestion_pipeline.TestAdminQuarantineRoutes" name="test_list_quarantined_returns_list" time="0.003" /><testcase classname="app.tests.test_ingestion_pipeline.TestAdminQuarantineRoutes" name="test_list_includes_quarantined_run" time="0.008" /><testcase classname="app.tests.test_ingestion_pipeline.TestAdminQuarantineRoutes" name="test_list_requires_auth" time="0.002" /><testcase classname="app.tests.test_ingestion_pipeline.TestAdminQuarantineRoutes" name="test_release_happy_path" time="0.012" /><testcase classname="app.tests.test_ingestion_pipeline.TestAdminQuarantineRoutes" name="test_release_not_found_returns_404" time="0.004" /><testcase classname="app.tests.test_ingestion_pipeline.TestAdminQuarantineRoutes" name="test_release_requires_auth" time="0.005" /><testcase classname="app.tests.test_ingestion_pipeline.TestAdminQuarantineRoutes" name="test_release_non_quarantined_returns_422" time="0.016" /><testcase classname="app.tests.test_ingestion_pipeline.TestRunnerPipelineStages" name="test_stage_complete_on_success" time="0.006" /><testcase classname="app.tests.test_ingestion_pipeline.TestRunnerPipelineStages" name="test_stage_fetch_failure_does_not_reach_complete" time="0.006" /><testcase classname="app.tests.test_ingestion_queue_backend" name="test_get_ingestion_queue_uses_inprocess_backend" time="0.001" /><testcase classname="app.tests.test_ingestion_queue_backend" name="test_get_ingestion_queue_uses_postgres_backend" time="0.000" /><testcase classname="app.tests.test_ingestion_queue_backend" name="test_get_ingestion_queue_rejects_invalid_backend" time="0.000" /><testcase classname="app.tests.test_ingestion_queue_backend" name="test_production_rejects_inprocess_ingestion_queue_backend" time="0.000" /><testcase classname="app.tests.test_ingestion_queue_backend" name="test_non_production_allows_inprocess_ingestion_queue_backend" time="0.000" /><testcase classname="app.tests.test_ingestion_queue_cancel_retry_semantics" name="test_inprocess_cancel_marks_failed_and_removes_pending" time="0.004" /><testcase classname="app.tests.test_ingestion_queue_cancel_retry_semantics" name="test_inprocess_retry_requires_terminal_job" time="0.003" /><testcase classname="app.tests.test_ingestion_queue_cancel_retry_semantics" name="test_inprocess_retry_creates_new_pending_job_from_failed" time="0.002" /><testcase classname="app.tests.test_ingestion_queue_cancel_retry_semantics" name="test_postgres_cancel_marks_failed_and_clears_lease_fields" time="0.058" /><testcase classname="app.tests.test_ingestion_queue_cancel_retry_semantics" name="test_postgres_retry_requires_terminal_state" time="0.007" /><testcase classname="app.tests.test_ingestion_queue_cancel_retry_semantics" name="test_postgres_retry_creates_new_pending_job" time="0.017" /><testcase classname="app.tests.test_ingestion_result_gate.TestIngestionResult" name="test_success_when_no_errors" time="0.000" /><testcase classname="app.tests.test_ingestion_result_gate.TestIngestionResult" name="test_failure_when_errors_present" time="0.000" /><testcase classname="app.tests.test_ingestion_result_gate.TestIngestionResult" name="test_counts_consistent" time="0.000" /><testcase classname="app.tests.test_ingestion_result_gate.TestIngestionResult" name="test_review_item_stored" time="0.000" /><testcase classname="app.tests.test_ingestion_result_gate.TestIngestionResult" name="test_legal_instrument_stored" time="0.000" /><testcase classname="app.tests.test_ingestion_result_gate.TestAdapterRegistry" name="test_all_expected_keys_present" time="0.000" /><testcase classname="app.tests.test_ingestion_result_gate.TestAdapterRegistry" name="test_all_registered_adapters_have_run_method" time="0.000" /><testcase classname="app.tests.test_ingestion_result_gate.TestAdapterRegistry" name="test_all_registered_adapters_have_fetch_method" time="0.000" /><testcase classname="app.tests.test_ingestion_result_gate.TestAdapterRegistry" name="test_all_registered_adapters_have_parse_method" time="0.000" /><testcase classname="app.tests.test_ingestion_result_gate.TestCKANApiAdapterUnit" name="test_fetch_returns_empty_when_no_resource_id" time="0.000" /><testcase classname="app.tests.test_ingestion_result_gate.TestCKANApiAdapterUnit" name="test_parse_empty_rows_returns_empty" time="0.000" /><testcase classname="app.tests.test_ingestion_result_gate.TestCKANApiAdapterUnit" name="test_parse_generates_stable_external_id_when_row_missing_identifier" time="0.000" /><testcase classname="app.tests.test_ingestion_result_gate.TestCKANApiAdapterUnit" name="test_run_creates_review_items_only" time="0.000" /><testcase classname="app.tests.test_ingestion_result_gate.TestCKANApiAdapterUnit" name="test_fetch_pages_results" time="0.000" /><testcase classname="app.tests.test_ingestion_result_gate.TestCKANApiAdapterUnit" name="test_run_preserves_rows_without_explicit_identifier" time="0.000" /><testcase classname="app.tests.test_ingestion_result_gate.TestSaskatoonCsvAdapterUnit" name="test_fetch_blocks_on_domain_violation" time="0.087" /><testcase classname="app.tests.test_ingestion_result_gate.TestSaskatoonCsvAdapterUnit" name="test_parse_empty_rows_returns_empty" time="0.000" /><testcase classname="app.tests.test_ingestion_review_publication_hard_path.TestRecordTypeGate" name="test_official_open_data_allows_crime_incident" time="0.000" /><testcase classname="app.tests.test_ingestion_review_publication_hard_path.TestRecordTypeGate" name="test_official_open_data_allows_review_item" time="0.000" /><testcase classname="app.tests.test_ingestion_review_publication_hard_path.TestRecordTypeGate" name="test_news_context_blocks_crime_incident" time="0.000" /><testcase classname="app.tests.test_ingestion_review_publication_hard_path.TestRecordTypeGate" name="test_news_context_allows_review_item" time="0.000" /><testcase classname="app.tests.test_ingestion_review_publication_hard_path.TestRecordTypeGate" name="test_unknown_authority_blocks_crime_incident" time="0.000" /><testcase classname="app.tests.test_ingestion_review_publication_hard_path.TestRecordTypeGate" name="test_creates_declaration_mismatch_is_blocked" time="0.000" /><testcase classname="app.tests.test_ingestion_review_publication_hard_path.TestRecordTypeGate" name="test_null_creates_does_not_restrict" time="0.000" /><testcase classname="app.tests.test_ingestion_review_publication_hard_path.TestRecordTypeGate" name="test_official_legislation_blocks_crime_incident" time="0.000" /><testcase classname="app.tests.test_ingestion_review_publication_hard_path.TestPublishGate" name="test_eligible_authority_all_flags_on_passes" time="0.000" /><testcase classname="app.tests.test_ingestion_review_publication_hard_path.TestPublishGate" name="test_auto_publish_disabled_blocks" time="0.000" /><testcase classname="app.tests.test_ingestion_review_publication_hard_path.TestPublishGate" name="test_public_publish_default_false_blocks" time="0.000" /><testcase classname="app.tests.test_ingestion_review_publication_hard_path.TestPublishGate" name="test_news_context_is_not_eligible" time="0.000" /><testcase classname="app.tests.test_ingestion_review_publication_hard_path.TestPublishGate" name="test_official_court_record_is_not_eligible" time="0.000" /><testcase classname="app.tests.test_ingestion_review_publication_hard_path.TestPublishGate" name="test_official_statistics_with_flags_on_passes" time="0.000" /><testcase classname="app.tests.test_ingestion_review_publication_hard_path.TestEnforceAll" name="test_clean_path_returns_empty_list" time="0.001" /><testcase classname="app.tests.test_ingestion_review_publication_hard_path.TestEnforceAll" name="test_news_context_crime_incident_produces_multiple_violations" time="0.004" /><testcase classname="app.tests.test_ingestion_review_publication_hard_path.TestEnforceAll" name="test_domain_violation_included_in_enforcement" time="0.000" /><testcase classname="app.tests.test_ingestion_review_publication_hard_path.TestEnforceAll" name="test_official_legislation_review_item_no_record_type_violation" time="0.000" /><testcase classname="app.tests.test_ingestion_runner_transaction_edges" name="test_run_courtlistener_ingestion_commit_false_success_does_not_commit" time="0.002" /><testcase classname="app.tests.test_ingestion_runner_transaction_edges" name="test_run_courtlistener_ingestion_commit_false_disabled_source_does_not_commit_or_rollback" time="0.001" /><testcase classname="app.tests.test_ingestion_runner_transaction_edges" name="test_run_courtlistener_ingestion_commit_false_adapter_missing_does_not_commit_or_rollback" time="0.002" /><testcase classname="app.tests.test_ingestion_runner_transaction_edges" name="test_run_courtlistener_ingestion_commit_false_adapter_failure_does_not_commit_before_audit" time="0.001" /><testcase classname="app.tests.test_ingestion_runner_transaction_edges" name="test_run_courtlistener_ingestion_commit_true_commits_only_at_final_point" time="0.002" /><testcase classname="app.tests.test_ingestion_runtime.TestCheckPointing" name="test_save_and_load" time="0.001" /><testcase classname="app.tests.test_ingestion_runtime.TestCheckPointing" name="test_load_missing_returns_none" time="0.000" /><testcase classname="app.tests.test_ingestion_runtime.TestCheckPointing" name="test_clear_removes_entry" time="0.000" /><testcase classname="app.tests.test_ingestion_runtime.TestCheckPointing" name="test_clear_all" time="0.000" /><testcase classname="app.tests.test_ingestion_runtime.TestCheckPointing" name="test_list_active" time="0.000" /><testcase classname="app.tests.test_ingestion_runtime.TestCheckPointing" name="test_cursor_is_isolated" time="0.000" /><testcase classname="app.tests.test_ingestion_runtime.TestCheckPointing" name="test_overwrite_updates_cursor" time="0.000" /><testcase classname="app.tests.test_ingestion_runtime.TestCheckPointing" name="test_thread_safety" time="0.002" /><testcase classname="app.tests.test_ingestion_runtime.TestIngestionLog" name="test_open_run_creates_record" time="0.000" /><testcase classname="app.tests.test_ingestion_runtime.TestIngestionLog" name="test_open_run_with_stage" time="0.000" /><testcase classname="app.tests.test_ingestion_runtime.TestIngestionLog" name="test_close_run_sets_status_and_time" time="0.002" /><testcase classname="app.tests.test_ingestion_runtime.TestIngestionLog" name="test_close_run_default_status" time="0.000" /><testcase classname="app.tests.test_ingestion_runtime.TestIngestionLog" name="test_increment_counts" time="0.001" /><testcase classname="app.tests.test_ingestion_runtime.TestIngestionLog" name="test_increment_counts_accumulates" time="0.004" /><testcase classname="app.tests.test_ingestion_runtime.TestIngestionLog" name="test_append_error" time="0.001" /><testcase classname="app.tests.test_ingestion_runtime.TestIngestionLog" name="test_append_multiple_errors" time="0.004" /><testcase classname="app.tests.test_ingestion_runtime.TestIngestionLog" name="test_set_stage" time="0.001" /><testcase classname="app.tests.test_ingestion_runtime.TestIngestionLog" name="test_status_constants_are_strings" time="0.000" /><testcase classname="app.tests.test_ingestion_runtime.TestSourceScheduler" name="test_register_and_due_immediately" time="0.000" /><testcase classname="app.tests.test_ingestion_runtime.TestSourceScheduler" name="test_not_due_after_mark_ran" time="0.000" /><testcase classname="app.tests.test_ingestion_runtime.TestSourceScheduler" name="test_due_after_interval_passes" time="0.000" /><testcase classname="app.tests.test_ingestion_runtime.TestSourceScheduler" name="test_disabled_source_not_due" time="0.000" /><testcase classname="app.tests.test_ingestion_runtime.TestSourceScheduler" name="test_enable_and_disable" time="0.000" /><testcase classname="app.tests.test_ingestion_runtime.TestSourceScheduler" name="test_list_schedule" time="0.000" /><testcase classname="app.tests.test_ingestion_runtime.TestSourceScheduler" name="test_mark_ran_unknown_source_no_error" time="0.001" /><testcase classname="app.tests.test_ingestion_runtime.TestSourceScheduler" name="test_interval_change_updates_next_run" time="0.000" /><testcase classname="app.tests.test_ingestion_runtime.TestSourceScheduler" name="test_thread_safety" time="0.002" /><testcase classname="app.tests.test_ingestion_runtime.TestSourceHealth" name="test_new_source_is_healthy" time="0.000" /><testcase classname="app.tests.test_ingestion_runtime.TestSourceHealth" name="test_success_increments" time="0.000" /><testcase classname="app.tests.test_ingestion_runtime.TestSourceHealth" name="test_failure_increments_consecutive" time="0.000" /><testcase classname="app.tests.test_ingestion_runtime.TestSourceHealth" name="test_success_resets_consecutive_failures" time="0.000" /><testcase classname="app.tests.test_ingestion_runtime.TestSourceHealth" name="test_unhealthy_after_threshold" time="0.001" /><testcase classname="app.tests.test_ingestion_runtime.TestSourceHealth" name="test_success_rate_calculation" time="0.001" /><testcase classname="app.tests.test_ingestion_runtime.TestSourceHealth" name="test_get_all_snapshots" time="0.001" /><testcase classname="app.tests.test_ingestion_runtime.TestSourceHealth" name="test_refresh_from_db" time="0.002" /><testcase classname="app.tests.test_ingestion_runtime.TestSourceHealth" name="test_thread_safety" time="0.002" /><testcase classname="app.tests.test_ingestion_runtime.TestRetryQueue" name="test_enqueue_and_size" time="0.000" /><testcase classname="app.tests.test_ingestion_runtime.TestRetryQueue" name="test_dequeue_due_returns_items" time="0.000" /><testcase classname="app.tests.test_ingestion_runtime.TestRetryQueue" name="test_dequeue_removes_item" time="0.000" /><testcase classname="app.tests.test_ingestion_runtime.TestRetryQueue" name="test_item_not_due_not_dequeued" time="0.000" /><testcase classname="app.tests.test_ingestion_runtime.TestRetryQueue" name="test_enqueue_same_key_increments_attempt" time="0.000" /><testcase classname="app.tests.test_ingestion_runtime.TestRetryQueue" name="test_remove" time="0.000" /><testcase classname="app.tests.test_ingestion_runtime.TestRetryQueue" name="test_remove_nonexistent_returns_false" time="0.000" /><testcase classname="app.tests.test_ingestion_runtime.TestRetryQueue" name="test_list_pending" time="0.000" /><testcase classname="app.tests.test_ingestion_runtime.TestRetryQueue" name="test_payload_isolation" time="0.000" /><testcase classname="app.tests.test_ingestion_runtime.TestRetryQueue" name="test_thread_safety" time="0.014" /><testcase classname="app.tests.test_ingestion_runtime.TestDedupe" name="test_compute_record_hash_is_deterministic" time="0.000" /><testcase classname="app.tests.test_ingestion_runtime.TestDedupe" name="test_different_dockets_produce_different_hashes" time="0.000" /><testcase classname="app.tests.test_ingestion_runtime.TestDedupe" name="test_check_parsed_record_no_duplicate" time="0.001" /><testcase classname="app.tests.test_ingestion_runtime.TestDedupe" name="test_check_parsed_record_content_hash_match" time="0.001" /><testcase classname="app.tests.test_ingestion_runtime.TestDedupe" name="test_is_duplicate_snapshot_false" time="0.001" /><testcase classname="app.tests.test_ingestion_runtime.TestDedupe" name="test_is_duplicate_snapshot_true" time="0.001" /><testcase classname="app.tests.test_ingestion_runtime.TestDedupe" name="test_is_duplicate_record_graceful_on_missing_model" time="0.000" /><testcase classname="app.tests.test_ingestion_runtime.TestCrawlState" name="test_start_creates_state" time="0.000" /><testcase classname="app.tests.test_ingestion_runtime.TestCrawlState" name="test_start_with_cursor" time="0.000" /><testcase classname="app.tests.test_ingestion_runtime.TestCrawlState" name="test_advance_increments" time="0.000" /><testcase classname="app.tests.test_ingestion_runtime.TestCrawlState" name="test_advance_accumulates" time="0.001" /><testcase classname="app.tests.test_ingestion_runtime.TestCrawlState" name="test_advance_unknown_source_raises" time="0.002" /><testcase classname="app.tests.test_ingestion_runtime.TestCrawlState" name="test_get_returns_none_for_missing" time="0.000" /><testcase classname="app.tests.test_ingestion_runtime.TestCrawlState" name="test_finish_removes_state" time="0.001" /><testcase classname="app.tests.test_ingestion_runtime.TestCrawlState" name="test_cursor_isolation" time="0.000" /><testcase classname="app.tests.test_ingestion_runtime.TestCrawlState" name="test_list_active" time="0.002" /><testcase classname="app.tests.test_ingestion_runtime.TestCrawlState" name="test_thread_safety" time="0.002" /><testcase classname="app.tests.test_ingestion_runtime.TestReplayEngine" name="test_replay_with_no_checkpoint" time="0.001" /><testcase classname="app.tests.test_ingestion_runtime.TestReplayEngine" name="test_replay_with_checkpoint_passes_cursor" time="0.001" /><testcase classname="app.tests.test_ingestion_runtime.TestReplayEngine" name="test_replay_on_error_marks_failure" time="0.009" /><testcase classname="app.tests.test_ingestion_runtime.TestReplayEngine" name="test_list_replayable" time="0.003" /><testcase classname="app.tests.test_ingestion_runtime.TestIngestionWorker" name="test_run_returns_ingestion_run" time="0.003" /><testcase classname="app.tests.test_ingestion_runtime.TestIngestionWorker" name="test_run_records_health_success" time="0.002" /><testcase classname="app.tests.test_ingestion_runtime.TestIngestionWorker" name="test_run_skips_duplicates" time="0.003" /><testcase classname="app.tests.test_ingestion_runtime.TestIngestionWorker" name="test_fatal_exception_marks_failed" time="0.007" /><testcase classname="app.tests.test_ingestion_runtime.TestIngestionRuntime" name="test_instantiation" time="0.000" /><testcase classname="app.tests.test_ingestion_runtime.TestIngestionRuntime" name="test_get_worker_returns_worker" time="0.001" /><testcase classname="app.tests.test_ingestion_runtime.TestIngestionRuntime" name="test_can_replay_false_when_no_checkpoint" time="0.000" /><testcase classname="app.tests.test_ingestion_runtime.TestIngestionRuntime" name="test_can_replay_true_with_checkpoint" time="0.000" /><testcase classname="app.tests.test_ingestion_runtime.TestIngestionRuntime" name="test_due_sources_delegates_to_scheduler" time="0.000" /><testcase classname="app.tests.test_ingestion_runtime.TestIngestionRuntime" name="test_is_healthy_true_for_new_source" time="0.000" /><testcase classname="app.tests.test_ingestion_runtime.TestIngestionRuntime" name="test_list_replayable" time="0.000" /><testcase classname="app.tests.test_ingestion_safe_fetch_boundary.TestParseAllowedDomains" name="test_returns_list_from_valid_json" time="0.000" /><testcase classname="app.tests.test_ingestion_safe_fetch_boundary.TestParseAllowedDomains" name="test_returns_empty_list_for_none" time="0.000" /><testcase classname="app.tests.test_ingestion_safe_fetch_boundary.TestParseAllowedDomains" name="test_returns_empty_list_for_empty_string" time="0.000" /><testcase classname="app.tests.test_ingestion_safe_fetch_boundary.TestParseAllowedDomains" name="test_returns_empty_list_for_malformed_json" time="0.000" /><testcase classname="app.tests.test_ingestion_safe_fetch_boundary.TestParseAllowedDomains" name="test_returns_empty_list_for_non_list_json" time="0.000" /><testcase classname="app.tests.test_ingestion_safe_fetch_boundary.TestParseAllowedDomains" name="test_coerces_values_to_str" time="0.000" /><testcase classname="app.tests.test_ingestion_safe_fetch_boundary.TestFetchForIngestionBlocking" name="test_localhost_is_blocked" time="0.000" /><testcase classname="app.tests.test_ingestion_safe_fetch_boundary.TestFetchForIngestionBlocking" name="test_private_ip_is_blocked" time="0.000" /><testcase classname="app.tests.test_ingestion_safe_fetch_boundary.TestFetchForIngestionBlocking" name="test_loopback_ip_is_blocked" time="0.000" /><testcase classname="app.tests.test_ingestion_safe_fetch_boundary.TestFetchForIngestionBlocking" name="test_disallowed_domain_is_blocked" time="0.068" /><testcase classname="app.tests.test_ingestion_safe_fetch_boundary.TestFetchForIngestionBlocking" name="test_non_http_scheme_is_blocked" time="0.000" /><testcase classname="app.tests.test_ingestion_safe_fetch_boundary.TestAstGuardScript" name="test_guard_script_exits_0_on_clean_adapters" time="1.472" /><testcase classname="app.tests.test_ingestion_safe_fetch_boundary.TestAstGuardScript" name="test_guard_script_exits_1_for_bad_import" time="0.112" /><testcase classname="app.tests.test_ingestion_safe_fetch_boundary.TestAdapterFetcherInjection" name="test_sk_courts_adapter_uses_injected_fetcher" time="0.001" /><testcase classname="app.tests.test_ingestion_safe_fetch_boundary.TestAdapterFetcherInjection" name="test_sk_courts_adapter_returns_empty_on_fetch_error" time="0.000" /><testcase classname="app.tests.test_ingestion_safe_fetch_boundary.TestAdapterFetcherInjection" name="test_laws_justice_adapter_uses_injected_fetcher" time="0.002" /><testcase classname="app.tests.test_ingestion_safe_fetch_boundary.TestAdapterFetcherInjection" name="test_scc_lexum_adapter_uses_injected_fetcher" time="0.004" /><testcase classname="app.tests.test_ingestion_source_gate.TestIngestionSourceGate" name="test_unknown_source_key_raises" time="0.015" /><testcase classname="app.tests.test_ingestion_source_gate.TestIngestionSourceGate" name="test_inactive_source_raises" time="0.016" /><testcase classname="app.tests.test_ingestion_source_gate.TestIngestionSourceGate" name="test_active_source_proceeds_past_gate" time="0.002" /><testcase classname="app.tests.test_ingestion_statuses" name="test_status_string_values" time="0.000" /><testcase classname="app.tests.test_ingestion_statuses" name="test_all_statuses_membership" time="0.000" /><testcase classname="app.tests.test_ingestion_statuses" name="test_completed_with_errors_not_in_all_statuses" time="0.000" /><testcase classname="app.tests.test_ingestion_statuses" name="test_terminal_statuses_subset" time="0.000" /><testcase classname="app.tests.test_ingestion_statuses" name="test_terminal_statuses_excludes_active" time="0.000" /><testcase classname="app.tests.test_ingestion_statuses" name="test_terminal_statuses_includes_completed_variants" time="0.000" /><testcase classname="app.tests.test_ingestion_statuses" name="test_normalize_status_legacy_aliases[complete-completed]" time="0.000" /><testcase classname="app.tests.test_ingestion_statuses" name="test_normalize_status_legacy_aliases[partial-completed_with_warnings]" time="0.000" /><testcase classname="app.tests.test_ingestion_statuses" name="test_normalize_status_legacy_aliases[success-completed]" time="0.001" /><testcase classname="app.tests.test_ingestion_statuses" name="test_normalize_status_legacy_aliases[error-failed]" time="0.000" /><testcase classname="app.tests.test_ingestion_statuses" name="test_normalize_status_canonical_passthrough" time="0.000" /><testcase classname="app.tests.test_ingestion_statuses" name="test_normalize_status_unknown_passthrough" time="0.000" /><testcase classname="app.tests.test_ingestion_statuses" name="test_legacy_values_not_in_all_statuses" time="0.000" /><testcase classname="app.tests.test_invalidation_scope.TestInvalidateClaimEdgeScope" name="test_edge_retraction_limited_to_matching_snapshot" time="0.047" /><testcase classname="app.tests.test_invalidation_scope.TestInvalidateClaimEdgeScope" name="test_edge_retraction_limited_to_matching_subject" time="0.011" /><testcase classname="app.tests.test_invalidation_scope.TestInvalidateClaimEdgeScope" name="test_object_side_edge_not_retracted" time="0.008" /><testcase classname="app.tests.test_invalidation_scope.TestInvalidateClaimEdgeScope" name="test_no_edge_retraction_when_snapshot_is_none" time="0.013" /><testcase classname="app.tests.test_justice_canada_canonical_parser" name="test_canonical_payload_jurisdiction_is_ca_fed" time="0.003" /><testcase classname="app.tests.test_justice_canada_canonical_parser" name="test_canonical_external_id_format" time="0.000" /><testcase classname="app.tests.test_justice_canada_canonical_parser" name="test_canonical_payload_short_title" time="0.001" /><testcase classname="app.tests.test_justice_canada_canonical_parser" name="test_canonical_payload_long_title" time="0.001" /><testcase classname="app.tests.test_justice_canada_canonical_parser" name="test_canonical_payload_citation" time="0.000" /><testcase classname="app.tests.test_justice_canada_canonical_parser" name="test_canonical_sections_use_section_label_key" time="0.014" /><testcase classname="app.tests.test_justice_canada_canonical_parser" name="test_canonical_sections_include_marginal_note_and_text" time="0.001" /><testcase classname="app.tests.test_justice_canada_canonical_parser" name="test_review_item_headline_matches_title" time="0.001" /><testcase classname="app.tests.test_justice_canada_canonical_parser" name="test_review_item_extracted_text_prefers_long_title" time="0.002" /><testcase classname="app.tests.test_justice_canada_canonical_parser" name="test_records_fetched_matches_index_entry_count" time="0.000" /><testcase classname="app.tests.test_justice_canada_xml_parser.TestParseLegisIndex" name="test_returns_list" time="0.000" /><testcase classname="app.tests.test_justice_canada_xml_parser.TestParseLegisIndex" name="test_parses_acts_and_regulations" time="0.000" /><testcase classname="app.tests.test_justice_canada_xml_parser.TestParseLegisIndex" name="test_act_fields" time="0.000" /><testcase classname="app.tests.test_justice_canada_xml_parser.TestParseLegisIndex" name="test_regulation_instrument_type" time="0.000" /><testcase classname="app.tests.test_justice_canada_xml_parser.TestParseLegisIndex" name="test_missing_required_fields_skipped" time="0.000" /><testcase classname="app.tests.test_justice_canada_xml_parser.TestParseLegisIndex" name="test_wrong_root_tag_raises" time="0.000" /><testcase classname="app.tests.test_justice_canada_xml_parser.TestParseLegisIndex" name="test_empty_collections_returns_empty" time="0.000" /><testcase classname="app.tests.test_justice_canada_xml_parser.TestParseStatuteXml" name="test_returns_dict" time="0.000" /><testcase classname="app.tests.test_justice_canada_xml_parser.TestParseStatuteXml" name="test_basic_identification" time="0.000" /><testcase classname="app.tests.test_justice_canada_xml_parser.TestParseStatuteXml" name="test_dates" time="0.000" /><testcase classname="app.tests.test_justice_canada_xml_parser.TestParseStatuteXml" name="test_consolidated_number" time="0.000" /><testcase classname="app.tests.test_justice_canada_xml_parser.TestParseStatuteXml" name="test_sections_extracted" time="0.000" /><testcase classname="app.tests.test_justice_canada_xml_parser.TestParseStatuteXml" name="test_section_fields_present" time="0.000" /><testcase classname="app.tests.test_justice_canada_xml_parser.TestParseStatuteXml" name="test_subsections_extracted" time="0.000" /><testcase classname="app.tests.test_justice_canada_xml_parser.TestParseStatuteXml" name="test_empty_section_skipped" time="0.000" /><testcase classname="app.tests.test_justice_canada_xml_parser.TestParseStatuteXml" name="test_section_key_is_stable" time="0.000" /><testcase classname="app.tests.test_justice_canada_xml_parser.TestParseStatuteXml" name="test_section_key_uniqueness" time="0.000" /><testcase classname="app.tests.test_justice_canada_xml_parser.TestParseStatuteXml" name="test_wrong_root_raises" time="0.000" /><testcase classname="app.tests.test_justice_canada_xml_parser.TestParseStatuteXml" name="test_missing_identification_raises" time="0.000" /><testcase classname="app.tests.test_justice_canada_xml_parser.TestParseStatuteXml" name="test_missing_body_raises" time="0.000" /><testcase classname="app.tests.test_justice_laws_phase1_contracts" name="test_parse_laws_xml_target_ids_accepts_multiple_ids" time="0.005" /><testcase classname="app.tests.test_justice_laws_phase1_contracts" name="test_parse_laws_xml_target_ids_rejects_malformed_values" time="0.001" /><testcase classname="app.tests.test_justice_laws_phase1_contracts" name="test_factory_rejects_invalid_laws_target_ids" time="0.000" /><testcase classname="app.tests.test_justice_laws_phase1_contracts" name="test_run_source_rejects_inactive_source" time="0.054" /><testcase classname="app.tests.test_justice_laws_phase4" name="test_xml_adapter_returns_review_items_and_legal_instruments" time="0.004" /><testcase classname="app.tests.test_justice_laws_phase4" name="test_xml_adapter_schema_drift_fails_closed" time="0.001" /><testcase classname="app.tests.test_justice_laws_phase4" name="test_persist_xml_result_writes_snapshot_legal_rows_and_review_items" time="0.095" /><testcase classname="app.tests.test_justice_laws_phase4" name="test_persist_xml_result_dedupes_legal_instruments_and_sections" time="0.033" /><testcase classname="app.tests.test_justice_laws_phase4" name="test_persist_xml_result_quarantines_parser_version_mismatch" time="0.012" /><testcase classname="app.tests.test_justice_laws_phase4" name="test_snapshot_hash_round_trip_matches_stored_hash" time="0.026" /><testcase classname="app.tests.test_justice_laws_phase4" name="test_legal_publication_gate_and_chat_require_approval" time="0.040" /><testcase classname="app.tests.test_justice_laws_xml.TestSchemaValidatorIndex" name="test_validate_index_xml_valid" time="0.000" /><testcase classname="app.tests.test_justice_laws_xml.TestSchemaValidatorIndex" name="test_validate_index_xml_invalid_root" time="0.000" /><testcase classname="app.tests.test_justice_laws_xml.TestParserLegisIndex" name="test_parse_legis_index_criminal_code" time="0.000" /><testcase classname="app.tests.test_justice_laws_xml.TestParserLegisIndex" name="test_parse_legis_index_includes_regulations" time="0.000" /><testcase classname="app.tests.test_justice_laws_xml.TestParserStatuteXml" name="test_parse_statute_xml_criminal_code" time="0.001" /><testcase classname="app.tests.test_justice_laws_xml.TestParserStatuteXml" name="test_parse_statute_xml_nested_text_and_subsections" time="0.005" /><testcase classname="app.tests.test_justice_laws_xml.TestParserStatuteXml" name="test_parse_statute_xml_invalid_root_fails_closed" time="0.003" /><testcase classname="app.tests.test_justice_laws_xml.TestFixtures" name="test_parse_legis_fixture" time="0.000" /><testcase classname="app.tests.test_justice_laws_xml.TestFixtures" name="test_parse_criminal_code_fixture" time="0.000" /><testcase classname="app.tests.test_justice_laws_xml.TestFixtures" name="test_parser_handles_missing_optional_metadata" time="0.000" /><testcase classname="app.tests.test_justice_laws_xml.TestFixtures" name="test_parser_section_keys_are_deterministic" time="0.001" /><testcase classname="app.tests.test_justice_laws_xml.TestFixtures" name="test_validate_legis_fixture" time="0.001" /><testcase classname="app.tests.test_justice_laws_xml.TestFixtures" name="test_validate_criminal_code_fixture" time="0.000" /><testcase classname="app.tests.test_justice_laws_xml.TestFixtures" name="test_validate_statute_fixture_with_subsection_text" time="0.000" /><testcase classname="app.tests.test_jwt_mutation_enforcement" name="test_shared_token_allowed_when_enforcement_off" time="0.000" /><testcase classname="app.tests.test_jwt_mutation_enforcement" name="test_shared_token_blocked_when_enforcement_on" time="0.001" /><testcase classname="app.tests.test_jwt_mutation_enforcement" name="test_jwt_actor_allowed_when_enforcement_on" time="0.001" /><testcase classname="app.tests.test_jwt_mutation_enforcement_default.TestJwtMutationEnforcementDefault" name="test_jwt_actor_allowed" time="0.000" /><testcase classname="app.tests.test_jwt_mutation_enforcement_default.TestJwtMutationEnforcementDefault" name="test_shared_token_actor_rejected_when_enforcement_on" time="0.000" /><testcase classname="app.tests.test_jwt_mutation_enforcement_default.TestJwtMutationEnforcementDefault" name="test_shared_token_allowed_when_enforcement_off" time="0.000" /><testcase classname="app.tests.test_langextract_grounding.TestUnknownExtractionClass" name="test_unknown_class_raises_before_import" time="0.014" /><testcase classname="app.tests.test_langextract_grounding.TestOptionalDependency" name="test_import_extraction_package_without_langextract" time="0.007" /><testcase classname="app.tests.test_langextract_grounding.TestOptionalDependency" name="test_run_extraction_raises_import_error_without_langextract" time="0.001" /><testcase classname="app.tests.test_langextract_grounding.TestUngroundedExtraction" name="test_missing_char_interval_raises" time="0.012" /><testcase classname="app.tests.test_langextract_grounding.TestGroundedExtractionHappyPath" name="test_grounded_extraction_returns_list" time="0.000" /><testcase classname="app.tests.test_langextract_grounding.TestGroundedExtractionHappyPath" name="test_span_text_matches_verbatim" time="0.000" /><testcase classname="app.tests.test_langextract_grounding.TestGroundedExtractionHappyPath" name="test_source_snapshot_id_preserved" time="0.000" /><testcase classname="app.tests.test_langextract_grounding.TestGroundedExtractionHappyPath" name="test_confidence_clamped_by_cap" time="0.001" /><testcase classname="app.tests.test_langextract_grounding.TestGroundedExtractionHappyPath" name="test_fetch_urls_is_always_false" time="0.001" /><testcase classname="app.tests.test_langextract_grounding.TestGroundedExtractionHappyPath" name="test_review_item_status_pending" time="0.014" /><testcase classname="app.tests.test_langextract_grounding.TestGroundedExtractionHappyPath" name="test_review_item_public_visibility_false" time="0.001" /><testcase classname="app.tests.test_langextract_grounding.TestGroundedExtractionHappyPath" name="test_memory_claim_created_with_sentinel_entity_id" time="0.001" /><testcase classname="app.tests.test_langextract_grounding.TestGroundedExtractionHappyPath" name="test_memory_evidence_link_snapshot_id" time="0.006" /><testcase classname="app.tests.test_laws_justice_xml_adapter.TestLawsJusticeXmlAdapterFetch" name="test_fetch_returns_list" time="0.002" /><testcase classname="app.tests.test_laws_justice_xml_adapter.TestLawsJusticeXmlAdapterFetch" name="test_fetch_returns_one_item_for_c46" time="0.000" /><testcase classname="app.tests.test_laws_justice_xml_adapter.TestLawsJusticeXmlAdapterFetch" name="test_fetch_item_has_metadata_and_statute" time="0.000" /><testcase classname="app.tests.test_laws_justice_xml_adapter.TestLawsJusticeXmlAdapterFetch" name="test_fetch_metadata_unique_id" time="0.002" /><testcase classname="app.tests.test_laws_justice_xml_adapter.TestLawsJusticeXmlAdapterFetch" name="test_fetch_statute_short_title" time="0.001" /><testcase classname="app.tests.test_laws_justice_xml_adapter.TestLawsJusticeXmlAdapterFetch" name="test_fetch_skips_unmatched_unique_ids" time="0.003" /><testcase classname="app.tests.test_laws_justice_xml_adapter.TestLawsJusticeXmlAdapterFetch" name="test_fetch_error_on_empty_response" time="0.001" /><testcase classname="app.tests.test_laws_justice_xml_adapter.TestLawsJusticeXmlAdapterFetch" name="test_fetch_error_on_fetcher_failure" time="0.000" /><testcase classname="app.tests.test_laws_justice_xml_adapter.TestLawsJusticeXmlAdapterParse" name="test_parse_returns_list" time="0.001" /><testcase classname="app.tests.test_laws_justice_xml_adapter.TestLawsJusticeXmlAdapterParse" name="test_parse_returns_one_record" time="0.000" /><testcase classname="app.tests.test_laws_justice_xml_adapter.TestLawsJusticeXmlAdapterParse" name="test_parsed_record_type" time="0.000" /><testcase classname="app.tests.test_laws_justice_xml_adapter.TestLawsJusticeXmlAdapterParse" name="test_parsed_source_key" time="0.000" /><testcase classname="app.tests.test_laws_justice_xml_adapter.TestLawsJusticeXmlAdapterParse" name="test_parsed_external_id_format" time="0.000" /><testcase classname="app.tests.test_laws_justice_xml_adapter.TestLawsJusticeXmlAdapterParse" name="test_parsed_payload_fields" time="0.000" /><testcase classname="app.tests.test_laws_justice_xml_adapter.TestLawsJusticeXmlAdapterParse" name="test_parsed_payload_has_sections" time="0.000" /><testcase classname="app.tests.test_laws_justice_xml_adapter.TestLawsJusticeXmlAdapterParse" name="test_parsed_payload_privacy_status" time="0.000" /><testcase classname="app.tests.test_laws_justice_xml_adapter.TestLawsJusticeXmlAdapterParse" name="test_parsed_source_url" time="0.000" /><testcase classname="app.tests.test_laws_justice_xml_adapter.TestLawsJusticeXmlAdapterParse" name="test_parse_empty_raw_returns_empty" time="0.000" /><testcase classname="app.tests.test_laws_justice_xml_adapter.TestLawsJusticeXmlAdapterRun" name="test_run_returns_ingestion_result" time="0.001" /><testcase classname="app.tests.test_laws_justice_xml_adapter.TestLawsJusticeXmlAdapterRun" name="test_run_source_key_in_result" time="0.005" /><testcase classname="app.tests.test_laws_justice_xml_adapter.TestLawsJusticeXmlAdapterRun" name="test_run_on_fetch_error_returns_error_result" time="0.001" /><testcase classname="app.tests.test_legacy_admin_token_gate.TestLegacyAdminTokenDisabledByDefault" name="test_default_is_false" time="0.000" /><testcase classname="app.tests.test_legacy_admin_token_gate.TestLegacyAdminTokenDisabledByDefault" name="test_shared_token_rejected_when_disabled" time="0.000" /><testcase classname="app.tests.test_legacy_admin_token_gate.TestLegacyAdminTokenDisabledByDefault" name="test_shared_token_accepted_when_enabled" time="0.000" /><testcase classname="app.tests.test_legacy_admin_token_gate.TestLegacyAdminTokenDisabledByDefault" name="test_startup_warning_when_legacy_enabled" time="0.000" /><testcase classname="app.tests.test_legacy_admin_token_gate.TestLegacyAdminTokenDisabledByDefault" name="test_wrong_token_still_rejected_when_legacy_enabled" time="0.000" /><testcase classname="app.tests.test_legacy_admin_token_gate.TestLegacyAdminTokenDisabledByDefault" name="test_jwt_path_unaffected_by_legacy_flag" time="0.001" /><testcase classname="app.tests.test_legacy_shared_token_requires_opt_in.TestLegacySharedTokenRequiresOptIn" name="test_shared_token_rejected_when_legacy_disabled" time="0.001" /><testcase classname="app.tests.test_legacy_shared_token_requires_opt_in.TestLegacySharedTokenRequiresOptIn" name="test_shared_token_allowed_only_with_local_opt_in" time="0.000" /><testcase classname="app.tests.test_legal_contradiction_rules" name="test_case_status_conflict_detection" time="0.030" /><testcase classname="app.tests.test_legal_contradiction_rules" name="test_sentence_conflict_detection" time="0.006" /><testcase classname="app.tests.test_legal_contradiction_rules" name="test_appeal_outcome_conflict_detection" time="0.006" /><testcase classname="app.tests.test_legal_contradiction_rules" name="test_statute_version_conflict_detection" time="0.011" /><testcase classname="app.tests.test_legal_contradiction_rules" name="test_court_level_conflict_detection" time="0.009" /><testcase classname="app.tests.test_legal_contradiction_rules" name="test_judge_assignment_conflict_detection" time="0.009" /><testcase classname="app.tests.test_legal_contradiction_rules" name="test_identity_conflict_detection" time="0.008" /><testcase classname="app.tests.test_legal_contradiction_rules" name="test_severity_calculation_for_conflicts" time="0.009" /><testcase classname="app.tests.test_legal_instrument_status_normalization" name="test_persist_sets_legal_instrument_pending_review_and_review_item_pending" time="0.018" /><testcase classname="app.tests.test_live_map_api" name="test_live_map_events_public_mode_filters_correctly" time="0.014" /><testcase classname="app.tests.test_live_map_api" name="test_live_map_events_reject_admin_mode_bypass" time="0.005" /><testcase classname="app.tests.test_live_map_api" name="test_live_map_events_public_mode_redacts_evidence_ids" time="0.010" /><testcase classname="app.tests.test_live_map_api" name="test_live_map_events_public_mode_redacts_source_ids" time="0.007" /><testcase classname="app.tests.test_live_map_api" name="test_live_map_events_public_mode_redacts_ids_even_with_admin_mode_param" time="0.007" /><testcase classname="app.tests.test_live_map_api" name="test_live_map_events_bbox_filtering" time="0.008" /><testcase classname="app.tests.test_live_map_api" name="test_live_map_events_bbox_validation" time="0.005" /><testcase classname="app.tests.test_live_map_api" name="test_live_map_events_bbox_area_limit" time="0.004" /><testcase classname="app.tests.test_live_map_api" name="test_live_map_events_event_type_filter" time="0.012" /><testcase classname="app.tests.test_live_map_api" name="test_live_map_events_jurisdiction_filter" time="0.009" /><testcase classname="app.tests.test_live_map_api" name="test_live_map_events_confidence_filter" time="0.010" /><testcase classname="app.tests.test_live_map_api" name="test_live_map_events_pagination" time="0.013" /><testcase classname="app.tests.test_live_map_api" name="test_live_map_events_disclaimer_present" time="0.016" /><testcase classname="app.tests.test_live_map_api" name="test_live_map_single_event_public_mode" time="0.015" /><testcase classname="app.tests.test_live_map_api" name="test_live_map_single_event_not_found" time="0.029" /><testcase classname="app.tests.test_live_map_api" name="test_live_map_source_health_endpoint" time="0.006" /><testcase classname="app.tests.test_live_map_api" name="test_live_map_layers_endpoint" time="0.004" /><testcase classname="app.tests.test_live_map_public_boundaries" name="test_public_live_map_endpoint_has_no_admin_mode_parameter" time="0.000" /><testcase classname="app.tests.test_live_map_public_boundaries" name="test_public_filter_excludes_pending_and_rejected_records" time="0.000" /><testcase classname="app.tests.test_live_map_public_boundaries" name="test_public_filter_excludes_internal_evidence_only_records" time="0.001" /><testcase classname="app.tests.test_live_map_public_boundaries" name="test_public_filter_excludes_unsafe_precise_coordinates" time="0.010" /><testcase classname="app.tests.test_llm_review_assistant.TestSummarizeEvidence" name="test_returns_response_with_citation" time="0.000" /><testcase classname="app.tests.test_llm_review_assistant.TestSummarizeEvidence" name="test_no_urls_produces_no_answer" time="0.000" /><testcase classname="app.tests.test_llm_review_assistant.TestSummarizeEvidence" name="test_error_returns_safe_response" time="0.004" /><testcase classname="app.tests.test_llm_review_assistant.TestSummarizeEvidence" name="test_no_citation_provider_gives_no_answer" time="0.000" /><testcase classname="app.tests.test_llm_review_assistant.TestExtractEntities" name="test_returns_response" time="0.000" /><testcase classname="app.tests.test_llm_review_assistant.TestExtractEntities" name="test_empty_evidence_urls_means_no_answer" time="0.000" /><testcase classname="app.tests.test_llm_review_assistant.TestExtractEntities" name="test_error_is_handled_safely" time="0.000" /><testcase classname="app.tests.test_llm_review_assistant.TestCompareClaimToSource" name="test_returns_response" time="0.000" /><testcase classname="app.tests.test_llm_review_assistant.TestCompareClaimToSource" name="test_no_evidence_means_no_answer" time="0.000" /><testcase classname="app.tests.test_llm_review_assistant.TestCompareClaimToSource" name="test_error_is_handled_safely" time="0.000" /><testcase classname="app.tests.test_llm_review_assistant.TestFlagMissingEvidence" name="test_returns_response" time="0.001" /><testcase classname="app.tests.test_llm_review_assistant.TestFlagMissingEvidence" name="test_flag_missing_evidence_with_claim" time="0.000" /><testcase classname="app.tests.test_llm_review_assistant.TestDetectContradictions" name="test_returns_response" time="0.000" /><testcase classname="app.tests.test_llm_review_assistant.TestDetectContradictions" name="test_error_is_handled_safely" time="0.000" /><testcase classname="app.tests.test_llm_review_assistant.TestAnswerQuestion" name="test_answer_with_citation" time="0.000" /><testcase classname="app.tests.test_llm_review_assistant.TestAnswerQuestion" name="test_no_urls_means_no_answer" time="0.000" /><testcase classname="app.tests.test_llm_review_assistant.TestAnswerQuestion" name="test_error_is_handled_safely" time="0.000" /><testcase classname="app.tests.test_llm_review_assistant.TestProduceReviewerNotes" name="test_returns_response" time="0.000" /><testcase classname="app.tests.test_llm_review_assistant.TestProduceReviewerNotes" name="test_no_evidence_means_no_answer" time="0.000" /><testcase classname="app.tests.test_llm_review_assistant.TestProduceReviewerNotes" name="test_error_is_handled_safely" time="0.000" /><testcase classname="app.tests.test_llm_review_assistant.TestResponseFieldContract" name="test_all_required_fields_present" time="0.001" /><testcase classname="app.tests.test_llm_review_assistant.TestResponseFieldContract" name="test_citations_are_citation_objects" time="0.000" /><testcase classname="app.tests.test_llm_review_assistant.TestResponseFieldContract" name="test_confidence_is_float_in_range" time="0.000" /><testcase classname="app.tests.test_llm_review_assistant.TestResponseFieldContract" name="test_unsupported_claims_is_list" time="0.000" /><testcase classname="app.tests.test_llm_review_assistant.TestResponseFieldContract" name="test_requires_human_review_is_bool" time="0.000" /><testcase classname="app.tests.test_llm_review_assistant.TestPermittedTaskTypeCoverage" name="test_summarize_evidence_uses_permitted_task" time="0.000" /><testcase classname="app.tests.test_llm_review_assistant.TestPermittedTaskTypeCoverage" name="test_extract_entities_uses_permitted_task" time="0.000" /><testcase classname="app.tests.test_llm_safety.TestLLMResponseInvariants" name="test_no_citations_forces_answer_none" time="0.000" /><testcase classname="app.tests.test_llm_safety.TestLLMResponseInvariants" name="test_no_citations_forces_requires_human_review_true" time="0.000" /><testcase classname="app.tests.test_llm_safety.TestLLMResponseInvariants" name="test_low_confidence_requires_human_review" time="0.000" /><testcase classname="app.tests.test_llm_safety.TestLLMResponseInvariants" name="test_high_confidence_with_citations_no_human_review" time="0.000" /><testcase classname="app.tests.test_llm_safety.TestLLMResponseInvariants" name="test_unsupported_claims_requires_human_review" time="0.000" /><testcase classname="app.tests.test_llm_safety.TestLLMResponseInvariants" name="test_confidence_clamped_below_zero" time="0.000" /><testcase classname="app.tests.test_llm_safety.TestLLMResponseInvariants" name="test_confidence_clamped_above_one" time="0.000" /><testcase classname="app.tests.test_llm_safety.TestProhibitedTaskTypes" name="test_prohibited_task_raises[assign_guilt]" time="0.000" /><testcase classname="app.tests.test_llm_safety.TestProhibitedTaskTypes" name="test_prohibited_task_raises[infer_criminality]" time="0.000" /><testcase classname="app.tests.test_llm_safety.TestProhibitedTaskTypes" name="test_prohibited_task_raises[publish_record]" time="0.000" /><testcase classname="app.tests.test_llm_safety.TestProhibitedTaskTypes" name="test_prohibited_task_raises[make_legal_conclusion]" time="0.000" /><testcase classname="app.tests.test_llm_safety.TestProhibitedTaskTypes" name="test_prohibited_task_raises[score_dangerousness]" time="0.000" /><testcase classname="app.tests.test_llm_safety.TestProhibitedTaskTypes" name="test_publish_record_is_prohibited" time="0.001" /><testcase classname="app.tests.test_llm_safety.TestProhibitedTaskTypes" name="test_assign_guilt_is_prohibited" time="0.001" /><testcase classname="app.tests.test_llm_safety.TestProhibitedTaskTypes" name="test_infer_criminality_is_prohibited" time="0.000" /><testcase classname="app.tests.test_llm_safety.TestProhibitedTaskTypes" name="test_score_dangerousness_is_prohibited" time="0.000" /><testcase classname="app.tests.test_llm_safety.TestProhibitedTaskTypes" name="test_make_legal_conclusion_is_prohibited" time="0.000" /><testcase classname="app.tests.test_llm_safety.TestPermittedTaskTypes" name="test_permitted_task_succeeds[extract_entities]" time="0.000" /><testcase classname="app.tests.test_llm_safety.TestPermittedTaskTypes" name="test_permitted_task_succeeds[summarize_evidence]" time="0.004" /><testcase classname="app.tests.test_llm_safety.TestPermittedTaskTypes" name="test_permitted_task_succeeds[answer_evidence_question]" time="0.000" /><testcase classname="app.tests.test_llm_safety.TestPermittedTaskTypes" name="test_permitted_task_succeeds[compare_claim_to_source]" time="0.000" /><testcase classname="app.tests.test_llm_safety.TestPermittedTaskTypes" name="test_permitted_task_succeeds[flag_missing_evidence]" time="0.000" /><testcase classname="app.tests.test_llm_safety.TestPermittedTaskTypes" name="test_permitted_task_succeeds[detect_contradictions]" time="0.000" /><testcase classname="app.tests.test_llm_safety.TestPermittedTaskTypes" name="test_permitted_tasks_do_not_include_prohibited" time="0.001" /><testcase classname="app.tests.test_llm_safety.TestCitationLock" name="test_provider_without_citations_returns_none_answer" time="0.000" /><testcase classname="app.tests.test_llm_safety.TestReviewerAssistantSafety" name="test_summarize_evidence_works" time="0.000" /><testcase classname="app.tests.test_llm_safety.TestReviewerAssistantSafety" name="test_prohibited_task_type_raises" time="0.000" /><testcase classname="app.tests.test_llm_safety.TestReviewerAssistantSafety" name="test_answer_with_guilt_phrase_is_redacted" time="0.000" /><testcase classname="app.tests.test_llm_safety.TestReviewerAssistantSafety" name="test_answer_without_prohibited_phrase_passes" time="0.009" /><testcase classname="app.tests.test_llm_safety.TestReviewerAssistantSafety" name="test_provider_error_returns_safe_empty_response" time="0.003" /><testcase classname="app.tests.test_llm_safety.TestReviewerAssistantSafety" name="test_extract_entities_returns_response" time="0.000" /><testcase classname="app.tests.test_llm_safety.TestReviewerAssistantSafety" name="test_compare_claim_to_source_returns_response" time="0.000" /><testcase classname="app.tests.test_llm_safety.TestReviewerAssistantSafety" name="test_no_evidence_texts_results_in_no_answer" time="0.000" /><testcase classname="app.tests.test_llm_safety.TestOpenAIProviderRequiresKey" name="test_missing_api_key_returns_error_response" time="0.007" /><testcase classname="app.tests.test_llm_safety.TestOllamaProviderGracefulError" name="test_connection_failure_returns_error_response" time="0.269" /><testcase classname="app.tests.test_llm_safety_boundaries.TestProhibitedTaskTypesEnforced" name="test_prohibited_set_is_not_empty" time="0.001" /><testcase classname="app.tests.test_llm_safety_boundaries.TestProhibitedTaskTypesEnforced" name="test_required_task_is_prohibited[publish_record]" time="0.001" /><testcase classname="app.tests.test_llm_safety_boundaries.TestProhibitedTaskTypesEnforced" name="test_required_task_is_prohibited[assign_guilt]" time="0.001" /><testcase classname="app.tests.test_llm_safety_boundaries.TestProhibitedTaskTypesEnforced" name="test_required_task_is_prohibited[infer_criminality]" time="0.000" /><testcase classname="app.tests.test_llm_safety_boundaries.TestProhibitedTaskTypesEnforced" name="test_required_task_is_prohibited[score_dangerousness]" time="0.000" /><testcase classname="app.tests.test_llm_safety_boundaries.TestProhibitedTaskTypesEnforced" name="test_required_task_is_prohibited[make_legal_conclusion]" time="0.001" /><testcase classname="app.tests.test_llm_safety_boundaries.TestProhibitedTaskTypesEnforced" name="test_prohibited_task_raises_at_provider_boundary[assign_guilt]" time="0.000" /><testcase classname="app.tests.test_llm_safety_boundaries.TestProhibitedTaskTypesEnforced" name="test_prohibited_task_raises_at_provider_boundary[infer_criminality]" time="0.000" /><testcase classname="app.tests.test_llm_safety_boundaries.TestProhibitedTaskTypesEnforced" name="test_prohibited_task_raises_at_provider_boundary[publish_record]" time="0.000" /><testcase classname="app.tests.test_llm_safety_boundaries.TestProhibitedTaskTypesEnforced" name="test_prohibited_task_raises_at_provider_boundary[make_legal_conclusion]" time="0.000" /><testcase classname="app.tests.test_llm_safety_boundaries.TestProhibitedTaskTypesEnforced" name="test_prohibited_task_raises_at_provider_boundary[score_dangerousness]" time="0.000" /><testcase classname="app.tests.test_llm_safety_boundaries.TestProhibitedTaskTypesEnforced" name="test_error_exposes_rejected_task_type" time="0.000" /><testcase classname="app.tests.test_llm_safety_boundaries.TestPermittedProhibitedDisjoint" name="test_sets_are_disjoint" time="0.000" /><testcase classname="app.tests.test_llm_safety_boundaries.TestPermittedProhibitedDisjoint" name="test_permitted_is_not_empty" time="0.000" /><testcase classname="app.tests.test_llm_safety_boundaries.TestCitationLockInvariant" name="test_no_citations_forces_answer_none" time="0.002" /><testcase classname="app.tests.test_llm_safety_boundaries.TestCitationLockInvariant" name="test_no_citations_forces_requires_human_review" time="0.001" /><testcase classname="app.tests.test_llm_safety_boundaries.TestCitationLockInvariant" name="test_citation_without_url_does_not_count" time="0.000" /><testcase classname="app.tests.test_llm_safety_boundaries.TestCitationLockInvariant" name="test_valid_citation_allows_answer" time="0.000" /><testcase classname="app.tests.test_llm_safety_boundaries.TestConfidenceInvariants" name="test_low_confidence_forces_human_review" time="0.000" /><testcase classname="app.tests.test_llm_safety_boundaries.TestConfidenceInvariants" name="test_boundary_confidence_07_forces_human_review" time="0.000" /><testcase classname="app.tests.test_llm_safety_boundaries.TestConfidenceInvariants" name="test_confidence_07_does_not_force_human_review" time="0.000" /><testcase classname="app.tests.test_llm_safety_boundaries.TestConfidenceInvariants" name="test_confidence_clamped_to_zero" time="0.000" /><testcase classname="app.tests.test_llm_safety_boundaries.TestConfidenceInvariants" name="test_confidence_clamped_to_one" time="0.000" /><testcase classname="app.tests.test_llm_safety_boundaries.TestConfidenceInvariants" name="test_unsupported_claims_forces_human_review" time="0.000" /><testcase classname="app.tests.test_llm_safety_boundaries.TestLegalConclusionPhraseRedaction" name="test_prohibited_phrase_redacts_answer[is guilty]" time="0.000" /><testcase classname="app.tests.test_llm_safety_boundaries.TestLegalConclusionPhraseRedaction" name="test_prohibited_phrase_redacts_answer[is not guilty]" time="0.000" /><testcase classname="app.tests.test_llm_safety_boundaries.TestLegalConclusionPhraseRedaction" name="test_prohibited_phrase_redacts_answer[found guilty]" time="0.000" /><testcase classname="app.tests.test_llm_safety_boundaries.TestLegalConclusionPhraseRedaction" name="test_prohibited_phrase_redacts_answer[convicted of]" time="0.000" /><testcase classname="app.tests.test_llm_safety_boundaries.TestLegalConclusionPhraseRedaction" name="test_prohibited_phrase_redacts_answer[is dangerous]" time="0.000" /><testcase classname="app.tests.test_llm_safety_boundaries.TestLegalConclusionPhraseRedaction" name="test_prohibited_phrase_redacts_answer[poses a danger]" time="0.000" /><testcase classname="app.tests.test_llm_safety_boundaries.TestLegalConclusionPhraseRedaction" name="test_prohibited_phrase_redacts_answer[is a threat]" time="0.000" /><testcase classname="app.tests.test_llm_safety_boundaries.TestLegalConclusionPhraseRedaction" name="test_prohibited_phrase_redacts_answer[is likely to reoffend]" time="0.003" /><testcase classname="app.tests.test_llm_safety_boundaries.TestLegalConclusionPhraseRedaction" name="test_prohibited_phrase_redacts_answer[is criminally liable]" time="0.001" /><testcase classname="app.tests.test_llm_safety_boundaries.TestLegalConclusionPhraseRedaction" name="test_prohibited_phrase_redacts_answer[should be convicted]" time="0.003" /><testcase classname="app.tests.test_llm_safety_boundaries.TestLegalConclusionPhraseRedaction" name="test_prohibited_phrase_redacts_answer[legal conclusion]" time="0.000" /><testcase classname="app.tests.test_llm_safety_boundaries.TestLegalConclusionPhraseRedaction" name="test_prohibited_phrase_redacts_answer[the court must]" time="0.000" /><testcase classname="app.tests.test_llm_safety_boundaries.TestLegalConclusionPhraseRedaction" name="test_prohibited_phrase_redacts_answer[the court should]" time="0.000" /><testcase classname="app.tests.test_llm_safety_boundaries.TestLegalConclusionPhraseRedaction" name="test_prohibited_phrase_redacts_answer[i conclude that]" time="0.000" /><testcase classname="app.tests.test_llm_safety_boundaries.TestLegalConclusionPhraseRedaction" name="test_prohibited_phrase_redacts_answer[is a criminal]" time="0.000" /><testcase classname="app.tests.test_llm_safety_boundaries.TestLegalConclusionPhraseRedaction" name="test_prohibited_phrase_redacts_answer[committed the crime]" time="0.001" /><testcase classname="app.tests.test_llm_safety_boundaries.TestLegalConclusionPhraseRedaction" name="test_prohibited_phrase_redacts_answer[should be jailed]" time="0.003" /><testcase classname="app.tests.test_llm_safety_boundaries.TestLegalConclusionPhraseRedaction" name="test_clean_answer_passes_through" time="0.001" /><testcase classname="app.tests.test_llm_safety_boundaries.TestProviderErrorIsolation" name="test_runtime_error_returns_safe_response" time="0.002" /><testcase classname="app.tests.test_llm_safety_boundaries.TestProviderErrorIsolation" name="test_value_error_returns_safe_response" time="0.001" /><testcase classname="app.tests.test_llm_safety_boundaries.TestProviderErrorIsolation" name="test_timeout_returns_safe_response" time="0.001" /><testcase classname="app.tests.test_llm_safety_boundaries.TestSubclassBypassPrevention" name="test_subclass_cannot_call_prohibited_task_via_run" time="0.000" /><testcase classname="app.tests.test_machine_ingest_contract.TestValidateMachineIngestContract" name="test_valid_result_returns_no_violations" time="0.001" /><testcase classname="app.tests.test_machine_ingest_contract.TestValidateMachineIngestContract" name="test_empty_bytes_returns_no_raw_content" time="0.001" /><testcase classname="app.tests.test_machine_ingest_contract.TestValidateMachineIngestContract" name="test_none_bytes_returns_no_raw_content" time="0.001" /><testcase classname="app.tests.test_machine_ingest_contract.TestValidateMachineIngestContract" name="test_no_url_anywhere_returns_no_fetch_url" time="0.002" /><testcase classname="app.tests.test_machine_ingest_contract.TestValidateMachineIngestContract" name="test_base_url_satisfies_url_requirement" time="0.001" /><testcase classname="app.tests.test_machine_ingest_contract.TestValidateMachineIngestContract" name="test_no_parser_version_returns_no_parser_version" time="0.001" /><testcase classname="app.tests.test_machine_ingest_contract.TestValidateMachineIngestContract" name="test_multiple_violations_all_reported" time="0.003" /><testcase classname="app.tests.test_machine_ingest_contract.TestPersistIngestionResultQuarantine" name="test_machine_ingest_with_no_bytes_quarantines_run" time="0.194" /><testcase classname="app.tests.test_machine_ingest_contract.TestPersistIngestionResultQuarantine" name="test_machine_ingest_none_source_class_treated_as_machine_ingest" time="0.001" /><testcase classname="app.tests.test_machine_ingest_contract.TestPersistIngestionResultQuarantine" name="test_portal_reference_skips_machine_ingest_validation" time="0.001" /><testcase classname="app.tests.test_machine_ingest_contract.TestPersistIngestionResultQuarantine" name="test_valid_machine_ingest_proceeds_to_snapshot_creation" time="0.002" /><testcase classname="app.tests.test_machine_ingest_contract.TestContractViolationError" name="test_reason_attribute_stored" time="0.000" /><testcase classname="app.tests.test_machine_ingest_contract.TestContractViolationError" name="test_default_message_falls_back_to_reason" time="0.001" /><testcase classname="app.tests.test_machine_ingest_contract.TestContractViolationError" name="test_is_exception" time="0.001" /><testcase classname="app.tests.test_machine_ingest_contract.TestValidateRecordContractHook" name="test_default_implementation_does_not_raise" time="0.001" /><testcase classname="app.tests.test_machine_ingest_contract.TestValidateRecordContractHook" name="test_subclass_can_raise_contract_violation_error" time="0.001" /><testcase classname="app.tests.test_machine_ingest_publication_block" name="test_machine_ingest_blocks_adapter_direct_publication_flags" time="0.001" /><testcase classname="app.tests.test_machine_ingest_publication_block" name="test_machine_ingest_blocks_disabled_source" time="0.001" /><testcase classname="app.tests.test_machine_ingest_publication_block" name="test_machine_ingest_requires_fetch_url_and_raw_snapshot" time="0.000" /><testcase classname="app.tests.test_map_bbox" name="test_bbox_returns_seeded_events" time="0.042" /><testcase classname="app.tests.test_map_bbox" name="test_newly_inserted_event_returned_by_bbox" time="0.031" /><testcase classname="app.tests.test_map_bbox" name="test_bbox_behavior_independent_of_geom_column" time="0.002" /><testcase classname="app.tests.test_map_bbox" name="test_map_events_with_bbox_returns_results" time="0.007" /><testcase classname="app.tests.test_map_bbox" name="test_map_crime_incidents_with_bbox_returns_results" time="0.023" /><testcase classname="app.tests.test_map_bbox" name="test_map_crime_aggregates_with_bbox_returns_results" time="0.029" /><testcase classname="app.tests.test_map_bbox" name="test_bbox_validation_rejects_invalid_format" time="0.003" /><testcase classname="app.tests.test_map_bbox" name="test_bbox_validation_rejects_out_of_range" time="0.003" /><testcase classname="app.tests.test_map_bbox" name="test_bbox_validation_rejects_south_greater_than_north" time="0.010" /><testcase classname="app.tests.test_map_bbox" name="test_map_events_bbox_returns_only_events_in_bounds" time="0.049" /><testcase classname="app.tests.test_map_bbox" name="test_bbox_query_does_not_crash_with_postgresql_dialect" time="0.005" /><testcase classname="app.tests.test_map_record.TestCourtEventTrustFields" name="test_court_event_source_tier_populated_from_source_quality" time="0.001" /><testcase classname="app.tests.test_map_record.TestCourtEventTrustFields" name="test_court_event_confidence_populated_from_classifier_metadata" time="0.002" /><testcase classname="app.tests.test_map_record.TestCourtEventTrustFields" name="test_court_event_warnings_empty_when_high_confidence" time="0.014" /><testcase classname="app.tests.test_map_record.TestIncidentTrustFields" name="test_incident_source_tier_official_when_source_url_present" time="0.002" /><testcase classname="app.tests.test_map_record.TestIncidentTrustFields" name="test_incident_no_linked_court_record_warning" time="0.005" /><testcase classname="app.tests.test_map_record.TestIncidentTrustFields" name="test_incident_returns_404_when_publication_policy_denies" time="0.001" /><testcase classname="app.tests.test_map_relationship_arcs.TestMapRelationshipArcs" name="test_arc_endpoint_returns_feature_collection_shape" time="0.023" /><testcase classname="app.tests.test_map_relationship_arcs.TestMapRelationshipArcs" name="test_arc_court_to_court_renders_linestring" time="0.063" /><testcase classname="app.tests.test_map_relationship_arcs.TestMapRelationshipArcs" name="test_arc_inactive_edge_excluded" time="0.013" /><testcase classname="app.tests.test_memory_checksums.TestStableJsonHash" name="test_deterministic" time="0.000" /><testcase classname="app.tests.test_memory_checksums.TestStableJsonHash" name="test_key_order_independent" time="0.000" /><testcase classname="app.tests.test_memory_checksums.TestStableJsonHash" name="test_different_values_differ" time="0.000" /><testcase classname="app.tests.test_memory_checksums.TestStableJsonHash" name="test_returns_64_char_hex_string" time="0.000" /><testcase classname="app.tests.test_memory_checksums.TestStableJsonHash" name="test_nested_structures" time="0.000" /><testcase classname="app.tests.test_memory_checksums.TestClaimKey" name="test_deterministic" time="0.000" /><testcase classname="app.tests.test_memory_checksums.TestClaimKey" name="test_whitespace_stripped_from_normalized_text" time="0.000" /><testcase classname="app.tests.test_memory_checksums.TestClaimKey" name="test_different_subject_ids_produce_different_keys" time="0.000" /><testcase classname="app.tests.test_memory_checksums.TestClaimKey" name="test_different_predicates_produce_different_keys" time="0.000" /><testcase classname="app.tests.test_memory_checksums.TestClaimKey" name="test_returns_64_char_hex" time="0.000" /><testcase classname="app.tests.test_memory_checksums.TestEvidenceChecksum" name="test_order_independent" time="0.000" /><testcase classname="app.tests.test_memory_checksums.TestEvidenceChecksum" name="test_different_items_differ" time="0.000" /><testcase classname="app.tests.test_memory_checksums.TestEvidenceChecksum" name="test_empty_list_returns_64_char_hex" time="0.000" /><testcase classname="app.tests.test_memory_checksums.TestEvidenceChecksum" name="test_single_item_deterministic" time="0.000" /><testcase classname="app.tests.test_memory_checksums.TestEntitySummaryChecksum" name="test_deterministic" time="0.000" /><testcase classname="app.tests.test_memory_checksums.TestEntitySummaryChecksum" name="test_order_independent" time="0.000" /><testcase classname="app.tests.test_memory_checksums.TestEntitySummaryChecksum" name="test_additional_claim_changes_checksum" time="0.000" /><testcase classname="app.tests.test_memory_checksums.TestEntitySummaryChecksum" name="test_empty_claims" time="0.000" /><testcase classname="app.tests.test_memory_checksums.TestStateChecksum" name="test_deterministic" time="0.000" /><testcase classname="app.tests.test_memory_checksums.TestStateChecksum" name="test_different_state_differs" time="0.000" /><testcase classname="app.tests.test_memory_checksums.TestStateChecksum" name="test_returns_64_char_hex" time="0.000" /><testcase classname="app.tests.test_memory_claim_lifecycle.TestMemoryClaimDefaults" name="test_status_defaults_to_active" time="0.011" /><testcase classname="app.tests.test_memory_claim_lifecycle.TestMemoryClaimDefaults" name="test_last_seen_at_is_nullable" time="0.013" /><testcase classname="app.tests.test_memory_claim_lifecycle.TestInvalidateClaim" name="test_sets_is_active_false" time="0.006" /><testcase classname="app.tests.test_memory_claim_lifecycle.TestInvalidateClaim" name="test_sets_status_inactive" time="0.004" /><testcase classname="app.tests.test_memory_claim_lifecycle.TestInvalidateClaim" name="test_sets_invalidation_reason" time="0.021" /><testcase classname="app.tests.test_memory_claim_lifecycle.TestInvalidateEntityState" name="test_all_claims_set_inactive" time="0.016" /><testcase classname="app.tests.test_memory_claim_lifecycle.TestGetActiveClaims" name="test_excludes_inactive_status" time="0.013" /><testcase classname="app.tests.test_memory_claim_lifecycle.TestGetActiveClaims" name="test_excludes_is_active_false" time="0.005" /><testcase classname="app.tests.test_memory_claim_schema.TestMemoryClaimSchema" name="test_claim_uid_unique_constraint" time="0.005" /><testcase classname="app.tests.test_memory_claim_schema.TestMemoryClaimSchema" name="test_confidence_range_constraint" time="0.006" /><testcase classname="app.tests.test_memory_claim_schema.TestMemoryClaimSchema" name="test_temporal_validity_constraint" time="0.012" /><testcase classname="app.tests.test_memory_claim_schema.TestMemoryClaimSchema" name="test_object_value_type_enum" time="0.003" /><testcase classname="app.tests.test_memory_claim_schema.TestMemoryClaimSchema" name="test_corroboration_and_contradiction_counts" time="0.004" /><testcase classname="app.tests.test_memory_claim_schema.TestMemoryClaimSchema" name="test_derived_from_ai_default" time="0.003" /><testcase classname="app.tests.test_memory_claim_schema.TestMemoryClaimSchema" name="test_review_status_default" time="0.003" /><testcase classname="app.tests.test_memory_claim_schema.TestMemoryClaimSchema" name="test_object_entity_id_foreign_key" time="0.005" /><testcase classname="app.tests.test_memory_claim_schema.TestMemoryClaimSchema" name="test_superseded_by_claim_id_self_reference" time="0.003" /><testcase classname="app.tests.test_memory_claim_schema.TestMemoryClaimSchema" name="test_extraction_run_id_foreign_key" time="0.005" /><testcase classname="app.tests.test_memory_claim_schema.TestMemoryClaimSchema" name="test_jurisdiction_index" time="0.006" /><testcase classname="app.tests.test_memory_claim_schema.TestMemoryClaimSchema" name="test_predicate_index" time="0.006" /><testcase classname="app.tests.test_memory_claim_schema.TestMemoryClaimSchema" name="test_review_status_index" time="0.004" /><testcase classname="app.tests.test_memory_contradictions.TestContradictionPersistence" name="test_detect_and_persist_contradiction" time="0.017" /><testcase classname="app.tests.test_memory_contradictions.TestContradictionPersistence" name="test_duplicate_contradiction_prevention" time="0.036" /><testcase classname="app.tests.test_memory_contradictions.TestOpenContradictionLookup" name="test_get_open_contradictions_by_claim" time="0.016" /><testcase classname="app.tests.test_memory_contradictions.TestOpenContradictionLookup" name="test_get_open_contradictions_by_entity" time="0.010" /><testcase classname="app.tests.test_memory_contradictions.TestReviewerResolution" name="test_resolve_contradiction_record" time="0.013" /><testcase classname="app.tests.test_memory_contradictions.TestReviewerResolution" name="test_resolve_nonexistent_contradiction_fails" time="0.001" /></testsuite></testsuites>