<?xml version="1.0" encoding="utf-8"?><testsuites name="pytest tests"><testsuite name="pytest" errors="0" failures="0" skipped="0" tests="470" time="113.739" timestamp="2026-06-04T23:36:14.294529-06:00" hostname="Mac.gateway.sasktel.net"><testcase classname="app.tests.test_memory_derivative_boundary.TestExtractClaimsDerivationBoundaries" name="test_no_claims_when_both_text_fields_are_empty_string" time="0.007" /><testcase classname="app.tests.test_memory_derivative_boundary.TestExtractClaimsDerivationBoundaries" name="test_no_claims_when_both_text_fields_are_none" time="0.000" /><testcase classname="app.tests.test_memory_derivative_boundary.TestExtractClaimsDerivationBoundaries" name="test_raw_content_used_when_extracted_text_is_none" time="0.000" /><testcase classname="app.tests.test_memory_derivative_boundary.TestExtractClaimsDerivationBoundaries" name="test_entity_type_claim_emitted_for_any_non_empty_text" time="0.000" /><testcase classname="app.tests.test_memory_derivative_boundary.TestExtractClaimsDerivationBoundaries" name="test_entity_type_claim_value_equals_entity_type_field" time="0.000" /><testcase classname="app.tests.test_memory_derivative_boundary.TestExtractClaimsDerivationBoundaries" name="test_no_name_mention_when_entity_name_absent_from_text" time="0.000" /><testcase classname="app.tests.test_memory_derivative_boundary.TestExtractClaimsDerivationBoundaries" name="test_name_mention_emitted_when_name_present_in_text" time="0.000" /><testcase classname="app.tests.test_memory_derivative_boundary.TestExtractClaimsDerivationBoundaries" name="test_role_claim_extracted_when_keyword_within_300_char_window" time="0.000" /><testcase classname="app.tests.test_memory_derivative_boundary.TestExtractClaimsDerivationBoundaries" name="test_role_claim_not_extracted_when_keyword_beyond_300_char_window" time="0.000" /><testcase classname="app.tests.test_memory_derivative_boundary.TestExtractClaimsDerivationBoundaries" name="test_all_emitted_claims_are_bound_to_entity_id" time="0.000" /><testcase classname="app.tests.test_memory_derivative_boundary.TestExtractClaimsDerivationBoundaries" name="test_no_role_claim_when_no_name_match_and_keyword_absent" time="0.000" /><testcase classname="app.tests.test_memory_derivative_boundary.TestExtractClaimsDerivationBoundaries" name="test_bail_decision_claim_extracted_when_present" time="0.000" /><testcase classname="app.tests.test_memory_derivative_boundary.TestExtractClaimsDerivationBoundaries" name="test_disposition_claim_extracted_when_present" time="0.000" /><testcase classname="app.tests.test_memory_derivative_boundary.TestHardReasonsBoundary" name="test_hard_reasons_is_frozenset" time="0.000" /><testcase classname="app.tests.test_memory_derivative_boundary.TestHardReasonsBoundary" name="test_manual_reject_is_a_hard_reason" time="0.000" /><testcase classname="app.tests.test_memory_derivative_boundary.TestHardReasonsBoundary" name="test_source_rejected_is_a_hard_reason" time="0.000" /><testcase classname="app.tests.test_memory_derivative_boundary.TestHardReasonsBoundary" name="test_privacy_violation_is_a_hard_reason" time="0.000" /><testcase classname="app.tests.test_memory_derivative_boundary.TestHardReasonsBoundary" name="test_stale_rebuild_is_not_a_hard_reason" time="0.000" /><testcase classname="app.tests.test_memory_derivative_boundary.TestHardReasonsBoundary" name="test_empty_string_is_not_a_hard_reason" time="0.000" /><testcase classname="app.tests.test_memory_derivative_boundary.TestHardReasonsBoundary" name="test_none_is_not_a_hard_reason" time="0.000" /><testcase classname="app.tests.test_memory_derivative_boundary.TestHardReasonsBoundary" name="test_hard_reasons_cannot_be_mutated" time="0.000" /><testcase classname="app.tests.test_memory_derivative_boundary.TestRetrievalBoundary" name="test_list_claims_returns_empty_list_for_unknown_entity" time="0.001" /><testcase classname="app.tests.test_memory_derivative_boundary.TestRetrievalBoundary" name="test_list_claims_passes_entity_id_filter_to_query" time="0.001" /><testcase classname="app.tests.test_memory_derivative_boundary.TestRetrievalBoundary" name="test_list_claims_no_filters_returns_all_from_db" time="0.001" /><testcase classname="app.tests.test_memory_derivative_boundary.TestRetrievalBoundary" name="test_search_claims_semantic_returns_empty_when_embeddings_disabled" time="0.003" /><testcase classname="app.tests.test_memory_derivative_boundary.TestRetrievalBoundary" name="test_search_claims_semantic_forwards_results_from_embeddings" time="0.000" /><testcase classname="app.tests.test_memory_graph_bridge.TestMemoryGraphBridge" name="test_known_claim_types_produce_edges" time="0.013" /><testcase classname="app.tests.test_memory_graph_bridge.TestMemoryGraphBridge" name="test_unknown_claim_type_is_skipped" time="0.001" /><testcase classname="app.tests.test_memory_graph_bridge.TestMemoryGraphBridge" name="test_idempotent_second_call" time="0.003" /><testcase classname="app.tests.test_memory_graph_bridge.TestMemoryGraphBridge" name="test_empty_claims_returns_zero" time="0.001" /><testcase classname="app.tests.test_memory_graph_bridge.TestMemoryGraphBridgeInvalidation" name="test_inactive_claim_is_skipped" time="0.002" /><testcase classname="app.tests.test_memory_graph_bridge.TestMemoryGraphBridgeInvalidation" name="test_mixed_known_and_unknown_types_count" time="0.003" /><testcase classname="app.tests.test_memory_graph_bridge.TestMemoryGraphBridgeInvalidation" name="test_incremental_second_batch_inserts_only_new" time="0.005" /><testcase classname="app.tests.test_memory_graph_bridge.TestMemoryGraphBridgeInvalidation" name="test_nonexistent_entity_empty_claims_returns_zero" time="0.000" /><testcase classname="app.tests.test_memory_graph_bridge.TestMemoryGraphBridgeInvalidation" name="test_all_predicate_mappings_are_correct" time="0.048" /><testcase classname="app.tests.test_memory_invalidation.TestInvalidateClaim" name="test_marks_claim_inactive" time="0.003" /><testcase classname="app.tests.test_memory_invalidation.TestInvalidateClaim" name="test_writes_audit_record" time="0.002" /><testcase classname="app.tests.test_memory_invalidation.TestInvalidateClaim" name="test_raises_for_missing_claim" time="0.000" /><testcase classname="app.tests.test_memory_invalidation.TestInvalidateClaim" name="test_audit_records_rebuild_run_id" time="0.080" /><testcase classname="app.tests.test_memory_invalidation.TestInvalidateClaim" name="test_audit_reason_stored" time="0.003" /><testcase classname="app.tests.test_memory_invalidation.TestInvalidateEntityState" name="test_raises_when_no_state" time="0.001" /><testcase classname="app.tests.test_memory_invalidation.TestInvalidateEntityState" name="test_invalidates_all_active_claims" time="0.003" /><testcase classname="app.tests.test_memory_invalidation.TestInvalidateEntityState" name="test_adds_audit_record_for_each_invalidated_claim" time="0.002" /><testcase classname="app.tests.test_memory_public_boundary.TestPublicBoundary" name="test_no_forbidden_imports_in_memory_modules" time="0.030" /><testcase classname="app.tests.test_memory_public_boundary.TestPublicBoundary" name="test_memory_module_is_importable" time="0.000" /><testcase classname="app.tests.test_memory_rebuild.TestRunRebuild" name="test_rejects_unknown_scope" time="0.000" /><testcase classname="app.tests.test_memory_rebuild.TestRunRebuild" name="test_entity_scope_requires_entity_id" time="0.000" /><testcase classname="app.tests.test_memory_rebuild.TestRunRebuild" name="test_entity_scope_missing_entity_raises" time="0.000" /><testcase classname="app.tests.test_memory_rebuild.TestRunRebuild" name="test_full_scope_with_no_entities_returns_completed_run" time="0.001" /><testcase classname="app.tests.test_memory_rebuild.TestRunRebuild" name="test_full_scope_skips_entity_without_snapshot" time="0.001" /><testcase classname="app.tests.test_memory_rebuild.TestRunRebuild" name="test_full_scope_exception_marks_run_as_failed" time="0.001" /><testcase classname="app.tests.test_memory_rebuild.TestRunRebuild" name="test_entity_scope_processes_single_entity" time="0.001" /><testcase classname="app.tests.test_memory_rebuild.TestRunRebuild" name="test_full_scope_processes_all_snapshots_for_entity" time="0.002" /><testcase classname="app.tests.test_memory_rebuild.TestRunRebuild" name="test_multi_snapshot_single_entity_skips_no_duplicate_on_second_pass" time="0.002" /><testcase classname="app.tests.test_memory_rebuild.TestUpsertClaims" name="test_upsert_claims_updates_last_seen_at_on_existing" time="0.003" /><testcase classname="app.tests.test_memory_rebuild.TestUpsertClaims" name="test_upsert_claims_hard_rejected_claim_is_not_reactivated" time="0.002" /><testcase classname="app.tests.test_memory_rebuild_accumulation.TestGetLatestSnapshotForEntity" name="test_returns_none_when_no_links" time="0.005" /><testcase classname="app.tests.test_memory_rebuild_accumulation.TestGetLatestSnapshotForEntity" name="test_returns_linked_snapshot" time="0.007" /><testcase classname="app.tests.test_memory_rebuild_accumulation.TestGetLatestSnapshotForEntity" name="test_returns_latest_when_multiple_links" time="0.004" /><testcase classname="app.tests.test_memory_rebuild_accumulation.TestGetLatestSnapshotForEntity" name="test_does_not_return_other_entity_snapshot" time="0.004" /><testcase classname="app.tests.test_memory_rebuild_accumulation.TestUpsertClaimsAccumulation" name="test_accumulates_evidence_link_for_existing_claim" time="0.015" /><testcase classname="app.tests.test_memory_rebuild_accumulation.TestUpsertClaimsAccumulation" name="test_does_not_duplicate_link_for_same_snapshot" time="0.007" /><testcase classname="app.tests.test_memory_runtime.TestClaimStatus" name="test_all_values_present" time="0.000" /><testcase classname="app.tests.test_memory_runtime.TestClaimStatus" name="test_str_equality" time="0.000" /><testcase classname="app.tests.test_memory_runtime.TestLifecyclePolicy" name="test_default_stale_threshold" time="0.000" /><testcase classname="app.tests.test_memory_runtime.TestLifecyclePolicy" name="test_custom_stale_threshold" time="0.000" /><testcase classname="app.tests.test_memory_runtime.TestLifecyclePolicy" name="test_archive_threshold" time="0.000" /><testcase classname="app.tests.test_memory_runtime.TestLifecyclePolicy" name="test_hard_reasons" time="0.000" /><testcase classname="app.tests.test_memory_runtime.TestLifecyclePolicy" name="test_reactivation_blocked" time="0.000" /><testcase classname="app.tests.test_memory_runtime.TestLifecyclePolicy" name="test_reactivation_allowed_by_default" time="0.000" /><testcase classname="app.tests.test_memory_runtime.TestClaimTransition" name="test_valid_transition" time="0.000" /><testcase classname="app.tests.test_memory_runtime.TestClaimTransition" name="test_invalid_transition" time="0.000" /><testcase classname="app.tests.test_memory_runtime.TestMemoryStateMachine" name="test_register_and_initial_status" time="0.000" /><testcase classname="app.tests.test_memory_runtime.TestMemoryStateMachine" name="test_register_duplicate_raises" time="0.000" /><testcase classname="app.tests.test_memory_runtime.TestMemoryStateMachine" name="test_register_or_get_idempotent" time="0.000" /><testcase classname="app.tests.test_memory_runtime.TestMemoryStateMachine" name="test_activate" time="0.000" /><testcase classname="app.tests.test_memory_runtime.TestMemoryStateMachine" name="test_invalidate" time="0.000" /><testcase classname="app.tests.test_memory_runtime.TestMemoryStateMachine" name="test_illegal_transition_raises" time="0.000" /><testcase classname="app.tests.test_memory_runtime.TestMemoryStateMachine" name="test_unknown_claim_raises_key_error" time="0.000" /><testcase classname="app.tests.test_memory_runtime.TestMemoryStateMachine" name="test_claims_by_status" time="0.000" /><testcase classname="app.tests.test_memory_runtime.TestMemoryStateMachine" name="test_history_records_transitions" time="0.000" /><testcase classname="app.tests.test_memory_runtime.TestMemoryStateMachine" name="test_advance_rebuild_cycle_auto_stale" time="0.000" /><testcase classname="app.tests.test_memory_runtime.TestMemoryStateMachine" name="test_advance_rebuild_cycle_auto_archive" time="0.000" /><testcase classname="app.tests.test_memory_runtime.TestMemoryStateMachine" name="test_claim_count" time="0.000" /><testcase classname="app.tests.test_memory_runtime.TestMemoryStateMachine" name="test_all_transitions" time="0.000" /><testcase classname="app.tests.test_memory_runtime.TestDiffEngine" name="test_empty_vs_empty" time="0.000" /><testcase classname="app.tests.test_memory_runtime.TestDiffEngine" name="test_all_added" time="0.000" /><testcase classname="app.tests.test_memory_runtime.TestDiffEngine" name="test_all_removed" time="0.000" /><testcase classname="app.tests.test_memory_runtime.TestDiffEngine" name="test_modified" time="0.000" /><testcase classname="app.tests.test_memory_runtime.TestDiffEngine" name="test_unchanged" time="0.000" /><testcase classname="app.tests.test_memory_runtime.TestDiffEngine" name="test_mixed" time="0.000" /><testcase classname="app.tests.test_memory_runtime.TestDiffEngine" name="test_summary_totals" time="0.000" /><testcase classname="app.tests.test_memory_runtime.TestDiffEngine" name="test_change_count" time="0.000" /><testcase classname="app.tests.test_memory_runtime.TestDiffEngine" name="test_key_set_diff" time="0.000" /><testcase classname="app.tests.test_memory_runtime.TestDiffEngine" name="test_entries_contain_all_kinds" time="0.000" /><testcase classname="app.tests.test_memory_runtime.TestDiffEngine" name="test_is_structural_change" time="0.000" /><testcase classname="app.tests.test_memory_runtime.TestCachePolicy" name="test_ttl_enabled" time="0.000" /><testcase classname="app.tests.test_memory_runtime.TestCachePolicy" name="test_ttl_disabled_zero" time="0.000" /><testcase classname="app.tests.test_memory_runtime.TestCachePolicy" name="test_ttl_disabled_none" time="0.000" /><testcase classname="app.tests.test_memory_runtime.TestCacheEntry" name="test_age" time="0.000" /><testcase classname="app.tests.test_memory_runtime.TestCacheEntry" name="test_is_expired" time="0.000" /><testcase classname="app.tests.test_memory_runtime.TestClaimCache" name="test_put_and_get" time="0.000" /><testcase classname="app.tests.test_memory_runtime.TestClaimCache" name="test_miss_returns_none" time="0.000" /><testcase classname="app.tests.test_memory_runtime.TestClaimCache" name="test_hit_rate" time="0.000" /><testcase classname="app.tests.test_memory_runtime.TestClaimCache" name="test_ttl_expiry" time="0.000" /><testcase classname="app.tests.test_memory_runtime.TestClaimCache" name="test_ttl_not_expired_yet" time="0.000" /><testcase classname="app.tests.test_memory_runtime.TestClaimCache" name="test_eviction_lru" time="0.000" /><testcase classname="app.tests.test_memory_runtime.TestClaimCache" name="test_eviction_fifo" time="0.000" /><testcase classname="app.tests.test_memory_runtime.TestClaimCache" name="test_explicit_evict" time="0.000" /><testcase classname="app.tests.test_memory_runtime.TestClaimCache" name="test_evict_absent_returns_false" time="0.000" /><testcase classname="app.tests.test_memory_runtime.TestClaimCache" name="test_purge_expired" time="0.000" /><testcase classname="app.tests.test_memory_runtime.TestClaimCache" name="test_purge_no_ttl_does_nothing" time="0.000" /><testcase classname="app.tests.test_memory_runtime.TestClaimCache" name="test_clear" time="0.000" /><testcase classname="app.tests.test_memory_runtime.TestClaimCache" name="test_update_existing" time="0.000" /><testcase classname="app.tests.test_memory_runtime.TestRebuildScheduler" name="test_schedule_and_next_ready" time="0.000" /><testcase classname="app.tests.test_memory_runtime.TestRebuildScheduler" name="test_pending_count" time="0.000" /><testcase classname="app.tests.test_memory_runtime.TestRebuildScheduler" name="test_next_ready_respects_run_after_tick" time="0.000" /><testcase classname="app.tests.test_memory_runtime.TestRebuildScheduler" name="test_priority_ordering" time="0.000" /><testcase classname="app.tests.test_memory_runtime.TestRebuildScheduler" name="test_complete" time="0.000" /><testcase classname="app.tests.test_memory_runtime.TestRebuildScheduler" name="test_fail_requeues_with_backoff" time="0.000" /><testcase classname="app.tests.test_memory_runtime.TestRebuildScheduler" name="test_fail_exhausts_retries" time="0.000" /><testcase classname="app.tests.test_memory_runtime.TestRebuildScheduler" name="test_drain_ready" time="0.000" /><testcase classname="app.tests.test_memory_runtime.TestRebuildScheduler" name="test_schedule_many" time="0.000" /><testcase classname="app.tests.test_memory_runtime.TestRebuildScheduler" name="test_is_pending_and_in_flight" time="0.000" /><testcase classname="app.tests.test_memory_runtime.TestRebuildScheduler" name="test_duplicate_schedule_promotes_priority" time="0.000" /><testcase classname="app.tests.test_memory_runtime.TestRebuildScheduler" name="test_stats" time="0.000" /><testcase classname="app.tests.test_memory_runtime.TestMemoryMetrics" name="test_increment_and_get" time="0.000" /><testcase classname="app.tests.test_memory_runtime.TestMemoryMetrics" name="test_default_zero" time="0.000" /><testcase classname="app.tests.test_memory_runtime.TestMemoryMetrics" name="test_reset_single" time="0.000" /><testcase classname="app.tests.test_memory_runtime.TestMemoryMetrics" name="test_reset_all" time="0.000" /><testcase classname="app.tests.test_memory_runtime.TestMemoryMetrics" name="test_snapshot" time="0.000" /><testcase classname="app.tests.test_memory_runtime.TestMemoryMetrics" name="test_merge" time="0.000" /><testcase classname="app.tests.test_memory_runtime.TestMemoryMetrics" name="test_top_n" time="0.000" /><testcase classname="app.tests.test_memory_runtime.TestMemoryMetrics" name="test_total_events" time="0.000" /><testcase classname="app.tests.test_memory_runtime.TestMemoryRuntime" name="test_default_construction" time="0.000" /><testcase classname="app.tests.test_memory_runtime.TestMemoryRuntime" name="test_register_and_activate" time="0.000" /><testcase classname="app.tests.test_memory_runtime.TestMemoryRuntime" name="test_invalidate_records_metric" time="0.000" /><testcase classname="app.tests.test_memory_runtime.TestMemoryRuntime" name="test_active_and_stale_claims" time="0.000" /><testcase classname="app.tests.test_memory_runtime.TestMemoryRuntime" name="test_advance_rebuild_cycle_triggers_stale" time="0.000" /><testcase classname="app.tests.test_memory_runtime.TestMemoryRuntime" name="test_diff_claims_updates_metrics" time="0.000" /><testcase classname="app.tests.test_memory_runtime.TestMemoryRuntime" name="test_cache_put_get_miss" time="0.000" /><testcase classname="app.tests.test_memory_runtime.TestMemoryRuntime" name="test_cache_evict_records_metric" time="0.000" /><testcase classname="app.tests.test_memory_runtime.TestMemoryRuntime" name="test_schedule_and_complete_rebuild" time="0.001" /><testcase classname="app.tests.test_memory_runtime.TestMemoryRuntime" name="test_fail_rebuild_records_metric_when_exhausted" time="0.000" /><testcase classname="app.tests.test_memory_runtime.TestMemoryRuntime" name="test_fail_rebuild_requeues" time="0.000" /><testcase classname="app.tests.test_memory_runtime.TestMemoryRuntime" name="test_metrics_snapshot_structure" time="0.000" /><testcase classname="app.tests.test_memory_runtime.TestMemoryRuntime" name="test_register_claim_with_custom_status" time="0.001" /><testcase classname="app.tests.test_memory_runtime.TestMemoryRuntime" name="test_full_lifecycle_round_trip" time="0.000" /><testcase classname="app.tests.test_mutation_fail_closed_additional" name="test_public_event_create_fails_closed_when_audit_write_fails" time="0.002" /><testcase classname="app.tests.test_mutation_fail_closed_additional" name="test_ai_correctness_incident_fails_closed_when_audit_write_fails" time="0.001" /><testcase classname="app.tests.test_mutation_fail_closed_additional" name="test_manual_csv_import_fails_closed_when_audit_write_fails" time="0.011" /><testcase classname="app.tests.test_mutation_fail_closed_additional" name="test_ingestion_retry_fails_closed_when_audit_write_fails" time="0.794" /><testcase classname="app.tests.test_mutation_fail_closed_additional" name="test_admin_ingestion_retry_adapter_failure_writes_audit_before_commit" time="0.003" /><testcase classname="app.tests.test_mutation_fail_closed_additional" name="test_admin_ingestion_retry_adapter_failure_audit_failure_rolls_back_failed_run" time="0.003" /><testcase classname="app.tests.test_mutation_fail_closed_additional" name="test_admin_ingestion_retry_adapter_failure_does_not_commit_without_audit" time="0.002" /><testcase classname="app.tests.test_mutation_fail_closed_additional" name="test_courtlistener_bulk_import_disabled_returns_404" time="0.000" /><testcase classname="app.tests.test_mutation_fail_closed_additional" name="test_courtlistener_bulk_import_disabled_does_not_mutate_db_state" time="0.001" /><testcase classname="app.tests.test_mutation_fail_closed_additional" name="test_courtlistener_bulk_import_disabled_rejects_all_payload_variants" time="0.002" /><testcase classname="app.tests.test_mutation_fail_closed_coverage" name="test_all_route_log_mutation_calls_are_fail_closed" time="0.159" /><testcase classname="app.tests.test_mutation_fail_closed_coverage" name="test_mutation_routes_without_log_mutation_are_audited_or_allowlisted" time="0.045" /><testcase classname="app.tests.test_mutation_fail_closed_coverage" name="test_mutation_audit_allowlist_entries_have_expiry_and_reason" time="0.000" /><testcase classname="app.tests.test_mutation_fail_closed_coverage" name="test_no_expired_mutation_audit_allowlist_entries" time="0.000" /><testcase classname="app.tests.test_mutation_rbac_matrix.TestAnonymousDenied" name="test_anonymous_denied[POST-/api/admin/memory/rebuild-body0]" time="0.008" /><testcase classname="app.tests.test_mutation_rbac_matrix.TestAnonymousDenied" name="test_anonymous_denied[POST-/api/admin/memory/claims/1/invalidate-body1]" time="0.003" /><testcase classname="app.tests.test_mutation_rbac_matrix.TestAnonymousDenied" name="test_anonymous_denied[POST-/api/admin/quarantine/1/release-body2]" time="0.003" /><testcase classname="app.tests.test_mutation_rbac_matrix.TestAnonymousDenied" name="test_anonymous_denied[POST-/api/admin/review-queue/judge/1/decision-body3]" time="0.004" /><testcase classname="app.tests.test_mutation_rbac_matrix.TestAnonymousDenied" name="test_anonymous_denied[POST-/api/admin/review/items/1/approve-body4]" time="0.004" /><testcase classname="app.tests.test_mutation_rbac_matrix.TestAnonymousDenied" name="test_anonymous_denied[POST-/api/admin/review/items/1/reject-body5]" time="0.005" /><testcase classname="app.tests.test_mutation_rbac_matrix.TestJWTRoleHierarchy" name="test_viewer_denied_on_admin_memory_rebuild" time="0.030" /><testcase classname="app.tests.test_mutation_rbac_matrix.TestJWTRoleHierarchy" name="test_reviewer_denied_on_admin_memory_rebuild" time="0.002" /><testcase classname="app.tests.test_mutation_rbac_matrix.TestJWTRoleHierarchy" name="test_source_admin_denied_on_admin_memory_rebuild" time="0.002" /><testcase classname="app.tests.test_mutation_rbac_matrix.TestJWTRoleHierarchy" name="test_admin_allowed_on_admin_memory_rebuild" time="0.018" /><testcase classname="app.tests.test_mutation_rbac_matrix.TestJWTRoleHierarchy" name="test_owner_allowed_on_admin_memory_rebuild" time="0.012" /><testcase classname="app.tests.test_mutation_rbac_matrix.TestJWTRoleHierarchy" name="test_admin_allowed_on_quarantine_release" time="0.004" /><testcase classname="app.tests.test_mutation_rbac_matrix.TestJWTRoleHierarchy" name="test_viewer_denied_on_quarantine_release" time="0.002" /><testcase classname="app.tests.test_mutation_rbac_matrix.TestJWTRoleHierarchy" name="test_legacy_token_rejected_when_legacy_disabled" time="0.002" /><testcase classname="app.tests.test_mutation_rbac_matrix.TestRoleHierarchyUnit" name="test_viewer_fails_source_admin_requirement" time="0.000" /><testcase classname="app.tests.test_mutation_rbac_matrix.TestRoleHierarchyUnit" name="test_reviewer_fails_admin_requirement" time="0.000" /><testcase classname="app.tests.test_mutation_rbac_matrix.TestRoleHierarchyUnit" name="test_source_admin_passes_source_admin_requirement" time="0.000" /><testcase classname="app.tests.test_mutation_rbac_matrix.TestRoleHierarchyUnit" name="test_admin_passes_reviewer_requirement" time="0.000" /><testcase classname="app.tests.test_mutation_rbac_matrix.TestRoleHierarchyUnit" name="test_owner_passes_all_requirements" time="0.000" /><testcase classname="app.tests.test_mutation_rbac_matrix.TestRoleHierarchyUnit" name="test_role_rank_ordering" time="0.000" /><testcase classname="app.tests.test_mutation_rbac_matrix.TestLegacyTokenDisabledByDefault" name="test_field_default_is_false" time="0.001" /><testcase classname="app.tests.test_mutation_rbac_matrix.TestLegacyTokenDisabledByDefault" name="test_jwt_auth_enabled_default_is_false" time="0.000" /><testcase classname="app.tests.test_mutation_rbac_matrix.TestMutationWritesAuditLog" name="test_review_decision_audit_log_schema" time="0.003" /><testcase classname="app.tests.test_mutation_rbac_matrix.TestMutationWritesAuditLog" name="test_admin_action_audit_log_schema" time="0.001" /><testcase classname="app.tests.test_mutation_rbac_matrix.TestMutationWritesAuditLog" name="test_owner_action_audit_log_schema" time="0.002" /><testcase classname="app.tests.test_mutation_route_authority_coverage" name="test_allowlist_entries_are_specific_and_documented" time="0.000" /><testcase classname="app.tests.test_mutation_route_authority_coverage" name="test_mutation_routes_use_explicit_role_floors" time="0.023" /><testcase classname="app.tests.test_mutation_route_jwt_guard_regression" name="test_mutation_routes_enforce_jwt_authority" time="0.001" /><testcase classname="app.tests.test_named_person_publication_policy" name="test_named_person_criminal_allegation_requires_elevated_approval" time="0.019" /><testcase classname="app.tests.test_named_person_publication_policy" name="test_named_person_criminal_allegation_with_elevated_approval_passes" time="0.006" /><testcase classname="app.tests.test_named_person_publication_policy" name="test_public_record_criminal_allegation_does_not_require_elevated_approval" time="0.005" /><testcase classname="app.tests.test_named_person_publication_policy" name="test_non_criminal_allegation_does_not_require_elevated_approval" time="0.005" /><testcase classname="app.tests.test_named_person_publication_policy" name="test_elevated_approval_fields_are_set" time="0.002" /><testcase classname="app.tests.test_no_direct_auditlog_insert_outside_append_log" name="test_no_direct_auditlog_insert_outside_append_log" time="0.639" /><testcase classname="app.tests.test_no_direct_ingestion_network_clients" name="test_check_script_passes_on_clean_repository" time="0.594" /><testcase classname="app.tests.test_no_direct_ingestion_network_clients" name="test_check_script_fails_on_forbidden_import_in_adapter" time="0.573" /><testcase classname="app.tests.test_no_direct_ingestion_network_clients" name="test_not_runtime_module_is_skipped_by_check3" time="0.077" /><testcase classname="app.tests.test_no_external_reference_imports" name="test_no_external_reference_imports_in_backend" time="0.308" /><testcase classname="app.tests.test_no_external_reference_imports" name="test_external_reference_directory_isolated" time="0.000" /><testcase classname="app.tests.test_no_external_runtime_imports" name="test_runtime_code_does_not_import_external_reference_tree" time="7.324" /><testcase classname="app.tests.test_no_global_legacy_token_bypass" name="test_shared_token_import_access_is_not_globally_enabled" time="0.001" /><testcase classname="app.tests.test_no_sample_data_in_production" name="test_auto_seed_defaults_false" time="0.020" /><testcase classname="app.tests.test_no_sample_data_in_production" name="test_production_env_must_not_auto_seed" time="0.018" /><testcase classname="app.tests.test_no_sample_data_in_production" name="test_development_can_enable_auto_seed" time="0.013" /><testcase classname="app.tests.test_open_data_adapters" name="test_natural_earth_loader_upserts_boundaries" time="0.141" /><testcase classname="app.tests.test_open_data_adapters" name="test_natural_earth_loader_idempotent" time="0.003" /><testcase classname="app.tests.test_open_data_adapters" name="test_natural_earth_loader_missing_file_returns_error" time="0.001" /><testcase classname="app.tests.test_open_data_adapters" name="test_geonames_resolve_city_returns_result" time="0.001" /><testcase classname="app.tests.test_open_data_adapters" name="test_geonames_resolve_city_no_username_returns_none" time="0.000" /><testcase classname="app.tests.test_open_data_adapters" name="test_geonames_resolve_city_empty_response_returns_none" time="0.001" /><testcase classname="app.tests.test_open_data_adapters" name="test_statscan_import_known_provinces" time="0.059" /><testcase classname="app.tests.test_open_data_adapters" name="test_statscan_import_auto_publish_tier" time="0.021" /><testcase classname="app.tests.test_open_data_adapters" name="test_statscan_import_missing_columns_skips" time="0.000" /><testcase classname="app.tests.test_open_data_adapters" name="test_fbi_import_known_states" time="0.028" /><testcase classname="app.tests.test_open_data_adapters" name="test_fbi_import_auto_publish_tier" time="0.010" /><testcase classname="app.tests.test_open_data_adapters" name="test_fbi_import_empty_payload" time="0.000" /><testcase classname="app.tests.test_open_data_adapters" name="test_chicago_import_valid_rows" time="0.064" /><testcase classname="app.tests.test_open_data_adapters" name="test_chicago_import_rejects_unsafe_notes" time="0.001" /><testcase classname="app.tests.test_open_data_adapters" name="test_toronto_import_valid_rows" time="0.016" /><testcase classname="app.tests.test_open_data_adapters" name="test_toronto_import_unsafe_record_rejected" time="0.011" /><testcase classname="app.tests.test_open_data_adapters" name="test_saskatoon_import_valid_rows" time="0.047" /><testcase classname="app.tests.test_open_data_adapters" name="test_saskatoon_import_uses_city_centroid" time="0.017" /><testcase classname="app.tests.test_open_data_adapters" name="test_la_import_valid_rows" time="0.016" /><testcase classname="app.tests.test_open_data_adapters" name="test_la_import_falls_back_to_area_centroid" time="0.006" /><testcase classname="app.tests.test_open_data_adapters" name="test_gdelt_import_valid_articles" time="0.009" /><testcase classname="app.tests.test_open_data_adapters" name="test_gdelt_import_idempotent" time="0.001" /><testcase classname="app.tests.test_open_data_adapters" name="test_gdelt_import_sets_hold_tier" time="0.008" /><testcase classname="app.tests.test_open_data_adapters" name="test_gdelt_parse_date" time="0.000" /><testcase classname="app.tests.test_outcomes_and_ingestion" name="test_source_verification_required_for_outcomes" time="0.007" /><testcase classname="app.tests.test_outcomes_and_ingestion" name="test_courtlistener_parse_isolates_bad_record" time="0.247" /><testcase classname="app.tests.test_outcomes_and_ingestion" name="test_courtlistener_relative_urls_normalize_to_absolute" time="0.015" /><testcase classname="app.tests.test_outcomes_and_ingestion" name="test_courtlistener_top_level_public_urls_normalize_to_absolute[absolute_url-/docket/1/foo/]" time="0.016" /><testcase classname="app.tests.test_outcomes_and_ingestion" name="test_courtlistener_top_level_public_urls_normalize_to_absolute[frontend_url-/docket/2/foo/]" time="0.010" /><testcase classname="app.tests.test_outcomes_and_ingestion" name="test_courtlistener_top_level_public_urls_normalize_to_absolute[docket_absolute_url-/docket/3/foo/]" time="0.010" /><testcase classname="app.tests.test_outcomes_and_ingestion" name="test_parsed_courtlistener_record_persists_case_source_event" time="0.091" /><testcase classname="app.tests.test_outcomes_and_ingestion" name="test_persisted_source_verification_controls_last_verified_at[secondary_context-False]" time="0.010" /><testcase classname="app.tests.test_outcomes_and_ingestion" name="test_persisted_source_verification_controls_last_verified_at[court_record-True]" time="0.011" /><testcase classname="app.tests.test_outcomes_and_ingestion" name="test_parsed_record_persistence_is_idempotent" time="0.008" /><testcase classname="app.tests.test_outcomes_and_ingestion" name="test_ingestion_runner_persists_and_tracks_counts" time="0.027" /><testcase classname="app.tests.test_outcomes_and_ingestion" name="test_ingestion_runner_isolates_failed_record" time="0.043" /><testcase classname="app.tests.test_outcomes_and_ingestion" name="test_one_docket_three_entries_creates_three_stable_events" time="0.026" /><testcase classname="app.tests.test_outcomes_and_ingestion" name="test_ingestion_rerun_is_idempotent" time="0.030" /><testcase classname="app.tests.test_outcomes_and_ingestion" name="test_unclassifiable_docket_entries_are_skipped" time="0.010" /><testcase classname="app.tests.test_outcomes_and_ingestion" name="test_courtlistener_persisted_event_defaults_to_pending_review" time="0.010" /><testcase classname="app.tests.test_outcomes_and_ingestion" name="test_courtlistener_persisted_event_not_on_public_map" time="0.052" /><testcase classname="app.tests.test_outcomes_and_ingestion" name="test_review_history_endpoint_requires_auth" time="0.004" /><testcase classname="app.tests.test_outcomes_and_ingestion" name="test_review_decision_creates_evidence_review_audit_entry" time="0.043" /><testcase classname="app.tests.test_outcomes_and_ingestion" name="test_review_history_filters_by_entity_type" time="0.006" /><testcase classname="app.tests.test_parser_version_contract" name="test_no_source_parser_version_is_violation" time="0.001" /><testcase classname="app.tests.test_parser_version_contract" name="test_source_has_version_result_missing_is_violation" time="0.002" /><testcase classname="app.tests.test_parser_version_contract" name="test_parser_version_mismatch_is_violation" time="0.000" /><testcase classname="app.tests.test_parser_version_contract" name="test_matching_parser_version_passes" time="0.001" /><testcase classname="app.tests.test_parser_version_contract" name="test_only_version_violation_when_other_fields_ok" time="0.001" /><testcase classname="app.tests.test_phase10_evidence_chat" name="test_sanitize_strips_control_chars" time="0.000" /><testcase classname="app.tests.test_phase10_evidence_chat" name="test_sanitize_enforces_length" time="0.000" /><testcase classname="app.tests.test_phase10_evidence_chat" name="test_sanitize_preserves_normal_text" time="0.000" /><testcase classname="app.tests.test_phase10_evidence_chat" name="test_no_entity_returns_no_evidence" time="0.002" /><testcase classname="app.tests.test_phase10_evidence_chat" name="test_nonpublic_incident_returns_no_evidence" time="0.021" /><testcase classname="app.tests.test_phase10_evidence_chat" name="test_public_incident_no_evidence_rows" time="0.013" /><testcase classname="app.tests.test_phase10_evidence_chat" name="test_public_incident_returns_citations" time="0.012" /><testcase classname="app.tests.test_phase10_evidence_chat" name="test_answer_contains_count" time="0.062" /><testcase classname="app.tests.test_phase10_evidence_chat" name="test_citations_capped_at_max" time="0.043" /><testcase classname="app.tests.test_phase10_evidence_chat" name="test_disclaimer_always_present" time="0.041" /><testcase classname="app.tests.test_phase10_evidence_chat" name="test_question_sanitized_before_use" time="0.004" /><testcase classname="app.tests.test_phase10_evidence_chat" name="test_case_id_evidence_returned" time="0.007" /><testcase classname="app.tests.test_phase10_evidence_chat" name="test_high_keyword_overlap_ranked_first" time="0.017" /><testcase classname="app.tests.test_phase10_evidence_chat" name="test_post_evidence_chat_allows_legal_context_without_entity" time="0.005" /><testcase classname="app.tests.test_phase10_evidence_chat" name="test_post_evidence_chat_question_too_short" time="0.012" /><testcase classname="app.tests.test_phase10_evidence_chat" name="test_post_evidence_chat_question_too_long" time="0.010" /><testcase classname="app.tests.test_phase10_evidence_chat" name="test_post_evidence_chat_nonexistent_incident_returns_200" time="0.004" /><testcase classname="app.tests.test_phase10_evidence_chat" name="test_post_evidence_chat_valid_returns_structure" time="0.022" /><testcase classname="app.tests.test_phase2_schema_lock.TestCanonicalEntitySchemas" name="test_source_registry_schema" time="0.010" /><testcase classname="app.tests.test_phase2_schema_lock.TestCanonicalEntitySchemas" name="test_source_snapshot_schema" time="0.000" /><testcase classname="app.tests.test_phase2_schema_lock.TestCanonicalEntitySchemas" name="test_ingestion_run_schema" time="0.000" /><testcase classname="app.tests.test_phase2_schema_lock.TestCanonicalEntitySchemas" name="test_review_item_schema" time="0.000" /><testcase classname="app.tests.test_phase2_schema_lock.TestCanonicalEntitySchemas" name="test_audit_log_schema" time="0.004" /><testcase classname="app.tests.test_phase2_schema_lock.TestCanonicalEntitySchemas" name="test_canonical_entity_schema" time="0.002" /><testcase classname="app.tests.test_phase2_schema_lock.TestCanonicalEntitySchemas" name="test_relationship_evidence_schema" time="0.000" /><testcase classname="app.tests.test_phase2_schema_lock.TestCanonicalEntitySchemas" name="test_memory_claim_schema" time="0.001" /><testcase classname="app.tests.test_phase2_schema_lock.TestImmutabilityConstraints" name="test_source_snapshot_no_update" time="0.000" /><testcase classname="app.tests.test_phase2_schema_lock.TestImmutabilityConstraints" name="test_audit_log_append_only" time="0.000" /><testcase classname="app.tests.test_phase2_schema_lock.TestSchemaConsistency" name="test_source_snapshot_references" time="0.001" /><testcase classname="app.tests.test_phase2_schema_lock.TestSchemaConsistency" name="test_ingestion_run_references" time="0.000" /><testcase classname="app.tests.test_phase3_adapter_contracts.TestSourceAdapterContract" name="test_source_adapter_contract_table_exists" time="0.002" /><testcase classname="app.tests.test_phase3_adapter_contracts.TestSourceAdapterContract" name="test_source_adapter_contract_required_fields" time="0.005" /><testcase classname="app.tests.test_phase3_adapter_contracts.TestSourceAdapterContract" name="test_source_adapter_contract_indices" time="0.002" /><testcase classname="app.tests.test_phase3_adapter_contracts.TestSourceSnapshotImmutability" name="test_source_snapshot_trigger_exists" time="0.000" /><testcase classname="app.tests.test_phase3_adapter_contracts.TestSourceSnapshotImmutability" name="test_source_snapshot_update_blocked" time="0.000" /><testcase classname="app.tests.test_phase3_adapter_contracts.TestAuditLogAppendOnly" name="test_audit_log_trigger_exists" time="0.002" /><testcase classname="app.tests.test_phase3_adapter_contracts.TestAuditLogAppendOnly" name="test_audit_log_update_blocked" time="0.003" /><testcase classname="app.tests.test_phase3_adapter_contracts.TestAuditLogAppendOnly" name="test_audit_log_delete_blocked" time="0.001" /><testcase classname="app.tests.test_phase3_adapter_contracts.TestParserVersionValidation" name="test_parser_version_format" time="0.000" /><testcase classname="app.tests.test_phase3_adapter_contracts.TestParserVersionValidation" name="test_adapter_contract_lookup" time="0.019" /><testcase classname="app.tests.test_phase3_adapter_contracts.TestPhase3Integration" name="test_phase3_entities_import_successfully" time="0.000" /><testcase classname="app.tests.test_phase3_adapter_contracts.TestPhase3Integration" name="test_phase3_schema_consistent" time="0.001" /><testcase classname="app.tests.test_phase4_recovery.TestErrorClassification" name="test_classify_transient_timeout_error" time="0.001" /><testcase classname="app.tests.test_phase4_recovery.TestErrorClassification" name="test_classify_transient_connection_reset" time="0.000" /><testcase classname="app.tests.test_phase4_recovery.TestErrorClassification" name="test_classify_transient_rate_limit" time="0.000" /><testcase classname="app.tests.test_phase4_recovery.TestErrorClassification" name="test_classify_transient_service_unavailable" time="0.001" /><testcase classname="app.tests.test_phase4_recovery.TestErrorClassification" name="test_classify_permanent_authentication_error" time="0.000" /><testcase classname="app.tests.test_phase4_recovery.TestErrorClassification" name="test_classify_permanent_forbidden_error" time="0.000" /><testcase classname="app.tests.test_phase4_recovery.TestErrorClassification" name="test_classify_permanent_contract_violation" time="0.000" /><testcase classname="app.tests.test_phase4_recovery.TestErrorClassification" name="test_classify_permanent_schema_mismatch" time="0.000" /><testcase classname="app.tests.test_phase4_recovery.TestErrorClassification" name="test_classify_permanent_parser_version_mismatch" time="0.000" /><testcase classname="app.tests.test_phase4_recovery.TestErrorClassification" name="test_classify_unknown_error" time="0.000" /><testcase classname="app.tests.test_phase4_recovery.TestErrorClassification" name="test_classify_empty_error_message" time="0.000" /><testcase classname="app.tests.test_phase4_recovery.TestExponentialBackoff" name="test_backoff_attempt_zero" time="0.000" /><testcase classname="app.tests.test_phase4_recovery.TestExponentialBackoff" name="test_backoff_attempt_one" time="0.000" /><testcase classname="app.tests.test_phase4_recovery.TestExponentialBackoff" name="test_backoff_attempt_two" time="0.000" /><testcase classname="app.tests.test_phase4_recovery.TestExponentialBackoff" name="test_backoff_respects_max_cap" time="0.000" /><testcase classname="app.tests.test_phase4_recovery.TestExponentialBackoff" name="test_backoff_with_custom_base" time="0.000" /><testcase classname="app.tests.test_phase4_recovery.TestShouldRetryIngestion" name="test_retry_transient_error_first_attempt" time="0.025" /><testcase classname="app.tests.test_phase4_recovery.TestShouldRetryIngestion" name="test_no_retry_permanent_error" time="0.005" /><testcase classname="app.tests.test_phase4_recovery.TestShouldRetryIngestion" name="test_no_retry_max_attempts_exceeded" time="0.001" /><testcase classname="app.tests.test_phase4_recovery.TestShouldRetryIngestion" name="test_no_retry_no_errors" time="0.002" /><testcase classname="app.tests.test_phase4_recovery.TestHealthDegradation" name="test_is_health_degraded_above_threshold" time="0.000" /><testcase classname="app.tests.test_phase4_recovery.TestHealthDegradation" name="test_is_health_degraded_below_threshold" time="0.000" /><testcase classname="app.tests.test_phase4_recovery.TestHealthDegradation" name="test_health_status_label_healthy" time="0.000" /><testcase classname="app.tests.test_phase4_recovery.TestHealthDegradation" name="test_health_status_label_degraded" time="0.000" /><testcase classname="app.tests.test_phase4_recovery.TestHealthDegradation" name="test_health_status_label_critical" time="0.000" /><testcase classname="app.tests.test_phase4_recovery.TestHealthDegradation" name="test_health_status_label_none" time="0.000" /><testcase classname="app.tests.test_phase4_recovery.TestTransientErrorDetection" name="test_is_timeout_error" time="0.001" /><testcase classname="app.tests.test_phase4_recovery.TestTransientErrorDetection" name="test_is_rate_limit_error" time="0.000" /><testcase classname="app.tests.test_phase4_recovery.TestTransientErrorDetection" name="test_is_service_unavailable_error" time="0.000" /><testcase classname="app.tests.test_phase4_recovery.TestTransientErrorDetection" name="test_is_connection_error" time="0.000" /><testcase classname="app.tests.test_phase4_recovery.TestDeadLetterQueue" name="test_list_quarantined_runs_empty" time="0.048" /><testcase classname="app.tests.test_phase4_recovery.TestDeadLetterQueue" name="test_list_quarantined_runs_filters_by_source" time="0.003" /><testcase classname="app.tests.test_phase4_recovery.TestDeadLetterQueue" name="test_classify_dead_letter_transient" time="0.002" /><testcase classname="app.tests.test_phase4_recovery.TestDeadLetterQueue" name="test_classify_dead_letter_permanent" time="0.002" /><testcase classname="app.tests.test_phase4_recovery.TestDeadLetterQueue" name="test_schedule_retry" time="0.003" /><testcase classname="app.tests.test_phase4_recovery.TestDeadLetterQueue" name="test_schedule_retry_fails_for_permanent_error" time="0.008" /><testcase classname="app.tests.test_phase4_recovery.TestDeadLetterQueue" name="test_get_recovery_summary" time="0.003" /><testcase classname="app.tests.test_phase4_recovery.TestPhase4Integration" name="test_ingestion_run_has_recovery_fields" time="0.000" /><testcase classname="app.tests.test_phase4_recovery.TestPhase4Integration" name="test_recovery_workflow_end_to_end" time="0.006" /><testcase classname="app.tests.test_phase5_adaptive_retry.TestSourceSuccessMetrics" name="test_metrics_with_no_runs" time="0.002" /><testcase classname="app.tests.test_phase5_adaptive_retry.TestSourceSuccessMetrics" name="test_metrics_all_successful" time="0.004" /><testcase classname="app.tests.test_phase5_adaptive_retry.TestSourceSuccessMetrics" name="test_metrics_all_failed" time="0.013" /><testcase classname="app.tests.test_phase5_adaptive_retry.TestSourceSuccessMetrics" name="test_metrics_mixed_with_trend_improving" time="0.006" /><testcase classname="app.tests.test_phase5_adaptive_retry.TestSourceSuccessMetrics" name="test_failure_streak_calculation" time="0.002" /><testcase classname="app.tests.test_phase5_adaptive_retry.TestCircuitBreaker" name="test_circuit_closed_high_success_rate" time="0.002" /><testcase classname="app.tests.test_phase5_adaptive_retry.TestCircuitBreaker" name="test_circuit_open_low_success_rate" time="0.003" /><testcase classname="app.tests.test_phase5_adaptive_retry.TestCircuitBreaker" name="test_circuit_half_open_moderate_success_rate" time="0.002" /><testcase classname="app.tests.test_phase5_adaptive_retry.TestMaxRetriesAdjustment" name="test_max_retries_high_success_rate" time="0.002" /><testcase classname="app.tests.test_phase5_adaptive_retry.TestMaxRetriesAdjustment" name="test_max_retries_poor_success_rate" time="0.004" /><testcase classname="app.tests.test_phase5_adaptive_retry.TestMaxRetriesAdjustment" name="test_max_retries_circuit_open" time="0.037" /><testcase classname="app.tests.test_phase5_adaptive_retry.TestBackoffAdjustment" name="test_backoff_uses_recovery_time" time="0.003" /><testcase classname="app.tests.test_phase5_adaptive_retry.TestSuccessProbabilityEstimation" name="test_success_probability_high_success_rate" time="0.005" /><testcase classname="app.tests.test_phase5_adaptive_retry.TestSuccessProbabilityEstimation" name="test_success_probability_circuit_open" time="0.008" /><testcase classname="app.tests.test_phase5_adaptive_retry.TestSuccessProbabilityEstimation" name="test_success_probability_decreases_with_attempts" time="0.002" /><testcase classname="app.tests.test_phase5_adaptive_retry.TestAdaptiveRetryDecision" name="test_retry_decision_circuit_open" time="0.007" /><testcase classname="app.tests.test_phase5_adaptive_retry.TestAdaptiveRetryDecision" name="test_retry_decision_success" time="0.004" /><testcase classname="app.tests.test_phase5_adaptive_retry.TestAdaptiveRetryDecision" name="test_retry_decision_max_attempts_exceeded" time="0.002" /><testcase classname="app.tests.test_phase5_adaptive_retry.TestRecoveryTimePrediction" name="test_recovery_time_no_data" time="0.002" /><testcase classname="app.tests.test_phase5_adaptive_retry.TestRecoveryTimePrediction" name="test_recovery_time_quick_recovery" time="0.129" /><testcase classname="app.tests.test_phase5_adaptive_retry.TestRetryBudget" name="test_budget_no_source" time="0.002" /><testcase classname="app.tests.test_phase5_adaptive_retry.TestRetryBudget" name="test_budget_within_limit" time="0.004" /><testcase classname="app.tests.test_phase5_adaptive_retry.TestRetryBudget" name="test_budget_exceeded" time="0.023" /><testcase classname="app.tests.test_phase5_adaptive_retry.TestPhase5Integration" name="test_full_adaptive_workflow" time="0.006" /><testcase classname="app.tests.test_phase5_adaptive_retry.TestPhase5Integration" name="test_adaptive_vs_static_backoff" time="0.012" /><testcase classname="app.tests.test_phase8_map_hardening" name="test_unsafe_map_precisions_is_superset_of_blocked" time="0.000" /><testcase classname="app.tests.test_phase8_map_hardening" name="test_unsafe_map_precisions_includes_geocoder_labels" time="0.000" /><testcase classname="app.tests.test_phase8_map_hardening" name="test_mappable_allows_city_centroid" time="0.000" /><testcase classname="app.tests.test_phase8_map_hardening" name="test_mappable_allows_general_area" time="0.000" /><testcase classname="app.tests.test_phase8_map_hardening" name="test_mappable_allows_neighbourhood_centroid" time="0.000" /><testcase classname="app.tests.test_phase8_map_hardening" name="test_mappable_blocks_exact_address" time="0.001" /><testcase classname="app.tests.test_phase8_map_hardening" name="test_mappable_blocks_exact_residence" time="0.000" /><testcase classname="app.tests.test_phase8_map_hardening" name="test_mappable_blocks_home_address" time="0.000" /><testcase classname="app.tests.test_phase8_map_hardening" name="test_mappable_blocks_rooftop" time="0.000" /><testcase classname="app.tests.test_phase8_map_hardening" name="test_mappable_blocks_parcel" time="0.001" /><testcase classname="app.tests.test_phase8_map_hardening" name="test_mappable_blocks_residential" time="0.004" /><testcase classname="app.tests.test_phase8_map_hardening" name="test_mappable_blocks_not_public" time="0.000" /><testcase classname="app.tests.test_phase8_map_hardening" name="test_mappable_blocks_zero_coords" time="0.000" /><testcase classname="app.tests.test_phase8_map_hardening" name="test_parse_bbox_none_returns_none" time="0.000" /><testcase classname="app.tests.test_phase8_map_hardening" name="test_parse_bbox_valid_small" time="0.000" /><testcase classname="app.tests.test_phase8_map_hardening" name="test_parse_bbox_rejects_oversized" time="0.000" /><testcase classname="app.tests.test_phase8_map_hardening" name="test_parse_bbox_at_exact_limit_passes" time="0.000" /><testcase classname="app.tests.test_phase8_map_hardening" name="test_parse_bbox_south_gt_north_rejected" time="0.001" /><testcase classname="app.tests.test_phase8_map_hardening" name="test_parse_bbox_non_numeric_rejected" time="0.000" /><testcase classname="app.tests.test_phase8_map_hardening" name="test_parse_bbox_wrong_part_count_rejected" time="0.000" /><testcase classname="app.tests.test_phase8_map_hardening" name="test_crime_incidents_excludes_exact_address_precision" time="0.025" /><testcase classname="app.tests.test_placeholder_tasks_are_not_successful.TestTaskExecutionStatusSemantics" name="test_completed_is_the_only_success_status" time="0.001" /><testcase classname="app.tests.test_placeholder_tasks_are_not_successful.TestTaskExecutionStatusSemantics" name="test_not_implemented_is_not_safe_to_rely_on" time="0.000" /><testcase classname="app.tests.test_placeholder_tasks_are_not_successful.TestTaskExecutionStatusSemantics" name="test_dry_run_is_not_safe_to_rely_on" time="0.000" /><testcase classname="app.tests.test_placeholder_tasks_are_not_successful.TestTaskExecutionStatusSemantics" name="test_blocked_is_not_safe_to_rely_on" time="0.000" /><testcase classname="app.tests.test_placeholder_tasks_are_not_successful.TestTaskExecutionStatusSemantics" name="test_error_is_not_safe_to_rely_on" time="0.000" /><testcase classname="app.tests.test_placeholder_tasks_are_not_successful.TestTaskExecutionStatusSemantics" name="test_completed_is_safe_to_rely_on" time="0.000" /><testcase classname="app.tests.test_placeholder_tasks_are_not_successful.TestTaskExecutionStatusSemantics" name="test_status_values_are_strings" time="0.000" /><testcase classname="app.tests.test_placeholder_tasks_are_not_successful.TestTaskExecutionStatusSemantics" name="test_not_implemented_value" time="0.004" /><testcase classname="app.tests.test_placeholder_tasks_are_not_successful.TestTaskExecutionStatusSemantics" name="test_completed_value" time="0.000" /><testcase classname="app.tests.test_postgres_queue.TestPostgresQueue" name="test_enqueue_job" time="0.041" /><testcase classname="app.tests.test_postgres_queue.TestPostgresQueue" name="test_get_job_status" time="0.008" /><testcase classname="app.tests.test_postgres_queue.TestPostgresQueue" name="test_pending_count" time="0.020" /><testcase classname="app.tests.test_postgres_queue.TestPostgresQueue" name="test_list_jobs" time="0.011" /><testcase classname="app.tests.test_postgres_queue.TestPostgresQueue" name="test_list_jobs_by_state" time="0.010" /><testcase classname="app.tests.test_postgres_queue.TestQueueHealthMonitoring" name="test_get_health_status_empty_queue" time="0.016" /><testcase classname="app.tests.test_postgres_queue.TestQueueHealthMonitoring" name="test_get_health_status_with_jobs" time="0.013" /><testcase classname="app.tests.test_postgres_queue.TestQueueRetryLogic" name="test_max_retries_limit" time="0.005" /><testcase classname="app.tests.test_postgres_queue.TestQueueRetryLogic" name="test_retry_delay" time="0.003" /><testcase classname="app.tests.test_postgres_queue.TestQueueRetryLogic" name="test_capabilities" time="0.003" /><testcase classname="app.tests.test_postgres_queue_dead_letter" name="test_fail_job_moves_to_dlq_after_max_retries" time="0.047" /><testcase classname="app.tests.test_postgres_queue_dead_letter" name="test_move_to_dead_letter_creates_dlq_record" time="0.145" /><testcase classname="app.tests.test_postgres_queue_dead_letter" name="test_dlq_record_preserves_original_job_data" time="0.007" /><testcase classname="app.tests.test_postgres_queue_dead_letter" name="test_move_to_dead_letter_fails_for_nonexistent_job" time="0.004" /><testcase classname="app.tests.test_postgres_queue_dead_letter" name="test_dlq_job_has_required_fields" time="0.015" /><testcase classname="app.tests.test_postgres_queue_idempotency" name="test_enqueue_job_with_idempotency_key" time="0.009" /><testcase classname="app.tests.test_postgres_queue_idempotency" name="test_enqueue_job_without_idempotency_key" time="0.074" /><testcase classname="app.tests.test_postgres_queue_idempotency" name="test_different_idempotency_keys_create_different_jobs" time="0.016" /><testcase classname="app.tests.test_postgres_queue_idempotency" name="test_idempotency_key_with_different_source_keys" time="0.014" /><testcase classname="app.tests.test_postgres_queue_locking" name="test_lease_next_job_acquires_lock" time="0.009" /><testcase classname="app.tests.test_postgres_queue_locking" name="test_lease_next_job_skips_locked_jobs" time="0.026" /><testcase classname="app.tests.test_postgres_queue_locking" name="test_lease_next_job_recovers_stale_locks" time="0.065" /><testcase classname="app.tests.test_postgres_queue_locking" name="test_complete_job_releases_lock" time="0.087" /><testcase classname="app.tests.test_postgres_queue_locking" name="test_fail_job_releases_lock_on_retry" time="0.014" /><testcase classname="app.tests.test_postgres_queue_locking" name="test_heartbeat_updates_timestamp" time="0.010" /><testcase classname="app.tests.test_postgres_queue_locking" name="test_heartbeat_fails_for_wrong_worker" time="0.011" /><testcase classname="app.tests.test_postgres_queue_stale_recovery" name="test_recover_stale_jobs_resets_expired_leases" time="0.082" /><testcase classname="app.tests.test_postgres_queue_stale_recovery" name="test_recover_stale_jobs_does_not_affect_active_leases" time="0.026" /><testcase classname="app.tests.test_postgres_queue_stale_recovery" name="test_lease_next_job_recovers_stale_locks_automatically" time="0.026" /><testcase classname="app.tests.test_postgres_queue_stale_recovery" name="test_recover_stale_jobs_increments_retry_count" time="0.247" /><testcase classname="app.tests.test_postgres_queue_stale_recovery" name="test_recover_stale_jobs_handles_multiple_stale_jobs" time="0.082" /><testcase classname="app.tests.test_postgres_queue_stale_recovery" name="test_recover_stale_jobs_handles_no_stale_jobs" time="0.017" /><testcase classname="app.tests.test_privacy_and_linking" name="test_defendant_anonymization_label_sequence" time="0.011" /><testcase classname="app.tests.test_privacy_and_linking" name="test_no_cross_case_defendant_merge_by_name_alone" time="0.012" /><testcase classname="app.tests.test_production_fetch_egress_policy" name="test_egress_proxy_set_no_exit" time="0.051" /><testcase classname="app.tests.test_production_fetch_egress_policy" name="test_no_egress_proxy_and_no_network_policy_override_exits" time="0.001" /><testcase classname="app.tests.test_production_fetch_egress_policy" name="test_network_policy_escape_hatch_suppresses_exit" time="0.002" /><testcase classname="app.tests.test_production_preflight" name="test_dev_defaults_fail_preflight" time="0.003" /><testcase classname="app.tests.test_production_preflight" name="test_weak_secret_fails" time="0.001" /><testcase classname="app.tests.test_production_preflight" name="test_wildcard_cors_fails" time="0.001" /><testcase classname="app.tests.test_production_preflight" name="test_evidence_store_inside_repo_fails_by_default" time="0.003" /><testcase classname="app.tests.test_production_preflight" name="test_evidence_store_inside_repo_can_be_overridden" time="0.000" /><testcase classname="app.tests.test_production_preflight" name="test_active_jta_names_are_honored_and_reported" time="0.002" /><testcase classname="app.tests.test_production_preflight" name="test_deprecated_aliases_emit_warnings" time="0.000" /><testcase classname="app.tests.test_production_rejects_dev_auth.TestProductionRejectsDevAuth" name="test_placeholder_jwt_secret_is_rejected" time="0.010" /><testcase classname="app.tests.test_production_rejects_dev_auth.TestProductionRejectsDevAuth" name="test_empty_jwt_secret_is_rejected" time="0.022" /><testcase classname="app.tests.test_production_rejects_dev_auth.TestProductionRejectsDevAuth" name="test_jwt_auth_disabled_is_rejected" time="0.020" /><testcase classname="app.tests.test_production_rejects_dev_auth.TestProductionRejectsDevAuth" name="test_legacy_admin_token_enabled_is_rejected" time="0.013" /><testcase classname="app.tests.test_production_rejects_dev_auth.TestProductionRejectsDevAuth" name="test_safe_production_config_passes" time="0.013" /><testcase classname="app.tests.test_production_rejects_dev_auth.TestProductionRejectsDevAuth" name="test_development_profile_is_not_checked" time="0.012" /><testcase classname="app.tests.test_production_rejects_dev_auth.TestProductionRejectsDevAuth" name="test_test_profile_is_not_checked" time="0.016" /><testcase classname="app.tests.test_production_rejects_dev_auth.TestProductionRejectsDevAuth" name="test_staging_profile_is_checked" time="0.010" /><testcase classname="app.tests.test_production_rejects_placeholder_secret" name="test_placeholder_jwt_secret_rejected[CHANGE-ME-BEFORE-PRODUCTION]" time="0.007" /><testcase classname="app.tests.test_production_rejects_placeholder_secret" name="test_placeholder_jwt_secret_rejected[change-me]" time="0.011" /><testcase classname="app.tests.test_production_rejects_placeholder_secret" name="test_placeholder_jwt_secret_rejected[dev-only-change-me]" time="0.010" /><testcase classname="app.tests.test_production_rejects_placeholder_secret" name="test_placeholder_jwt_secret_rejected[secret]" time="0.017" /><testcase classname="app.tests.test_production_rejects_placeholder_secret" name="test_placeholder_jwt_secret_rejected[password]" time="0.008" /><testcase classname="app.tests.test_production_rejects_placeholder_secret" name="test_placeholder_jwt_secret_rejected[changeme]" time="0.016" /><testcase classname="app.tests.test_production_rejects_placeholder_secret" name="test_placeholder_jwt_secret_rejected[]" time="0.025" /><testcase classname="app.tests.test_production_rejects_placeholder_secret" name="test_all_violations_reported_together" time="0.032" /><testcase classname="app.tests.test_production_rejects_placeholder_secret" name="test_violation_message_lists_all_violations" time="0.009" /><testcase classname="app.tests.test_proof_freshness" name="test_release_gate_writes_proof_input_file_list" time="6.274" /><testcase classname="app.tests.test_proof_freshness" name="test_release_gate_writes_proof_input_tree_hash" time="32.104" /><testcase classname="app.tests.test_proof_freshness" name="test_release_gate_writes_proof_input_file_count" time="28.300" /><testcase classname="app.tests.test_proof_freshness" name="test_release_gate_writes_proof_input_file_fingerprints" time="22.052" /><testcase classname="app.tests.test_proof_freshness" name="test_proof_freshness_passes_when_stored_file_list_matches" time="1.340" /><testcase classname="app.tests.test_proof_freshness" name="test_proof_freshness_fails_when_listed_file_changes" time="0.103" /><testcase classname="app.tests.test_proof_freshness" name="test_proof_freshness_fails_when_listed_file_missing" time="0.276" /><testcase classname="app.tests.test_proof_freshness" name="test_proof_freshness_detects_demo_file_changes" time="0.246" /><testcase classname="app.tests.test_proof_freshness" name="test_proof_freshness_detects_github_workflow_changes" time="0.476" /><testcase classname="app.tests.test_proof_freshness" name="test_proof_freshness_detects_legacy_auth_plan_changes" time="0.126" /><testcase classname="app.tests.test_proof_freshness" name="test_proof_freshness_detects_dependency_remediation_plan_changes" time="0.179" /><testcase classname="app.tests.test_proof_freshness" name="test_proof_freshness_ignores_current_proof_outputs" time="0.420" /><testcase classname="app.tests.test_proof_freshness" name="test_proof_freshness_ignores_history_artifacts" time="0.334" /><testcase classname="app.tests.test_proof_freshness" name="test_proof_freshness_ignores_pyc_and_cache_files" time="0.496" /><testcase classname="app.tests.test_proof_freshness" name="test_proof_freshness_is_independent_of_git_metadata" time="0.442" /><testcase classname="app.tests.test_proof_freshness" name="test_proof_freshness_strict_extra_files_fails_on_new_proof_input" time="0.584" /><testcase classname="app.tests.test_proof_freshness" name="test_proof_freshness_default_warns_on_new_proof_input" time="0.501" /><testcase classname="app.tests.test_proof_freshness" name="test_proof_freshness_detects_completion_checklist_changes" time="0.928" /></testsuite></testsuites>