<?xml version="1.0" encoding="utf-8"?><testsuites name="pytest tests"><testsuite name="pytest" errors="0" failures="0" skipped="0" tests="403" time="20.508" timestamp="2026-06-04T16:58:14.343749-06:00" hostname="Mac.gateway.sasktel.net"><testcase classname="app.tests.ingestion.test_ckan_adapter" name="test_ckan_pagination_fixture_pages_preserved" time="0.002" /><testcase classname="app.tests.ingestion.test_saskatchewan_court_sources" name="test_saskatchewan_court_fixture_files_exist_and_shape" time="0.001" /><testcase classname="app.tests.ingestion.test_saskatoon_public_safety_source" name="test_saskatoon_public_safety_registry_state_honest" time="0.051" /><testcase classname="app.tests.ingestion.test_saskatoon_public_safety_source" name="test_saskatoon_ckan_fixtures_exist" time="0.000" /><testcase classname="app.tests.ingestion.test_statscan_adapter" name="test_statscan_json_rows_produce_review_items_only" time="0.000" /><testcase classname="app.tests.test_abuse_controls.TestAbuseDetector" name="test_check_rate_abuse_normal" time="0.000" /><testcase classname="app.tests.test_abuse_controls.TestAbuseDetector" name="test_check_rate_abuse_exceeded" time="0.000" /><testcase classname="app.tests.test_abuse_controls.TestAbuseDetector" name="test_check_failed_login_abuse" time="0.000" /><testcase classname="app.tests.test_abuse_controls.TestAbuseDetector" name="test_reset_failures" time="0.000" /><testcase classname="app.tests.test_abuse_controls.TestSecurityMonitor" name="test_record_alert" time="0.000" /><testcase classname="app.tests.test_abuse_controls.TestSecurityMonitor" name="test_get_recent_alerts" time="0.000" /><testcase classname="app.tests.test_abuse_controls.TestSecurityMonitor" name="test_get_recent_alerts_old" time="0.000" /><testcase classname="app.tests.test_abuse_controls.TestSecurityMonitor" name="test_get_alert_summary" time="0.000" /><testcase classname="app.tests.test_abuse_controls.TestIPReputation" name="test_check_ip_reputation" time="0.000" /><testcase classname="app.tests.test_abuse_controls.TestUserAgentCheck" name="test_check_user_agent_normal" time="0.000" /><testcase classname="app.tests.test_abuse_controls.TestUserAgentCheck" name="test_check_user_agent_suspicious" time="0.000" /><testcase classname="app.tests.test_abuse_controls.TestHeaderValidation" name="test_validate_headers_valid" time="0.000" /><testcase classname="app.tests.test_abuse_controls.TestHeaderValidation" name="test_validate_headers_missing_ua" time="0.000" /><testcase classname="app.tests.test_adapter_evidence_contract.TestCanLIIApiAdapterSKContract" name="test_run_with_fixture_returns_raw_snapshot_bytes" time="0.000" /><testcase classname="app.tests.test_adapter_evidence_contract.TestCanLIIApiAdapterSKContract" name="test_run_with_fixture_sets_fetch_metadata" time="0.000" /><testcase classname="app.tests.test_adapter_evidence_contract.TestCanLIIApiAdapterSKContract" name="test_run_with_fixture_extracts_canlii_links" time="0.000" /><testcase classname="app.tests.test_adapter_evidence_contract.TestCanLIIApiAdapterSKContract" name="test_parse_fixture_items_have_source_url" time="0.000" /><testcase classname="app.tests.test_adapter_evidence_contract.TestCanLIIApiAdapterSKContract" name="test_parse_fixture_items_have_allowed_host" time="0.000" /><testcase classname="app.tests.test_adapter_evidence_contract.TestFederalCourtHtmlAdapterContract" name="test_run_with_fixture_returns_raw_snapshot_bytes" time="0.002" /><testcase classname="app.tests.test_adapter_evidence_contract.TestFederalCourtHtmlAdapterContract" name="test_run_with_fixture_sets_fetch_metadata" time="0.001" /><testcase classname="app.tests.test_adapter_evidence_contract.TestFederalCourtHtmlAdapterContract" name="test_parse_fixture_extracts_expected_count" time="0.000" /><testcase classname="app.tests.test_adapter_evidence_contract.TestFederalCourtHtmlAdapterContract" name="test_parse_fixture_items_have_non_empty_headline" time="0.001" /><testcase classname="app.tests.test_adapter_evidence_contract.TestFederalCourtHtmlAdapterContract" name="test_parse_fixture_extracts_neutral_citation" time="0.001" /><testcase classname="app.tests.test_adapter_evidence_contract.TestLawsJusticeHtmlAdapterContract" name="test_run_with_fixture_returns_raw_snapshot_bytes" time="0.001" /><testcase classname="app.tests.test_adapter_evidence_contract.TestLawsJusticeHtmlAdapterContract" name="test_parse_fixture_extracts_amendments_from_table" time="0.001" /><testcase classname="app.tests.test_adapter_evidence_contract.TestLawsJusticeHtmlAdapterContract" name="test_parse_fixture_items_have_non_empty_headline" time="0.001" /><testcase classname="app.tests.test_adapter_evidence_contract.TestLawsJusticeHtmlAdapterContract" name="test_parse_fixture_items_have_absolute_urls" time="0.001" /><testcase classname="app.tests.test_adapter_evidence_contract.TestSKLegislatureHtmlAdapterContract" name="test_run_with_fixture_returns_raw_snapshot_bytes" time="0.001" /><testcase classname="app.tests.test_adapter_evidence_contract.TestSKLegislatureHtmlAdapterContract" name="test_run_with_fixture_sets_fetch_metadata" time="0.001" /><testcase classname="app.tests.test_adapter_evidence_contract.TestSKLegislatureHtmlAdapterContract" name="test_parse_fixture_extracts_expected_count" time="0.001" /><testcase classname="app.tests.test_adapter_evidence_contract.TestSKLegislatureHtmlAdapterContract" name="test_parse_fixture_items_have_source_url" time="0.001" /><testcase classname="app.tests.test_adapter_evidence_contract.TestSKLegislatureHtmlAdapterContract" name="test_parse_fixture_items_have_legislature_metadata" time="0.001" /><testcase classname="app.tests.test_adapter_evidence_contract.TestSCCLexumApiAdapterContract" name="test_run_with_fixture_returns_raw_snapshot_bytes" time="0.001" /><testcase classname="app.tests.test_adapter_evidence_contract.TestSCCLexumApiAdapterContract" name="test_run_with_fixture_sets_fetch_metadata" time="0.000" /><testcase classname="app.tests.test_adapter_evidence_contract.TestSCCLexumApiAdapterContract" name="test_parse_fixture_extracts_expected_count" time="0.000" /><testcase classname="app.tests.test_adapter_evidence_contract.TestSCCLexumApiAdapterContract" name="test_parse_fixture_items_have_source_url" time="0.000" /><testcase classname="app.tests.test_adapter_evidence_contract.TestSCCLexumApiAdapterContract" name="test_parse_fixture_extracts_neutral_citation" time="0.000" /><testcase classname="app.tests.test_admin_imports_returns_actor.TestRequireImportActorReturnsActor" name="test_returns_adminactor_on_valid_jwt" time="0.003" /><testcase classname="app.tests.test_admin_imports_returns_actor.TestRequireImportActorReturnsActor" name="test_require_import_actor_enforces_source_admin_floor" time="0.000" /><testcase classname="app.tests.test_admin_imports_returns_actor.TestRequireImportActorReturnsActor" name="test_require_import_actor_allows_source_admin" time="0.000" /><testcase classname="app.tests.test_admin_imports_returns_actor.TestRequireImportActorReturnsActor" name="test_disabled_imports_raises_403" time="0.000" /><testcase classname="app.tests.test_admin_ingest_requires_source_admin" name="test_manual_csv_rejects_viewer_reviewer_and_shared_token" time="0.032" /><testcase classname="app.tests.test_admin_ingest_requires_source_admin" name="test_manual_csv_allows_source_admin_jwt" time="0.020" /><testcase classname="app.tests.test_admin_ingestion.TestAdminIngestionEndpoints" name="test_list_runs_empty" time="0.014" /><testcase classname="app.tests.test_admin_ingestion.TestAdminIngestionEndpoints" name="test_list_runs_with_data" time="0.064" /><testcase classname="app.tests.test_admin_ingestion.TestAdminIngestionEndpoints" name="test_list_runs_filter_by_source" time="0.043" /><testcase classname="app.tests.test_admin_ingestion.TestAdminIngestionEndpoints" name="test_list_runs_filter_by_status" time="0.013" /><testcase classname="app.tests.test_admin_ingestion.TestAdminIngestionEndpoints" name="test_get_run_detail" time="0.048" /><testcase classname="app.tests.test_admin_ingestion.TestAdminIngestionEndpoints" name="test_get_run_detail_404" time="0.054" /><testcase classname="app.tests.test_admin_ingestion.TestAdminIngestionEndpoints" name="test_get_run_review_items" time="0.057" /><testcase classname="app.tests.test_admin_ingestion.TestAdminIngestionEndpoints" name="test_get_run_snapshots" time="0.028" /><testcase classname="app.tests.test_admin_ingestion.TestAdminIngestionEndpoints" name="test_retry_run_not_found" time="0.009" /><testcase classname="app.tests.test_admin_ingestion.TestAdminSourceEndpoints" name="test_list_sources" time="0.028" /><testcase classname="app.tests.test_admin_ingestion.TestAdminSourceEndpoints" name="test_list_sources_filter_active" time="0.012" /><testcase classname="app.tests.test_admin_ingestion.TestAdminSourceEndpoints" name="test_get_source_detail" time="0.020" /><testcase classname="app.tests.test_admin_ingestion.TestAdminSourceEndpoints" name="test_get_source_404" time="0.022" /><testcase classname="app.tests.test_admin_ingestion.TestAdminSourceEndpoints" name="test_get_source_health" time="0.069" /><testcase classname="app.tests.test_admin_ingestion.TestAdminSourceEndpoints" name="test_get_source_runs" time="0.047" /><testcase classname="app.tests.test_admin_ingestion.TestAdminSourceEndpoints" name="test_list_sources_hides_deprecated_by_default" time="0.036" /><testcase classname="app.tests.test_admin_ingestion.TestAdminSourceEndpoints" name="test_run_blocked_source_creates_failed_run_record" time="0.026" /><testcase classname="app.tests.test_admin_ingestion.TestAdminSourceEndpoints" name="test_retry_blocked_source_creates_failed_run_record" time="0.017" /><testcase classname="app.tests.test_admin_ingestion.TestAdminSourceEndpoints" name="test_source_dry_run_returns_readiness_without_persisting_run" time="0.016" /><testcase classname="app.tests.test_admin_ingestion.TestAdminSourceEndpoints" name="test_source_dry_run_reports_adapter_missing" time="0.014" /><testcase classname="app.tests.test_admin_ingestion.TestAdminSourceEndpoints" name="test_source_dry_run_fixture_replay_canlii" time="0.019" /><testcase classname="app.tests.test_admin_ingestion.TestResponseFieldValidation" name="test_ingestion_run_summary_fields_match_orm" time="0.000" /><testcase classname="app.tests.test_admin_ingestion.TestResponseFieldValidation" name="test_ingestion_run_detail_fields_match_orm" time="0.000" /><testcase classname="app.tests.test_admin_ingestion.TestResponseFieldValidation" name="test_enable_blocking_deprecated_source" time="0.016" /><testcase classname="app.tests.test_admin_ingestion.TestResponseFieldValidation" name="test_run_blocking_disabled_source" time="0.016" /><testcase classname="app.tests.test_admin_ingestion.TestResponseFieldValidation" name="test_lifecycle_state_validation" time="0.012" /><testcase classname="app.tests.test_admin_ingestion.TestResponseFieldValidation" name="test_automation_status_validation" time="0.117" /><testcase classname="app.tests.test_admin_ingestion.TestResponseFieldValidation" name="test_source_adapter_exists_check" time="0.034" /><testcase classname="app.tests.test_admin_ingestion.TestResponseFieldValidation" name="test_justice_canada_section_preserved" time="0.020" /><testcase classname="app.tests.test_admin_ingestion.TestResponseFieldValidation" name="test_source_registry_truth_table_lifecycle" time="0.005" /><testcase classname="app.tests.test_admin_ingestion.TestResponseFieldValidation" name="test_proof_manifest_no_stale_workflows" time="0.024" /><testcase classname="app.tests.test_admin_ingestion_jobs_api" name="test_list_ingestion_jobs" time="0.013" /><testcase classname="app.tests.test_admin_ingestion_jobs_api" name="test_get_ingestion_job_by_id" time="0.012" /><testcase classname="app.tests.test_admin_ingestion_jobs_api" name="test_cancel_ingestion_job" time="0.017" /><testcase classname="app.tests.test_admin_ingestion_jobs_api" name="test_retry_ingestion_job" time="0.015" /><testcase classname="app.tests.test_admin_legacy_ingest_default_denied" name="test_legacy_us_ingest_route_denied_by_default" time="0.009" /><testcase classname="app.tests.test_admin_legacy_ingest_default_denied" name="test_legacy_courtlistener_route_denied_by_default" time="0.007" /><testcase classname="app.tests.test_admin_live_map_boundaries" name="test_admin_live_map_requires_authenticated_actor" time="0.030" /><testcase classname="app.tests.test_admin_live_map_boundaries" name="test_admin_live_map_rejects_shared_token_only_auth" time="0.032" /><testcase classname="app.tests.test_admin_live_map_boundaries" name="test_admin_live_map_allows_reviewer_or_admin_jwt" time="0.017" /><testcase classname="app.tests.test_admin_live_map_boundaries" name="test_admin_live_map_single_event_requires_jwt" time="0.018" /><testcase classname="app.tests.test_admin_memory_audit_logging" name="test_memory_rebuild_emits_audit_log" time="0.021" /><testcase classname="app.tests.test_admin_memory_fail_closed" name="test_invalidate_claim_fails_closed_when_audit_write_fails" time="0.003" /><testcase classname="app.tests.test_admin_quarantine_audit_logging" name="test_quarantine_release_emits_audit_log" time="0.023" /><testcase classname="app.tests.test_admin_quarantine_audit_logging" name="test_quarantine_release_fails_closed_when_audit_write_fails" time="0.019" /><testcase classname="app.tests.test_admin_review_legal_instrument_queue" name="test_admin_review_queue_serializes_legal_instrument_with_policy_reasons" time="0.020" /><testcase classname="app.tests.test_admin_security.TestAdminAuth" name="test_admin_review_queue_requires_token" time="0.007" /><testcase classname="app.tests.test_admin_security.TestAdminAuth" name="test_admin_review_items_requires_token" time="0.010" /><testcase classname="app.tests.test_admin_security.TestAdminAuth" name="test_admin_ingestion_requires_token" time="0.024" /><testcase classname="app.tests.test_admin_security.TestAdminAuth" name="test_admin_sources_requires_token" time="0.015" /><testcase classname="app.tests.test_admin_security.TestAdminAuth" name="test_wrong_token_rejected" time="0.019" /><testcase classname="app.tests.test_admin_security.TestAdminAuth" name="test_role_hierarchy_enforces_minimum_rank" time="0.000" /><testcase classname="app.tests.test_admin_security.TestAdminAuth" name="test_legacy_system_admin_normalizes_to_admin" time="0.000" /><testcase classname="app.tests.test_admin_security.TestAdminConfig" name="test_shared_token_documented_as_local_only" time="0.001" /><testcase classname="app.tests.test_admin_security.TestAdminConfig" name="test_deployment_security_doc_exists" time="0.000" /><testcase classname="app.tests.test_admin_security.TestAuditLogging" name="test_review_actions_need_audit_log" time="0.042" /><testcase classname="app.tests.test_admin_security.TestAuditLogging" name="test_admin_api_calls_need_audit_log" time="0.018" /><testcase classname="app.tests.test_admin_security.TestAdminActorIdentity" name="test_require_admin_token_returns_admin_actor" time="0.000" /><testcase classname="app.tests.test_admin_security.TestAdminActorIdentity" name="test_actor_id_is_not_raw_token" time="0.000" /><testcase classname="app.tests.test_admin_security.TestAdminActorIdentity" name="test_audit_log_does_not_contain_raw_token" time="0.000" /><testcase classname="app.tests.test_admin_security.TestAdminActorIdentity" name="test_actor_id_is_stable_label" time="0.000" /><testcase classname="app.tests.test_admin_source_registry_controls" name="test_patch_cannot_activate_source" time="0.017" /><testcase classname="app.tests.test_admin_source_run_queued_mode" name="test_run_source_now_queued_mode_returns_job" time="0.002" /><testcase classname="app.tests.test_admin_source_run_status_truth.TestQuarantineStatusGuard" name="test_quarantined_run_returns_success_false" time="0.002" /><testcase classname="app.tests.test_admin_source_run_status_truth.TestQuarantineStatusGuard" name="test_quarantined_run_status_field_is_quarantined" time="0.003" /><testcase classname="app.tests.test_admin_source_run_status_truth.TestQuarantineStatusGuard" name="test_quarantined_run_status_not_overwritten_to_completed" time="0.002" /><testcase classname="app.tests.test_admin_source_run_status_truth.TestQuarantineStatusGuard" name="test_quarantined_run_pipeline_stage_is_quarantine" time="0.002" /><testcase classname="app.tests.test_admin_source_run_status_truth.TestQuarantineStatusGuard" name="test_quarantined_run_snapshots_written_is_zero" time="0.003" /><testcase classname="app.tests.test_admin_source_run_status_truth.TestQuarantineStatusGuard" name="test_quarantined_run_contract_violations_propagated" time="0.002" /><testcase classname="app.tests.test_admin_source_run_status_truth.TestQuarantineStatusGuard" name="test_quarantined_run_persisted_incidents_is_zero" time="0.002" /><testcase classname="app.tests.test_admin_source_run_status_truth.TestCompletedStatusTruth" name="test_clean_run_returns_success_true" time="0.002" /><testcase classname="app.tests.test_admin_source_run_status_truth.TestCompletedStatusTruth" name="test_clean_run_status_is_completed" time="0.004" /><testcase classname="app.tests.test_admin_source_run_status_truth.TestCompletedStatusTruth" name="test_clean_run_snapshots_written_is_one" time="0.002" /><testcase classname="app.tests.test_admin_source_run_status_truth.TestCompletedStatusTruth" name="test_clean_run_pipeline_stage_is_completed" time="0.003" /><testcase classname="app.tests.test_admin_source_run_status_truth.TestCompletedStatusTruth" name="test_adapter_errors_yield_completed_with_warnings_and_success_true" time="0.003" /><testcase classname="app.tests.test_admin_source_run_status_truth.TestCompletedStatusTruth" name="test_adapter_errors_snapshots_written_is_one" time="0.002" /><testcase classname="app.tests.test_admin_source_run_status_truth.TestCompletedStatusTruth" name="test_summary_warnings_propagate_to_response" time="0.002" /><testcase classname="app.tests.test_admin_source_run_status_truth.TestCompletedStatusTruth" name="test_empty_contract_violations_on_completed" time="0.002" /><testcase classname="app.tests.test_admin_source_run_status_truth.TestPersistCountsInRunResult" name="test_persisted_incidents_from_summary" time="0.003" /><testcase classname="app.tests.test_admin_source_run_status_truth.TestPersistCountsInRunResult" name="test_zero_counts_reflected_accurately" time="0.003" /><testcase classname="app.tests.test_admin_source_run_status_truth.TestPersistCountsInRunResult" name="test_quarantined_zero_counts_from_summary" time="0.002" /><testcase classname="app.tests.test_ai_correctness" name="test_safe_to_show_verified" time="0.000" /><testcase classname="app.tests.test_ai_correctness" name="test_safe_to_show_location_uncertain" time="0.000" /><testcase classname="app.tests.test_ai_correctness" name="test_safe_to_show_high_privacy_blocked" time="0.000" /><testcase classname="app.tests.test_ai_correctness" name="test_safe_to_show_unsupported_claim_blocked" time="0.000" /><testcase classname="app.tests.test_ai_correctness" name="test_safe_to_show_rejected_blocked" time="0.000" /><testcase classname="app.tests.test_ai_correctness" name="test_safe_to_show_duplicate_blocked" time="0.000" /><testcase classname="app.tests.test_ai_correctness" name="test_safe_to_show_needs_review_blocked" time="0.000" /><testcase classname="app.tests.test_ai_correctness" name="test_privacy_risk_exact_address" time="0.000" /><testcase classname="app.tests.test_ai_correctness" name="test_privacy_risk_ssn" time="0.000" /><testcase classname="app.tests.test_ai_correctness" name="test_privacy_risk_unsafe_precision" time="0.000" /><testcase classname="app.tests.test_ai_correctness" name="test_privacy_risk_low_for_generalized" time="0.000" /><testcase classname="app.tests.test_ai_correctness" name="test_derive_quality_all_pass" time="0.000" /><testcase classname="app.tests.test_ai_correctness" name="test_derive_quality_high_privacy_rejected" time="0.000" /><testcase classname="app.tests.test_ai_correctness" name="test_derive_quality_no_source_rejected" time="0.000" /><testcase classname="app.tests.test_ai_correctness" name="test_derive_quality_duplicate_flagged" time="0.000" /><testcase classname="app.tests.test_ai_correctness" name="test_derive_quality_bad_location_uncertain" time="0.000" /><testcase classname="app.tests.test_ai_correctness" name="test_derive_quality_missing_date_needs_review" time="0.000" /><testcase classname="app.tests.test_ai_correctness" name="test_check_crime_incident_verified" time="0.009" /><testcase classname="app.tests.test_ai_correctness" name="test_check_crime_incident_exact_address_rejected" time="0.004" /><testcase classname="app.tests.test_ai_correctness" name="test_check_crime_incident_residential_precision_rejected" time="0.005" /><testcase classname="app.tests.test_ai_correctness" name="test_check_crime_incident_missing_source_rejected" time="0.005" /><testcase classname="app.tests.test_ai_correctness" name="test_check_crime_incident_missing_date_needs_review" time="0.004" /><testcase classname="app.tests.test_ai_correctness" name="test_check_crime_incident_no_coordinates_location_uncertain" time="0.003" /><testcase classname="app.tests.test_ai_correctness" name="test_check_crime_incident_duplicate_flagged" time="0.006" /><testcase classname="app.tests.test_ai_correctness" name="test_result_json_has_no_guilt_score" time="0.005" /><testcase classname="app.tests.test_ai_correctness" name="test_result_json_contains_required_fields" time="0.092" /><testcase classname="app.tests.test_ai_correctness" name="test_statuses_remain_distinct" time="0.005" /><testcase classname="app.tests.test_ai_pipeline" name="test_ai_redaction_blocks_home_address" time="0.000" /><testcase classname="app.tests.test_ai_pipeline" name="test_ai_redaction_blocks_dob" time="0.000" /><testcase classname="app.tests.test_ai_pipeline" name="test_ai_redaction_blocks_phone_and_email" time="0.000" /><testcase classname="app.tests.test_ai_pipeline" name="test_ai_classifier_labels_release_decision_and_indicator_language" time="0.000" /><testcase classname="app.tests.test_ai_pipeline" name="test_ai_pipeline_creates_review_item" time="0.004" /><testcase classname="app.tests.test_ai_pipeline" name="test_ai_admin_review_routes_return_403_when_disabled" time="0.040" /><testcase classname="app.tests.test_ai_pipeline" name="test_approved_review_item_can_publish_safe_event" time="0.036" /><testcase classname="app.tests.test_ai_pipeline" name="test_blocked_review_item_cannot_publish" time="0.015" /><testcase classname="app.tests.test_ai_pipeline" name="test_ai_review_items_use_database_pagination" time="0.043" /><testcase classname="app.tests.test_ai_pipeline" name="test_public_api_does_not_expose_private_fields_from_ai_extraction" time="0.051" /><testcase classname="app.tests.test_ai_reasoning.TestContradictionEngine" name="test_import" time="0.000" /><testcase classname="app.tests.test_ai_reasoning.TestContradictionEngine" name="test_no_claims_returns_empty" time="0.001" /><testcase classname="app.tests.test_ai_reasoning.TestContradictionEngine" name="test_single_claim_no_contradiction" time="0.001" /><testcase classname="app.tests.test_ai_reasoning.TestContradictionEngine" name="test_two_identical_values_no_contradiction" time="0.001" /><testcase classname="app.tests.test_ai_reasoning.TestContradictionEngine" name="test_two_different_bail_values_yields_contradiction" time="0.001" /><testcase classname="app.tests.test_ai_reasoning.TestContradictionEngine" name="test_non_contradictable_type_ignored" time="0.001" /><testcase classname="app.tests.test_ai_reasoning.TestContradictionEngine" name="test_contradiction_result_has_confidence" time="0.003" /><testcase classname="app.tests.test_ai_reasoning.TestContradictionEngine" name="test_contradiction_result_frozen" time="0.000" /><testcase classname="app.tests.test_ai_reasoning.TestContradictionEngine" name="test_resolve_contradiction_a_wins" time="0.001" /><testcase classname="app.tests.test_ai_reasoning.TestContradictionEngine" name="test_get_unresolved_returns_list" time="0.001" /><testcase classname="app.tests.test_ai_reasoning.TestTrustPropagation" name="test_import" time="0.000" /><testcase classname="app.tests.test_ai_reasoning.TestTrustPropagation" name="test_get_trust_tier_high" time="0.000" /><testcase classname="app.tests.test_ai_reasoning.TestTrustPropagation" name="test_get_trust_tier_medium" time="0.000" /><testcase classname="app.tests.test_ai_reasoning.TestTrustPropagation" name="test_get_trust_tier_low" time="0.000" /><testcase classname="app.tests.test_ai_reasoning.TestTrustPropagation" name="test_get_trust_tier_untrusted" time="0.000" /><testcase classname="app.tests.test_ai_reasoning.TestTrustPropagation" name="test_compute_trust_returns_score" time="0.002" /><testcase classname="app.tests.test_ai_reasoning.TestTrustPropagation" name="test_compute_trust_missing_entity" time="0.001" /><testcase classname="app.tests.test_ai_reasoning.TestTrustPropagation" name="test_propagate_trust_empty" time="0.001" /><testcase classname="app.tests.test_ai_reasoning.TestTrustPropagation" name="test_trust_score_frozen" time="0.000" /><testcase classname="app.tests.test_ai_reasoning.TestTrustPropagation" name="test_trust_decay_constant" time="0.000" /><testcase classname="app.tests.test_ai_reasoning.TestClaimLinker" name="test_import" time="0.000" /><testcase classname="app.tests.test_ai_reasoning.TestClaimLinker" name="test_link_missing_claim" time="0.001" /><testcase classname="app.tests.test_ai_reasoning.TestClaimLinker" name="test_link_no_entities" time="0.002" /><testcase classname="app.tests.test_ai_reasoning.TestClaimLinker" name="test_link_exact_name_match" time="0.001" /><testcase classname="app.tests.test_ai_reasoning.TestClaimLinker" name="test_get_entity_claims_returns_list" time="0.001" /><testcase classname="app.tests.test_ai_reasoning.TestClaimLinker" name="test_bulk_link_empty" time="0.001" /><testcase classname="app.tests.test_ai_reasoning.TestClaimLinker" name="test_claim_link_frozen" time="0.000" /><testcase classname="app.tests.test_ai_reasoning.TestTemporalReasoner" name="test_import" time="0.000" /><testcase classname="app.tests.test_ai_reasoning.TestTemporalReasoner" name="test_build_sequence_empty" time="0.002" /><testcase classname="app.tests.test_ai_reasoning.TestTemporalReasoner" name="test_detect_gaps_no_gap" time="0.000" /><testcase classname="app.tests.test_ai_reasoning.TestTemporalReasoner" name="test_detect_gaps_finds_gap" time="0.000" /><testcase classname="app.tests.test_ai_reasoning.TestTemporalReasoner" name="test_is_chronologically_consistent_ordered" time="0.000" /><testcase classname="app.tests.test_ai_reasoning.TestTemporalReasoner" name="test_is_chronologically_consistent_unordered" time="0.000" /><testcase classname="app.tests.test_ai_reasoning.TestTemporalReasoner" name="test_temporal_gap_frozen" time="0.000" /><testcase classname="app.tests.test_ai_reasoning.TestConfidenceEngine" name="test_import" time="0.000" /><testcase classname="app.tests.test_ai_reasoning.TestConfidenceEngine" name="test_apply_corroboration_bonus_single_source" time="0.000" /><testcase classname="app.tests.test_ai_reasoning.TestConfidenceEngine" name="test_apply_corroboration_bonus_two_sources" time="0.000" /><testcase classname="app.tests.test_ai_reasoning.TestConfidenceEngine" name="test_apply_corroboration_caps_at_one" time="0.000" /><testcase classname="app.tests.test_ai_reasoning.TestConfidenceEngine" name="test_score_claim_missing" time="0.000" /><testcase classname="app.tests.test_ai_reasoning.TestConfidenceEngine" name="test_score_claim_no_snapshot" time="0.000" /><testcase classname="app.tests.test_ai_reasoning.TestConfidenceEngine" name="test_score_entity_no_claims" time="0.001" /><testcase classname="app.tests.test_ai_reasoning.TestConfidenceEngine" name="test_confidence_score_frozen" time="0.000" /><testcase classname="app.tests.test_ai_reasoning.TestConfidenceEngine" name="test_quality_weights_court_record" time="0.000" /><testcase classname="app.tests.test_ai_reasoning.TestConfidenceEngine" name="test_quality_weights_social_lower_than_news" time="0.000" /><testcase classname="app.tests.test_ai_reasoning.TestEntityResolution" name="test_import" time="0.000" /><testcase classname="app.tests.test_ai_reasoning.TestEntityResolution" name="test_find_candidates_missing_entity" time="0.000" /><testcase classname="app.tests.test_ai_reasoning.TestEntityResolution" name="test_find_candidates_no_peers" time="0.014" /><testcase classname="app.tests.test_ai_reasoning.TestEntityResolution" name="test_find_candidates_exact_name_merge" time="0.002" /><testcase classname="app.tests.test_ai_reasoning.TestEntityResolution" name="test_find_candidates_dissimilar_distinct" time="0.001" /><testcase classname="app.tests.test_ai_reasoning.TestEntityResolution" name="test_resolve_candidate_non_merge_noop" time="0.000" /><testcase classname="app.tests.test_ai_reasoning.TestEntityResolution" name="test_resolve_candidate_merge" time="0.001" /><testcase classname="app.tests.test_ai_reasoning.TestEntityResolution" name="test_candidate_frozen" time="0.000" /><testcase classname="app.tests.test_ai_reasoning.TestNarrativeDetection" name="test_import" time="0.000" /><testcase classname="app.tests.test_ai_reasoning.TestNarrativeDetection" name="test_detect_from_text_exoneration" time="0.000" /><testcase classname="app.tests.test_ai_reasoning.TestNarrativeDetection" name="test_detect_from_text_no_match" time="0.000" /><testcase classname="app.tests.test_ai_reasoning.TestNarrativeDetection" name="test_detect_from_text_repeat_offender" time="0.000" /><testcase classname="app.tests.test_ai_reasoning.TestNarrativeDetection" name="test_detect_narratives_empty_claims" time="0.008" /><testcase classname="app.tests.test_ai_reasoning.TestNarrativeDetection" name="test_detect_narratives_flight_risk" time="0.004" /><testcase classname="app.tests.test_ai_reasoning.TestNarrativeDetection" name="test_narrative_match_confidence_range" time="0.000" /><testcase classname="app.tests.test_ai_reasoning.TestNarrativeDetection" name="test_narrative_match_frozen" time="0.000" /><testcase classname="app.tests.test_ai_reasoning.TestSourceBiasAnalysis" name="test_import" time="0.000" /><testcase classname="app.tests.test_ai_reasoning.TestSourceBiasAnalysis" name="test_analyze_no_bias" time="0.000" /><testcase classname="app.tests.test_ai_reasoning.TestSourceBiasAnalysis" name="test_analyze_prosecutorial" time="0.000" /><testcase classname="app.tests.test_ai_reasoning.TestSourceBiasAnalysis" name="test_analyze_sensationalist" time="0.000" /><testcase classname="app.tests.test_ai_reasoning.TestSourceBiasAnalysis" name="test_analyze_defense_bias" time="0.000" /><testcase classname="app.tests.test_ai_reasoning.TestSourceBiasAnalysis" name="test_bias_report_confidence_range" time="0.000" /><testcase classname="app.tests.test_ai_reasoning.TestSourceBiasAnalysis" name="test_bias_report_frozen" time="0.000" /><testcase classname="app.tests.test_ai_reasoning.TestSourceBiasAnalysis" name="test_get_source_bias_profile_no_snapshots" time="0.001" /><testcase classname="app.tests.test_ai_reasoning.TestClaimGraphBuilder" name="test_import" time="0.000" /><testcase classname="app.tests.test_ai_reasoning.TestClaimGraphBuilder" name="test_build_graph_no_claims" time="0.001" /><testcase classname="app.tests.test_ai_reasoning.TestClaimGraphBuilder" name="test_build_graph_single_claim" time="0.001" /><testcase classname="app.tests.test_ai_reasoning.TestClaimGraphBuilder" name="test_find_supporting_empty_graph" time="0.000" /><testcase classname="app.tests.test_ai_reasoning.TestClaimGraphBuilder" name="test_find_conflicting_empty_graph" time="0.000" /><testcase classname="app.tests.test_ai_reasoning.TestClaimGraphBuilder" name="test_find_conflicting_pair" time="0.000" /><testcase classname="app.tests.test_ai_reasoning.TestClaimGraphBuilder" name="test_find_supporting_same_type" time="0.000" /><testcase classname="app.tests.test_ai_reasoning.TestClaimGraphBuilder" name="test_timeline_order_populated" time="0.001" /><testcase classname="app.tests.test_ai_reasoning.TestAIRuntime" name="test_import" time="0.005" /><testcase classname="app.tests.test_ai_reasoning.TestAIRuntime" name="test_instantiate" time="0.000" /><testcase classname="app.tests.test_ai_reasoning.TestAIRuntime" name="test_get_trust_tier_static" time="0.000" /><testcase classname="app.tests.test_ai_reasoning.TestAIRuntime" name="test_analyze_source_bias_static" time="0.000" /><testcase classname="app.tests.test_ai_reasoning.TestAIRuntime" name="test_detect_contradictions_delegates" time="0.001" /><testcase classname="app.tests.test_ai_reasoning.TestAIRuntime" name="test_detect_narratives_delegates" time="0.001" /><testcase classname="app.tests.test_ai_reasoning.TestAIRuntime" name="test_score_entity_delegates" time="0.002" /><testcase classname="app.tests.test_ai_reasoning.TestAIRuntime" name="test_build_temporal_sequence_delegates" time="0.001" /><testcase classname="app.tests.test_ai_reasoning.TestAIRuntime" name="test_resolve_entities_delegates" time="0.001" /><testcase classname="app.tests.test_ai_reasoning.TestAIRuntime" name="test_link_claim_delegates" time="0.000" /><testcase classname="app.tests.test_ai_review_requires_reviewer_or_source_admin" name="test_ai_process_source_rejects_viewer_and_shared_token" time="0.038" /><testcase classname="app.tests.test_ai_review_requires_reviewer_or_source_admin" name="test_ai_process_source_allows_reviewer_and_source_admin_jwt" time="0.017" /><testcase classname="app.tests.test_alembic_heads" name="test_single_alembic_head" time="0.407" /><testcase classname="app.tests.test_alembic_heads" name="test_latest_migration_is_current_head" time="0.511" /><testcase classname="app.tests.test_alembic_heads" name="test_alembic_history_parses" time="0.351" /><testcase classname="app.tests.test_alpha_readiness_proof_chain" name="test_alpha_readiness_requires_concrete_proof_artifacts" time="0.033" /><testcase classname="app.tests.test_alpha_readiness_proof_chain" name="test_alpha_readiness_fails_when_required_log_missing_on_disk" time="0.014" /><testcase classname="app.tests.test_alpha_readiness_proof_chain" name="test_alpha_readiness_fails_when_proof_freshness_log_missing" time="0.016" /><testcase classname="app.tests.test_alpha_readiness_public_platform_flag" name="test_alpha_readiness_reports_public_platform_disabled" time="0.012" /><testcase classname="app.tests.test_alpha_readiness_public_platform_flag" name="test_alpha_readiness_warns_when_public_platform_enabled" time="0.012" /><testcase classname="app.tests.test_alpha_readiness_source_counts" name="test_alpha_readiness_source_lifecycle_counts" time="0.011" /><testcase classname="app.tests.test_alpha_readiness_source_counts" name="test_alpha_readiness_graceful_when_source_registry_unavailable" time="0.010" /><testcase classname="app.tests.test_api" name="test_geojson_endpoint_returns_feature_collection" time="0.037" /><testcase classname="app.tests.test_api" name="test_geojson_endpoint_includes_map_properties_without_public_names" time="0.045" /><testcase classname="app.tests.test_api" name="test_outcome_unknown_fallback" time="0.045" /><testcase classname="app.tests.test_api" name="test_defendant_names_anonymized_by_default" time="0.021" /><testcase classname="app.tests.test_api" name="test_events_filters_match_map_filters" time="0.041" /><testcase classname="app.tests.test_api" name="test_post_event_requires_admin_auth_before_validation" time="0.013" /><testcase classname="app.tests.test_api" name="test_invalid_post_event_foreign_keys_return_422_with_admin_token" time="0.009" /><testcase classname="app.tests.test_api" name="test_repeat_offender_keyword_is_exposed_as_indicator" time="0.019" /><testcase classname="app.tests.test_api" name="test_unknown_court_event_appears_in_events_but_not_map" time="0.068" /><testcase classname="app.tests.test_api" name="test_placeholder_location_with_coordinates_never_maps" time="0.083" /><testcase classname="app.tests.test_api" name="test_zero_coordinate_courthouse_event_is_listed_but_not_mapped" time="0.043" /><testcase classname="app.tests.test_api" name="test_mappability_helper_rejects_missing_coordinates" time="0.001" /><testcase classname="app.tests.test_api" name="test_crime_incidents_endpoint_returns_safe_feature_collection" time="0.016" /><testcase classname="app.tests.test_api" name="test_crime_incidents_filters" time="0.074" /><testcase classname="app.tests.test_api" name="test_crime_incidents_exclude_non_public_and_unmappable_records" time="0.017" /><testcase classname="app.tests.test_api" name="test_pending_rejected_removed_events_are_hidden_from_public_endpoints" time="0.037" /><testcase classname="app.tests.test_api" name="test_corrected_event_remains_public_with_review_status" time="0.018" /><testcase classname="app.tests.test_api" name="test_pending_crime_incident_is_hidden_from_public_map" time="0.020" /><testcase classname="app.tests.test_api" name="test_source_panel_returns_safe_event_source_metadata" time="0.015" /><testcase classname="app.tests.test_api" name="test_source_panel_returns_safe_crime_incident_metadata" time="0.033" /><testcase classname="app.tests.test_api" name="test_public_endpoints_sanitize_case_source_summary_and_excerpt" time="0.104" /><testcase classname="app.tests.test_api" name="test_admin_review_routes_return_403_when_disabled" time="0.018" /><testcase classname="app.tests.test_api" name="test_admin_routes_require_token_when_enabled" time="0.232" /><testcase classname="app.tests.test_api" name="test_admin_routes_accept_valid_token_and_use_pagination" time="0.146" /><testcase classname="app.tests.test_api" name="test_admin_review_decision_updates_entity_and_audit" time="0.031" /><testcase classname="app.tests.test_api" name="test_ai_process_source_route_disabled_by_default" time="0.013" /><testcase classname="app.tests.test_api" name="test_persisted_docket_text_defendant_name_redacted_in_public_event" time="0.037" /><testcase classname="app.tests.test_api" name="test_seed_allows_post_seed_inserts_without_duplicate_key" time="0.009" /><testcase classname="app.tests.test_api" name="test_map_events_response_has_envelope_keys" time="0.015" /><testcase classname="app.tests.test_api" name="test_map_events_bbox_north_american_returns_results" time="0.019" /><testcase classname="app.tests.test_api" name="test_map_events_bbox_empty_region_returns_zero" time="0.011" /><testcase classname="app.tests.test_api" name="test_map_events_bbox_invalid_format_returns_422" time="0.050" /><testcase classname="app.tests.test_api" name="test_map_events_review_gate_pending_not_visible" time="0.031" /><testcase classname="app.tests.test_api" name="test_map_events_returned_count_matches_features_length" time="0.082" /><testcase classname="app.tests.test_api" name="test_disputed_event_hidden_from_map_and_events" time="0.076" /><testcase classname="app.tests.test_api" name="test_map_record_court_event_approved_returns_bundle" time="0.016" /><testcase classname="app.tests.test_api" name="test_map_record_court_event_pending_returns_404" time="0.037" /><testcase classname="app.tests.test_api" name="test_map_record_court_event_disputed_returns_404" time="0.045" /><testcase classname="app.tests.test_api" name="test_map_record_incident_approved_returns_bundle" time="0.032" /><testcase classname="app.tests.test_api" name="test_map_record_incident_pending_returns_404" time="0.022" /><testcase classname="app.tests.test_api" name="test_map_record_incident_disputed_returns_404" time="0.020" /><testcase classname="app.tests.test_api" name="test_map_record_source_links_include_supports_claim" time="0.019" /><testcase classname="app.tests.test_api" name="test_map_record_unverified_context_not_in_related" time="0.019" /><testcase classname="app.tests.test_api" name="test_map_record_unknown_record_type_returns_404" time="0.008" /><testcase classname="app.tests.test_api_contract_public_map" name="test_api_contract_map_events_shape" time="0.021" /><testcase classname="app.tests.test_api_contract_public_map" name="test_api_contract_map_crime_incidents_shape" time="0.010" /><testcase classname="app.tests.test_archive_export.TestSnapshotVerification" name="test_valid_snapshot_passes" time="0.001" /><testcase classname="app.tests.test_archive_export.TestSnapshotVerification" name="test_missing_content_hash_fails" time="0.000" /><testcase classname="app.tests.test_archive_export.TestSnapshotVerification" name="test_empty_content_hash_fails" time="0.001" /><testcase classname="app.tests.test_archive_export.TestSnapshotVerification" name="test_missing_source_key_fails" time="0.000" /><testcase classname="app.tests.test_archive_export.TestSnapshotVerification" name="test_missing_evidence_type_fails" time="0.000" /><testcase classname="app.tests.test_archive_export.TestSnapshotVerification" name="test_payload_not_dict_fails" time="0.000" /><testcase classname="app.tests.test_archive_export.TestSnapshotVerification" name="test_empty_file_fails" time="0.000" /><testcase classname="app.tests.test_archive_export.TestSnapshotVerification" name="test_file_not_found_fails" time="0.000" /><testcase classname="app.tests.test_archive_export.TestSnapshotVerification" name="test_multiple_valid_records" time="0.001" /><testcase classname="app.tests.test_archive_export.TestSnapshotVerification" name="test_mixed_valid_invalid" time="0.000" /><testcase classname="app.tests.test_archive_export.TestSnapshotVerification" name="test_canonical_archive_publication_status_values_are_valid" time="0.000" /><testcase classname="app.tests.test_archive_export.TestMemoryClaimVerification" name="test_valid_memory_claim_passes" time="0.001" /><testcase classname="app.tests.test_archive_export.TestMemoryClaimVerification" name="test_missing_claim_key_fails" time="0.001" /><testcase classname="app.tests.test_archive_export.TestMemoryClaimVerification" name="test_evidence_snapshot_ids_not_list_fails" time="0.001" /><testcase classname="app.tests.test_archive_export.TestMemoryClaimVerification" name="test_empty_evidence_snapshot_ids_is_valid" time="0.000" /><testcase classname="app.tests.test_archive_validation_paths" name="test_archive_validation_finds_direct_judge_main_root" time="0.004" /><testcase classname="app.tests.test_archive_validation_paths" name="test_archive_validation_finds_nested_judge_main_root" time="0.001" /><testcase classname="app.tests.test_archive_validation_paths" name="test_archive_validation_fails_when_no_judge_main_found" time="0.001" /><testcase classname="app.tests.test_archive_validation_paths" name="test_archive_validation_fails_when_multiple_judge_main_dirs_found" time="0.002" /><testcase classname="app.tests.test_archive_validation_paths" name="test_archive_validation_prints_resolved_judge_main_path" time="0.060" /><testcase classname="app.tests.test_audit_chain_concurrency" name="test_append_audit_entry_acquires_pg_advisory_lock_before_chain_read" time="0.001" /><testcase classname="app.tests.test_audit_chain_concurrency" name="test_concurrent_appends_produce_single_linear_chain" time="0.262" /><testcase classname="app.tests.test_audit_chain_detects_broken_previous_hash.TestBrokenPreviousHash" name="test_clean_chain_passes" time="0.001" /><testcase classname="app.tests.test_audit_chain_detects_broken_previous_hash.TestBrokenPreviousHash" name="test_broken_link_single_row_detected" time="0.002" /><testcase classname="app.tests.test_audit_chain_detects_broken_previous_hash.TestBrokenPreviousHash" name="test_broken_link_last_row_detected" time="0.001" /><testcase classname="app.tests.test_audit_chain_detects_broken_previous_hash.TestBrokenPreviousHash" name="test_first_row_wrong_genesis_detected" time="0.001" /><testcase classname="app.tests.test_audit_chain_detects_broken_previous_hash.TestBrokenPreviousHash" name="test_all_broken_links_reported" time="0.002" /><testcase classname="app.tests.test_audit_chain_detects_payload_hash_mismatch.TestPayloadHashMismatch" name="test_clean_chain_passes" time="0.001" /><testcase classname="app.tests.test_audit_chain_detects_payload_hash_mismatch.TestPayloadHashMismatch" name="test_mutated_payload_hash_detected" time="0.002" /><testcase classname="app.tests.test_audit_chain_detects_payload_hash_mismatch.TestPayloadHashMismatch" name="test_mutated_payload_content_detected" time="0.001" /><testcase classname="app.tests.test_audit_chain_detects_payload_hash_mismatch.TestPayloadHashMismatch" name="test_all_rows_payload_mismatch_detected" time="0.001" /><testcase classname="app.tests.test_audit_chain_detects_payload_hash_mismatch.TestPayloadHashMismatch" name="test_last_row_payload_mismatch_detected" time="0.001" /><testcase classname="app.tests.test_audit_chain_persisted_hash" name="test_log_mutation_persists_entry_and_previous_hash" time="0.255" /><testcase classname="app.tests.test_audit_chain_persisted_hash" name="test_second_log_mutation_links_previous_entry_hash" time="0.204" /><testcase classname="app.tests.test_audit_chain_tamper_detection.TestVerifyChainIntact" name="test_empty_chain_fails" time="0.001" /><testcase classname="app.tests.test_audit_chain_tamper_detection.TestVerifyChainIntact" name="test_valid_chain_passes" time="0.001" /><testcase classname="app.tests.test_audit_chain_tamper_detection.TestVerifyChainTampering" name="test_payload_mutation_detected" time="0.001" /><testcase classname="app.tests.test_audit_chain_tamper_detection.TestVerifyChainTampering" name="test_non_monotonic_id_detected" time="0.001" /><testcase classname="app.tests.test_audit_chain_tamper_detection.TestVerifyChainTampering" name="test_direct_hash_field_tampering_detected" time="0.001" /><testcase classname="app.tests.test_audit_chain_tamper_detection.TestVerifyChainTampering" name="test_missing_actor_id_detected" time="0.002" /><testcase classname="app.tests.test_audit_chain_tamper_detection.TestVerifyChainTampering" name="test_broken_previous_entry_hash_detected" time="0.001" /><testcase classname="app.tests.test_audit_chain_tamper_detection.TestVerifyChainTampering" name="test_missing_actor_role_chain_v2_detected" time="0.001" /><testcase classname="app.tests.test_audit_chain_tamper_detection.TestVerifyChainTampering" name="test_missing_actor_auth_method_chain_v2_detected" time="0.001" /><testcase classname="app.tests.test_audit_chain_tamper_detection.TestVerifyChainTampering" name="test_payload_hash_mismatch_detected" time="0.001" /><testcase classname="app.tests.test_audit_chain_tamper_detection.TestVerifyChainTampering" name="test_missing_action_detected" time="0.001" /><testcase classname="app.tests.test_auth_config_guards" name="test_require_admin_token_fails_closed_when_legacy_disabled" time="0.000" /><testcase classname="app.tests.test_auth_config_guards" name="test_require_admin_imports_fails_closed_when_legacy_disabled" time="0.000" /><testcase classname="app.tests.test_auth_config_guards" name="test_require_admin_token_allows_legacy_when_explicitly_enabled" time="0.000" /><testcase classname="app.tests.test_auth_config_guards" name="test_enforce_jwt_mutation_authority_rejects_shared_token_actor" time="0.000" /><testcase classname="app.tests.test_auth_config_guards" name="test_enforce_jwt_mutation_authority_allows_shared_token_when_disabled" time="0.000" /><testcase classname="app.tests.test_auth_session.TestSessionHelpers" name="test_hash_token_is_deterministic" time="0.000" /><testcase classname="app.tests.test_auth_session.TestSessionHelpers" name="test_hash_token_not_equal_to_raw" time="0.000" /><testcase classname="app.tests.test_auth_session.TestSessionHelpers" name="test_validate_session_raises_if_none" time="0.000" /><testcase classname="app.tests.test_auth_session.TestSessionHelpers" name="test_validate_session_raises_if_revoked" time="0.000" /><testcase classname="app.tests.test_auth_session.TestSessionHelpers" name="test_validate_session_raises_if_expired" time="0.002" /><testcase classname="app.tests.test_auth_session.TestSessionHelpers" name="test_validate_session_passes_for_valid_session" time="0.000" /><testcase classname="app.tests.test_auth_session.TestLoginCreatesSession" name="test_login_rejects_username_field_payload" time="0.653" /><testcase classname="app.tests.test_auth_session.TestLoginCreatesSession" name="test_login_creates_user_session" time="0.942" /><testcase classname="app.tests.test_auth_session.TestLoginCreatesSession" name="test_login_writes_audit_log" time="0.630" /><testcase classname="app.tests.test_auth_session.TestRefreshRotatesSession" name="test_refresh_returns_new_tokens" time="0.818" /><testcase classname="app.tests.test_auth_session.TestRefreshRotatesSession" name="test_refresh_revokes_old_session" time="0.607" /><testcase classname="app.tests.test_auth_session.TestRefreshRotatesSession" name="test_revoked_token_fails_refresh" time="0.735" /><testcase classname="app.tests.test_auth_session.TestRefreshRotatesSession" name="test_inactive_user_cannot_refresh" time="0.889" /><testcase classname="app.tests.test_auth_session.TestLogout" name="test_logout_revokes_session" time="0.720" /><testcase classname="app.tests.test_auth_session.TestLogout" name="test_logout_then_refresh_fails" time="0.740" /><testcase classname="app.tests.test_auth_session.TestLogout" name="test_logout_unknown_token_is_204" time="0.003" /><testcase classname="app.tests.test_auth_session.TestLogoutAll" name="test_logout_all_revokes_all_sessions" time="0.946" /><testcase classname="app.tests.test_auth_session.TestLogoutAll" name="test_logout_all_then_any_refresh_fails" time="0.819" /><testcase classname="app.tests.test_auth_session.TestLogoutAll" name="test_logout_all_requires_access_token" time="0.002" /><testcase classname="app.tests.test_auth_sessions.TestCreateAndDecodeToken" name="test_access_token_type_claim" time="0.000" /><testcase classname="app.tests.test_auth_sessions.TestCreateAndDecodeToken" name="test_access_token_email_preserved" time="0.000" /><testcase classname="app.tests.test_auth_sessions.TestCreateAndDecodeToken" name="test_access_token_role_preserved" time="0.000" /><testcase classname="app.tests.test_auth_sessions.TestCreateAndDecodeToken" name="test_refresh_token_type_claim" time="0.000" /><testcase classname="app.tests.test_auth_sessions.TestCreateAndDecodeToken" name="test_two_access_tokens_are_distinct" time="0.000" /><testcase classname="app.tests.test_auth_sessions.TestDecodeTokenErrors" name="test_tampered_token_raises_value_error" time="0.000" /><testcase classname="app.tests.test_auth_sessions.TestDecodeTokenErrors" name="test_expired_token_raises_value_error" time="0.000" /><testcase classname="app.tests.test_auth_sessions.TestDecodeTokenErrors" name="test_token_missing_role_raises_value_error" time="0.000" /><testcase classname="app.tests.test_auth_sessions.TestDecodeTokenErrors" name="test_token_missing_sub_raises_value_error" time="0.000" /><testcase classname="app.tests.test_auth_sessions.TestDecodeTokenErrors" name="test_token_missing_type_raises_value_error" time="0.000" /><testcase classname="app.tests.test_auth_sessions.TestDecodeTokenErrors" name="test_junk_string_raises_value_error" time="0.000" /><testcase classname="app.tests.test_auth_sessions.TestPasswordUtilities" name="test_verify_password_correct_plain_text" time="0.568" /><testcase classname="app.tests.test_auth_sessions.TestPasswordUtilities" name="test_verify_password_wrong_plain_text" time="0.931" /><testcase classname="app.tests.test_auth_sessions.TestPasswordUtilities" name="test_hash_password_is_non_deterministic" time="0.812" /><testcase classname="app.tests.test_auth_sessions.TestPasswordUtilities" name="test_both_hashes_cross_verify_correctly" time="1.998" /><testcase classname="app.tests.test_auth_sessions.TestNormalizeAdminRole" name="test_valid_roles_pass_through_unchanged[viewer]" time="0.000" /><testcase classname="app.tests.test_auth_sessions.TestNormalizeAdminRole" name="test_valid_roles_pass_through_unchanged[reviewer]" time="0.000" /><testcase classname="app.tests.test_auth_sessions.TestNormalizeAdminRole" name="test_valid_roles_pass_through_unchanged[source_admin]" time="0.000" /><testcase classname="app.tests.test_auth_sessions.TestNormalizeAdminRole" name="test_valid_roles_pass_through_unchanged[admin]" time="0.000" /><testcase classname="app.tests.test_auth_sessions.TestNormalizeAdminRole" name="test_valid_roles_pass_through_unchanged[owner]" time="0.000" /><testcase classname="app.tests.test_auth_sessions.TestNormalizeAdminRole" name="test_unknown_role_raises_value_error" time="0.000" /><testcase classname="app.tests.test_auth_sessions.TestNormalizeAdminRole" name="test_another_unknown_role_raises_value_error" time="0.000" /><testcase classname="app.tests.test_auth_sessions.TestAdminActorFrozen" name="test_admin_actor_is_frozen" time="0.000" /><testcase classname="app.tests.test_auth_sessions.TestAdminActorFrozen" name="test_admin_actor_fields_accessible" time="0.001" /></testsuite></testsuites>